#
# There is insufficient memory for the Java Runtime Environment to continue.
# Native memory allocation (malloc) failed to allocate 1708096 bytes for Chunk::new
# Possible reasons:
#   The system is out of physical RAM or swap space
#   The process is running with CompressedOops enabled, and the Java Heap may be blocking the growth of the native heap
# Possible solutions:
#   Reduce memory load on the system
#   Increase physical memory or swap space
#   Check if swap backing store is full
#   Decrease Java heap size (-Xmx/-Xms)
#   Decrease number of Java threads
#   Decrease Java thread stack sizes (-Xss)
#   Set larger code cache with -XX:ReservedCodeCacheSize=
#   JVM is running with Unscaled Compressed Oops mode in which the Java heap is
#     placed in the first 4GB address space. The Java Heap base address is the
#     maximum limit for the native heap growth. Please use -XX:HeapBaseMinAddress
#     to set the Java Heap base and to place the Java Heap above 4GB virtual address.
# This output file may be truncated or incomplete.
#
#  Out of Memory Error (arena.cpp:189), pid=6128, tid=10732
#
# JRE version: OpenJDK Runtime Environment (17.0.7) (build 17.0.7+0-b2043.56-10550314)
# Java VM: OpenJDK 64-Bit Server VM (17.0.7+0-b2043.56-10550314, mixed mode, tiered, compressed oops, compressed class ptrs, g1 gc, windows-amd64)
# No core dump will be written. Minidumps are not enabled by default on client versions of Windows
#

---------------  S U M M A R Y ------------

Command Line: org.jetbrains.kotlin.cli.jvm.K2JVMCompiler @C:\Users\ali\Panda\node_modules\@react-native\gradle-plugin\build\20240304_8542444563661704822.compiler.options

Host: Intel(R) Core(TM) i5-8300H CPU @ 2.30GHz, 8 cores, 7G,  Windows 10 , 64 bit Build 19041 (10.0.19041.3636)
Time: Mon Mar  4 02:56:50 2024 Jerusalem Standard Time elapsed time: 6.145400 seconds (0d 0h 0m 6s)

---------------  T H R E A D  ---------------

Current thread (0x000001ec66b76170):  JavaThread "C2 CompilerThread2" daemon [_thread_in_native, id=10732, stack(0x0000008357000000,0x0000008357100000)]


Current CompileTask:
C2:   6145 8975       4       org.jetbrains.kotlin.types.TypeSubstitutor::substituteCompoundType (146 bytes)

Stack: [0x0000008357000000,0x0000008357100000]
Native frames: (J=compiled Java code, j=interpreted, Vv=VM code, C=native code)
V  [jvm.dll+0x683bfa]
V  [jvm.dll+0x8430a4]
V  [jvm.dll+0x8449be]
V  [jvm.dll+0x845023]
V  [jvm.dll+0x24ad2f]
V  [jvm.dll+0xac25c]
V  [jvm.dll+0xac82c]
V  [jvm.dll+0x36a187]
V  [jvm.dll+0x334821]
V  [jvm.dll+0x333cca]
V  [jvm.dll+0x21d251]
V  [jvm.dll+0x21c671]
V  [jvm.dll+0x1a605d]
V  [jvm.dll+0x22c148]
V  [jvm.dll+0x22a209]
V  [jvm.dll+0x7f858c]
V  [jvm.dll+0x7f2aea]
V  [jvm.dll+0x682a35]
C  [ucrtbase.dll+0x21bb2]
C  [KERNEL32.DLL+0x17344]
C  [ntdll.dll+0x526b1]


---------------  P R O C E S S  ---------------

Threads class SMR info:
_java_thread_list=0x000001ec66c9bc30, length=14, elements={
0x000001ec479a29b0, 0x000001ec61731400, 0x000001ec61731e80, 0x000001ec618e1180,
0x000001ec618e1850, 0x000001ec618e3f20, 0x000001ec618e44e0, 0x000001ec618e8de0,
0x000001ec618f0a40, 0x000001ec618f3050, 0x000001ec6174ea30, 0x000001ec61a5f180,
0x000001ec61aad590, 0x000001ec66b76170
}

Java Threads: ( => current thread )
  0x000001ec479a29b0 JavaThread "main" [_thread_in_Java, id=11792, stack(0x0000008355400000,0x0000008355500000)]
  0x000001ec61731400 JavaThread "Reference Handler" daemon [_thread_blocked, id=12024, stack(0x0000008355b00000,0x0000008355c00000)]
  0x000001ec61731e80 JavaThread "Finalizer" daemon [_thread_blocked, id=6664, stack(0x0000008355c00000,0x0000008355d00000)]
  0x000001ec618e1180 JavaThread "Signal Dispatcher" daemon [_thread_blocked, id=8720, stack(0x0000008355d00000,0x0000008355e00000)]
  0x000001ec618e1850 JavaThread "Attach Listener" daemon [_thread_blocked, id=1116, stack(0x0000008355e00000,0x0000008355f00000)]
  0x000001ec618e3f20 JavaThread "Service Thread" daemon [_thread_blocked, id=7172, stack(0x0000008355f00000,0x0000008356000000)]
  0x000001ec618e44e0 JavaThread "Monitor Deflation Thread" daemon [_thread_blocked, id=13072, stack(0x0000008356000000,0x0000008356100000)]
  0x000001ec618e8de0 JavaThread "C2 CompilerThread0" daemon [_thread_in_native, id=7680, stack(0x0000008356100000,0x0000008356200000)]
  0x000001ec618f0a40 JavaThread "C1 CompilerThread0" daemon [_thread_in_native, id=11972, stack(0x0000008356200000,0x0000008356300000)]
  0x000001ec618f3050 JavaThread "Sweeper thread" daemon [_thread_blocked, id=8380, stack(0x0000008356300000,0x0000008356400000)]
  0x000001ec6174ea30 JavaThread "Notification Thread" daemon [_thread_blocked, id=2208, stack(0x0000008356400000,0x0000008356500000)]
  0x000001ec61a5f180 JavaThread "Common-Cleaner" daemon [_thread_blocked, id=7424, stack(0x0000008356600000,0x0000008356700000)]
  0x000001ec61aad590 JavaThread "C2 CompilerThread1" daemon [_thread_in_native, id=12116, stack(0x0000008356700000,0x0000008356800000)]
=>0x000001ec66b76170 JavaThread "C2 CompilerThread2" daemon [_thread_in_native, id=10732, stack(0x0000008357000000,0x0000008357100000)]

Other Threads:
  0x000001ec61745c70 VMThread "VM Thread" [stack: 0x0000008355a00000,0x0000008355b00000] [id=4212]
  0x000001ec47a56fc0 WatcherThread [stack: 0x0000008356500000,0x0000008356600000] [id=8244]
  0x000001ec479fba80 GCTaskThread "GC Thread#0" [stack: 0x0000008355500000,0x0000008355600000] [id=4260]
  0x000001ec663d7460 GCTaskThread "GC Thread#1" [stack: 0x0000008356800000,0x0000008356900000] [id=8484]
  0x000001ec663fb880 GCTaskThread "GC Thread#2" [stack: 0x0000008356900000,0x0000008356a00000] [id=12008]
  0x000001ec664179d0 GCTaskThread "GC Thread#3" [stack: 0x0000008356a00000,0x0000008356b00000] [id=11680]
  0x000001ec664190a0 GCTaskThread "GC Thread#4" [stack: 0x0000008356b00000,0x0000008356c00000] [id=7512]
  0x000001ec66c29cc0 GCTaskThread "GC Thread#5" [stack: 0x0000008356c00000,0x0000008356d00000] [id=8116]
  0x000001ec66bcf030 GCTaskThread "GC Thread#6" [stack: 0x0000008356d00000,0x0000008356e00000] [id=3708]
  0x000001ec66aa0850 GCTaskThread "GC Thread#7" [stack: 0x0000008356e00000,0x0000008356f00000] [id=1456]
  0x000001ec47a0da50 ConcurrentGCThread "G1 Main Marker" [stack: 0x0000008355600000,0x0000008355700000] [id=7616]
  0x000001ec47a0e460 ConcurrentGCThread "G1 Conc#0" [stack: 0x0000008355700000,0x0000008355800000] [id=12612]
  0x000001ec66aa05a0 ConcurrentGCThread "G1 Conc#1" [stack: 0x0000008356f00000,0x0000008357000000] [id=7252]
  0x000001ec47a6d0e0 ConcurrentGCThread "G1 Refine#0" [stack: 0x0000008355800000,0x0000008355900000] [id=12104]
  0x000001ec67246330 ConcurrentGCThread "G1 Refine#1" [stack: 0x0000008357100000,0x0000008357200000] [id=7644]
  0x000001ec67161d10 ConcurrentGCThread "G1 Refine#2" [stack: 0x0000008357200000,0x0000008357300000] [id=6728]
  0x000001ec68026820 ConcurrentGCThread "G1 Refine#3" [stack: 0x0000008357300000,0x0000008357400000] [id=4424]
  0x000001ec68922c20 ConcurrentGCThread "G1 Refine#4" [stack: 0x0000008357400000,0x0000008357500000] [id=5924]
  0x000001ec6c7a80a0 ConcurrentGCThread "G1 Refine#5" [stack: 0x0000008357500000,0x0000008357600000] [id=4808]
  0x000001ec6c7a7240 ConcurrentGCThread "G1 Refine#6" [stack: 0x0000008357600000,0x0000008357700000] [id=1900]
  0x000001ec6c7a7dc0 ConcurrentGCThread "G1 Refine#7" [stack: 0x0000008357700000,0x0000008357800000] [id=9396]
  0x000001ec615a0890 ConcurrentGCThread "G1 Service" [stack: 0x0000008355900000,0x0000008355a00000] [id=5336]

Threads with active compile tasks:
C2 CompilerThread0     6176 8951       4       org.jetbrains.kotlin.types.KotlinType::equals (56 bytes)
C1 CompilerThread0     6176 9129       3       org.jetbrains.kotlin.contracts.EffectsExtractingVisitor::<init> (66 bytes)
C2 CompilerThread1     6176 8605       4       org.jetbrains.kotlin.types.TypeSubstitutor::substitute (49 bytes)
C2 CompilerThread2     6176 8975       4       org.jetbrains.kotlin.types.TypeSubstitutor::substituteCompoundType (146 bytes)

VM state: not at safepoint (normal execution)

VM Mutex/Monitor currently owned by a thread: None

Heap address: 0x0000000081c00000, size: 2020 MB, Compressed Oops mode: 32-bit

CDS archive(s) not mapped
Compressed class space mapped at: 0x0000000100000000-0x0000000140000000, reserved size: 1073741824
Narrow klass base: 0x0000000000000000, Narrow klass shift: 3, Narrow klass range: 0x140000000

GC Precious Log:
 CPUs: 8 total, 8 available
 Memory: 8073M
 Large Page Support: Disabled
 NUMA Support: Disabled
 Compressed Oops: Enabled (32-bit)
 Heap Region Size: 1M
 Heap Min Capacity: 8M
 Heap Initial Capacity: 128M
 Heap Max Capacity: 2020M
 Pre-touch: Disabled
 Parallel Workers: 8
 Concurrent Workers: 2
 Concurrent Refinement Workers: 8
 Periodic GC: Disabled

Heap:
 garbage-first heap   total 144384K, used 81494K [0x0000000081c00000, 0x0000000100000000)
  region size 1024K, 12 young (12288K), 4 survivors (4096K)
 Metaspace       used 64499K, committed 64768K, reserved 1114112K
  class space    used 7464K, committed 7616K, reserved 1048576K

Heap Regions: E=young(eden), S=young(survivor), O=old, HS=humongous(starts), HC=humongous(continues), CS=collection set, F=free, OA=open archive, CA=closed archive, TAMS=top-at-mark-start (previous, next)
|   0|0x0000000081c00000, 0x0000000081d00000, 0x0000000081d00000|100%|HS|  |TAMS 0x0000000081d00000, 0x0000000081c00000| Complete 
|   1|0x0000000081d00000, 0x0000000081e00000, 0x0000000081e00000|100%|HC|  |TAMS 0x0000000081e00000, 0x0000000081d00000| Complete 
|   2|0x0000000081e00000, 0x0000000081f00000, 0x0000000081f00000|100%|HC|  |TAMS 0x0000000081f00000, 0x0000000081e00000| Complete 
|   3|0x0000000081f00000, 0x0000000082000000, 0x0000000082000000|100%|HC|  |TAMS 0x0000000082000000, 0x0000000081f00000| Complete 
|   4|0x0000000082000000, 0x0000000082100000, 0x0000000082100000|100%| O|  |TAMS 0x0000000082100000, 0x0000000082000000| Untracked 
|   5|0x0000000082100000, 0x0000000082200000, 0x0000000082200000|100%| O|  |TAMS 0x0000000082200000, 0x0000000082100000| Untracked 
|   6|0x0000000082200000, 0x0000000082300000, 0x0000000082300000|100%|HS|  |TAMS 0x0000000082300000, 0x0000000082200000| Complete 
|   7|0x0000000082300000, 0x0000000082400000, 0x0000000082400000|100%|HS|  |TAMS 0x0000000082400000, 0x0000000082300000| Complete 
|   8|0x0000000082400000, 0x0000000082500000, 0x0000000082500000|100%|HC|  |TAMS 0x0000000082500000, 0x0000000082400000| Complete 
|   9|0x0000000082500000, 0x0000000082600000, 0x0000000082600000|100%|HC|  |TAMS 0x0000000082600000, 0x0000000082500000| Complete 
|  10|0x0000000082600000, 0x0000000082700000, 0x0000000082700000|100%|HC|  |TAMS 0x0000000082700000, 0x0000000082600000| Complete 
|  11|0x0000000082700000, 0x0000000082800000, 0x0000000082800000|100%|HS|  |TAMS 0x0000000082800000, 0x0000000082700000| Complete 
|  12|0x0000000082800000, 0x0000000082900000, 0x0000000082900000|100%|HC|  |TAMS 0x0000000082900000, 0x0000000082800000| Complete 
|  13|0x0000000082900000, 0x0000000082a00000, 0x0000000082a00000|100%|HS|  |TAMS 0x0000000082a00000, 0x0000000082900000| Complete 
|  14|0x0000000082a00000, 0x0000000082b00000, 0x0000000082b00000|100%| O|  |TAMS 0x0000000082b00000, 0x0000000082a00000| Untracked 
|  15|0x0000000082b00000, 0x0000000082c00000, 0x0000000082c00000|100%| O|  |TAMS 0x0000000082c00000, 0x0000000082b00000| Untracked 
|  16|0x0000000082c00000, 0x0000000082d00000, 0x0000000082d00000|100%| O|  |TAMS 0x0000000082d00000, 0x0000000082c00000| Untracked 
|  17|0x0000000082d00000, 0x0000000082e00000, 0x0000000082e00000|100%| O|  |TAMS 0x0000000082e00000, 0x0000000082d00000| Untracked 
|  18|0x0000000082e00000, 0x0000000082f00000, 0x0000000082f00000|100%| O|  |TAMS 0x0000000082f00000, 0x0000000082e00000| Untracked 
|  19|0x0000000082f00000, 0x0000000083000000, 0x0000000083000000|100%| O|  |TAMS 0x0000000083000000, 0x0000000082f00000| Untracked 
|  20|0x0000000083000000, 0x0000000083100000, 0x0000000083100000|100%| O|  |TAMS 0x0000000083100000, 0x0000000083000000| Untracked 
|  21|0x0000000083100000, 0x0000000083200000, 0x0000000083200000|100%| O|  |TAMS 0x0000000083200000, 0x0000000083100000| Untracked 
|  22|0x0000000083200000, 0x0000000083300000, 0x0000000083300000|100%| O|  |TAMS 0x0000000083300000, 0x0000000083200000| Untracked 
|  23|0x0000000083300000, 0x0000000083400000, 0x0000000083400000|100%| O|  |TAMS 0x0000000083400000, 0x0000000083300000| Untracked 
|  24|0x0000000083400000, 0x0000000083500000, 0x0000000083500000|100%| O|  |TAMS 0x0000000083500000, 0x0000000083400000| Untracked 
|  25|0x0000000083500000, 0x0000000083600000, 0x0000000083600000|100%| O|  |TAMS 0x0000000083600000, 0x0000000083500000| Untracked 
|  26|0x0000000083600000, 0x0000000083700000, 0x0000000083700000|100%| O|  |TAMS 0x0000000083700000, 0x0000000083600000| Untracked 
|  27|0x0000000083700000, 0x0000000083800000, 0x0000000083800000|100%| O|  |TAMS 0x0000000083800000, 0x0000000083700000| Untracked 
|  28|0x0000000083800000, 0x0000000083900000, 0x0000000083900000|100%| O|  |TAMS 0x0000000083900000, 0x0000000083800000| Untracked 
|  29|0x0000000083900000, 0x0000000083a00000, 0x0000000083a00000|100%| O|  |TAMS 0x0000000083a00000, 0x0000000083900000| Untracked 
|  30|0x0000000083a00000, 0x0000000083b00000, 0x0000000083b00000|100%| O|  |TAMS 0x0000000083b00000, 0x0000000083a00000| Complete 
|  31|0x0000000083b00000, 0x0000000083c00000, 0x0000000083c00000|100%| O|  |TAMS 0x0000000083c00000, 0x0000000083b00000| Untracked 
|  32|0x0000000083c00000, 0x0000000083d00000, 0x0000000083d00000|100%| O|  |TAMS 0x0000000083d00000, 0x0000000083c00000| Untracked 
|  33|0x0000000083d00000, 0x0000000083e00000, 0x0000000083e00000|100%| O|  |TAMS 0x0000000083e00000, 0x0000000083d00000| Untracked 
|  34|0x0000000083e00000, 0x0000000083f00000, 0x0000000083f00000|100%| O|  |TAMS 0x0000000083f00000, 0x0000000083e00000| Untracked 
|  35|0x0000000083f00000, 0x0000000084000000, 0x0000000084000000|100%|HS|  |TAMS 0x0000000084000000, 0x0000000083f00000| Complete 
|  36|0x0000000084000000, 0x0000000084100000, 0x0000000084100000|100%|HC|  |TAMS 0x0000000084100000, 0x0000000084000000| Complete 
|  37|0x0000000084100000, 0x0000000084200000, 0x0000000084200000|100%|HC|  |TAMS 0x0000000084200000, 0x0000000084100000| Complete 
|  38|0x0000000084200000, 0x0000000084300000, 0x0000000084300000|100%|HC|  |TAMS 0x0000000084300000, 0x0000000084200000| Complete 
|  39|0x0000000084300000, 0x0000000084400000, 0x0000000084400000|100%|HC|  |TAMS 0x0000000084400000, 0x0000000084300000| Complete 
|  40|0x0000000084400000, 0x0000000084500000, 0x0000000084500000|100%|HC|  |TAMS 0x0000000084500000, 0x0000000084400000| Complete 
|  41|0x0000000084500000, 0x0000000084600000, 0x0000000084600000|100%|HS|  |TAMS 0x0000000084600000, 0x0000000084500000| Complete 
|  42|0x0000000084600000, 0x0000000084700000, 0x0000000084700000|100%| O|  |TAMS 0x0000000084700000, 0x0000000084600000| Untracked 
|  43|0x0000000084700000, 0x0000000084800000, 0x0000000084800000|100%| O|  |TAMS 0x0000000084800000, 0x0000000084700000| Untracked 
|  44|0x0000000084800000, 0x0000000084900000, 0x0000000084900000|100%| O|  |TAMS 0x0000000084900000, 0x0000000084800000| Untracked 
|  45|0x0000000084900000, 0x0000000084a00000, 0x0000000084a00000|100%| O|  |TAMS 0x0000000084a00000, 0x0000000084900000| Untracked 
|  46|0x0000000084a00000, 0x0000000084b00000, 0x0000000084b00000|100%| O|  |TAMS 0x0000000084b00000, 0x0000000084a00000| Untracked 
|  47|0x0000000084b00000, 0x0000000084c00000, 0x0000000084c00000|100%| O|  |TAMS 0x0000000084c00000, 0x0000000084b00000| Untracked 
|  48|0x0000000084c00000, 0x0000000084d00000, 0x0000000084d00000|100%| O|  |TAMS 0x0000000084d00000, 0x0000000084c00000| Untracked 
|  49|0x0000000084d00000, 0x0000000084e00000, 0x0000000084e00000|100%| O|  |TAMS 0x0000000084e00000, 0x0000000084d00000| Untracked 
|  50|0x0000000084e00000, 0x0000000084f00000, 0x0000000084f00000|100%| O|  |TAMS 0x0000000084f00000, 0x0000000084e00000| Untracked 
|  51|0x0000000084f00000, 0x0000000085000000, 0x0000000085000000|100%| O|  |TAMS 0x0000000085000000, 0x0000000084f00000| Untracked 
|  52|0x0000000085000000, 0x0000000085100000, 0x0000000085100000|100%| O|  |TAMS 0x0000000085100000, 0x0000000085000000| Untracked 
|  53|0x0000000085100000, 0x0000000085200000, 0x0000000085200000|100%| O|  |TAMS 0x0000000085200000, 0x0000000085100000| Untracked 
|  54|0x0000000085200000, 0x0000000085300000, 0x0000000085300000|100%|HS|  |TAMS 0x0000000085200000, 0x0000000085200000| Complete 
|  55|0x0000000085300000, 0x0000000085400000, 0x0000000085400000|100%| O|  |TAMS 0x0000000085400000, 0x0000000085300000| Untracked 
|  56|0x0000000085400000, 0x0000000085500000, 0x0000000085500000|100%| O|  |TAMS 0x0000000085500000, 0x0000000085400000| Untracked 
|  57|0x0000000085500000, 0x0000000085600000, 0x0000000085600000|100%| O|  |TAMS 0x0000000085600000, 0x0000000085500000| Untracked 
|  58|0x0000000085600000, 0x0000000085700000, 0x0000000085700000|100%| O|  |TAMS 0x0000000085700000, 0x0000000085600000| Untracked 
|  59|0x0000000085700000, 0x0000000085800000, 0x0000000085800000|100%| O|  |TAMS 0x0000000085800000, 0x0000000085700000| Untracked 
|  60|0x0000000085800000, 0x0000000085900000, 0x0000000085900000|100%| O|  |TAMS 0x0000000085900000, 0x0000000085800000| Untracked 
|  61|0x0000000085900000, 0x0000000085a00000, 0x0000000085a00000|100%| O|  |TAMS 0x0000000085a00000, 0x0000000085900000| Untracked 
|  62|0x0000000085a00000, 0x0000000085b00000, 0x0000000085b00000|100%| O|  |TAMS 0x0000000085b00000, 0x0000000085a00000| Untracked 
|  63|0x0000000085b00000, 0x0000000085c00000, 0x0000000085c00000|100%| O|  |TAMS 0x0000000085c00000, 0x0000000085b00000| Untracked 
|  64|0x0000000085c00000, 0x0000000085d00000, 0x0000000085d00000|100%| O|  |TAMS 0x0000000085d00000, 0x0000000085c00000| Untracked 
|  65|0x0000000085d00000, 0x0000000085e00000, 0x0000000085e00000|100%| O|  |TAMS 0x0000000085e00000, 0x0000000085d00000| Untracked 
|  66|0x0000000085e00000, 0x0000000085f00000, 0x0000000085f00000|100%| O|  |TAMS 0x0000000085f00000, 0x0000000085e00000| Untracked 
|  67|0x0000000085f00000, 0x0000000086000000, 0x0000000086000000|100%| O|  |TAMS 0x0000000086000000, 0x0000000085f00000| Untracked 
|  68|0x0000000086000000, 0x00000000860db600, 0x0000000086100000| 85%| O|  |TAMS 0x00000000860db600, 0x0000000086000000| Untracked 
|  69|0x0000000086100000, 0x0000000086100000, 0x0000000086200000|  0%| F|  |TAMS 0x0000000086100000, 0x0000000086100000| Untracked 
|  70|0x0000000086200000, 0x0000000086200000, 0x0000000086300000|  0%| F|  |TAMS 0x0000000086200000, 0x0000000086200000| Untracked 
|  71|0x0000000086300000, 0x0000000086300000, 0x0000000086400000|  0%| F|  |TAMS 0x0000000086300000, 0x0000000086300000| Untracked 
|  72|0x0000000086400000, 0x0000000086400000, 0x0000000086500000|  0%| F|  |TAMS 0x0000000086400000, 0x0000000086400000| Untracked 
|  73|0x0000000086500000, 0x0000000086500000, 0x0000000086600000|  0%| F|  |TAMS 0x0000000086500000, 0x0000000086500000| Untracked 
|  74|0x0000000086600000, 0x0000000086600000, 0x0000000086700000|  0%| F|  |TAMS 0x0000000086600000, 0x0000000086600000| Untracked 
|  75|0x0000000086700000, 0x0000000086700000, 0x0000000086800000|  0%| F|  |TAMS 0x0000000086700000, 0x0000000086700000| Untracked 
|  76|0x0000000086800000, 0x0000000086800000, 0x0000000086900000|  0%| F|  |TAMS 0x0000000086800000, 0x0000000086800000| Untracked 
|  77|0x0000000086900000, 0x0000000086900000, 0x0000000086a00000|  0%| F|  |TAMS 0x0000000086900000, 0x0000000086900000| Untracked 
|  78|0x0000000086a00000, 0x0000000086a00000, 0x0000000086b00000|  0%| F|  |TAMS 0x0000000086a00000, 0x0000000086a00000| Untracked 
|  79|0x0000000086b00000, 0x0000000086b00000, 0x0000000086c00000|  0%| F|  |TAMS 0x0000000086b00000, 0x0000000086b00000| Untracked 
|  80|0x0000000086c00000, 0x0000000086c00000, 0x0000000086d00000|  0%| F|  |TAMS 0x0000000086c00000, 0x0000000086c00000| Untracked 
|  81|0x0000000086d00000, 0x0000000086d00000, 0x0000000086e00000|  0%| F|  |TAMS 0x0000000086d00000, 0x0000000086d00000| Untracked 
|  82|0x0000000086e00000, 0x0000000086e00000, 0x0000000086f00000|  0%| F|  |TAMS 0x0000000086e00000, 0x0000000086e00000| Untracked 
|  83|0x0000000086f00000, 0x0000000086f00000, 0x0000000087000000|  0%| F|  |TAMS 0x0000000086f00000, 0x0000000086f00000| Untracked 
|  84|0x0000000087000000, 0x0000000087000000, 0x0000000087100000|  0%| F|  |TAMS 0x0000000087000000, 0x0000000087000000| Untracked 
|  85|0x0000000087100000, 0x0000000087100000, 0x0000000087200000|  0%| F|  |TAMS 0x0000000087100000, 0x0000000087100000| Untracked 
|  86|0x0000000087200000, 0x0000000087200000, 0x0000000087300000|  0%| F|  |TAMS 0x0000000087200000, 0x0000000087200000| Untracked 
|  87|0x0000000087300000, 0x0000000087300000, 0x0000000087400000|  0%| F|  |TAMS 0x0000000087300000, 0x0000000087300000| Untracked 
|  88|0x0000000087400000, 0x0000000087400000, 0x0000000087500000|  0%| F|  |TAMS 0x0000000087400000, 0x0000000087400000| Untracked 
|  89|0x0000000087500000, 0x0000000087500000, 0x0000000087600000|  0%| F|  |TAMS 0x0000000087500000, 0x0000000087500000| Untracked 
|  90|0x0000000087600000, 0x0000000087600000, 0x0000000087700000|  0%| F|  |TAMS 0x0000000087600000, 0x0000000087600000| Untracked 
|  91|0x0000000087700000, 0x0000000087700000, 0x0000000087800000|  0%| F|  |TAMS 0x0000000087700000, 0x0000000087700000| Untracked 
|  92|0x0000000087800000, 0x0000000087800000, 0x0000000087900000|  0%| F|  |TAMS 0x0000000087800000, 0x0000000087800000| Untracked 
|  93|0x0000000087900000, 0x0000000087900000, 0x0000000087a00000|  0%| F|  |TAMS 0x0000000087900000, 0x0000000087900000| Untracked 
|  94|0x0000000087a00000, 0x0000000087a00000, 0x0000000087b00000|  0%| F|  |TAMS 0x0000000087a00000, 0x0000000087a00000| Untracked 
|  95|0x0000000087b00000, 0x0000000087b00000, 0x0000000087c00000|  0%| F|  |TAMS 0x0000000087b00000, 0x0000000087b00000| Untracked 
|  96|0x0000000087c00000, 0x0000000087c00000, 0x0000000087d00000|  0%| F|  |TAMS 0x0000000087c00000, 0x0000000087c00000| Untracked 
|  97|0x0000000087d00000, 0x0000000087d00000, 0x0000000087e00000|  0%| F|  |TAMS 0x0000000087d00000, 0x0000000087d00000| Untracked 
|  98|0x0000000087e00000, 0x0000000087e00000, 0x0000000087f00000|  0%| F|  |TAMS 0x0000000087e00000, 0x0000000087e00000| Untracked 
|  99|0x0000000087f00000, 0x0000000087f00000, 0x0000000088000000|  0%| F|  |TAMS 0x0000000087f00000, 0x0000000087f00000| Untracked 
| 100|0x0000000088000000, 0x0000000088000000, 0x0000000088100000|  0%| F|  |TAMS 0x0000000088000000, 0x0000000088000000| Untracked 
| 101|0x0000000088100000, 0x0000000088100000, 0x0000000088200000|  0%| F|  |TAMS 0x0000000088100000, 0x0000000088100000| Untracked 
| 102|0x0000000088200000, 0x0000000088200000, 0x0000000088300000|  0%| F|  |TAMS 0x0000000088200000, 0x0000000088200000| Untracked 
| 103|0x0000000088300000, 0x00000000883ba480, 0x0000000088400000| 72%| S|CS|TAMS 0x0000000088300000, 0x0000000088300000| Complete 
| 104|0x0000000088400000, 0x0000000088500000, 0x0000000088500000|100%| S|CS|TAMS 0x0000000088400000, 0x0000000088400000| Complete 
| 105|0x0000000088500000, 0x0000000088600000, 0x0000000088600000|100%| S|CS|TAMS 0x0000000088500000, 0x0000000088500000| Complete 
| 106|0x0000000088600000, 0x0000000088700000, 0x0000000088700000|100%| S|CS|TAMS 0x0000000088600000, 0x0000000088600000| Complete 
| 107|0x0000000088700000, 0x0000000088700000, 0x0000000088800000|  0%| F|  |TAMS 0x0000000088700000, 0x0000000088700000| Untracked 
| 108|0x0000000088800000, 0x0000000088800000, 0x0000000088900000|  0%| F|  |TAMS 0x0000000088800000, 0x0000000088800000| Untracked 
| 109|0x0000000088900000, 0x0000000088900000, 0x0000000088a00000|  0%| F|  |TAMS 0x0000000088900000, 0x0000000088900000| Untracked 
| 110|0x0000000088a00000, 0x0000000088a00000, 0x0000000088b00000|  0%| F|  |TAMS 0x0000000088a00000, 0x0000000088a00000| Untracked 
| 111|0x0000000088b00000, 0x0000000088b00000, 0x0000000088c00000|  0%| F|  |TAMS 0x0000000088b00000, 0x0000000088b00000| Untracked 
| 112|0x0000000088c00000, 0x0000000088c00000, 0x0000000088d00000|  0%| F|  |TAMS 0x0000000088c00000, 0x0000000088c00000| Untracked 
| 113|0x0000000088d00000, 0x0000000088d00000, 0x0000000088e00000|  0%| F|  |TAMS 0x0000000088d00000, 0x0000000088d00000| Untracked 
| 114|0x0000000088e00000, 0x0000000088e00000, 0x0000000088f00000|  0%| F|  |TAMS 0x0000000088e00000, 0x0000000088e00000| Untracked 
| 115|0x0000000088f00000, 0x0000000088f00000, 0x0000000089000000|  0%| F|  |TAMS 0x0000000088f00000, 0x0000000088f00000| Untracked 
| 116|0x0000000089000000, 0x0000000089000000, 0x0000000089100000|  0%| F|  |TAMS 0x0000000089000000, 0x0000000089000000| Untracked 
| 117|0x0000000089100000, 0x0000000089100000, 0x0000000089200000|  0%| F|  |TAMS 0x0000000089100000, 0x0000000089100000| Untracked 
| 118|0x0000000089200000, 0x0000000089200000, 0x0000000089300000|  0%| F|  |TAMS 0x0000000089200000, 0x0000000089200000| Untracked 
| 119|0x0000000089300000, 0x0000000089300000, 0x0000000089400000|  0%| F|  |TAMS 0x0000000089300000, 0x0000000089300000| Untracked 
| 120|0x0000000089400000, 0x0000000089400000, 0x0000000089500000|  0%| F|  |TAMS 0x0000000089400000, 0x0000000089400000| Untracked 
| 121|0x0000000089500000, 0x0000000089500000, 0x0000000089600000|  0%| F|  |TAMS 0x0000000089500000, 0x0000000089500000| Untracked 
| 122|0x0000000089600000, 0x0000000089600000, 0x0000000089700000|  0%| F|  |TAMS 0x0000000089600000, 0x0000000089600000| Untracked 
| 123|0x0000000089700000, 0x0000000089700000, 0x0000000089800000|  0%| F|  |TAMS 0x0000000089700000, 0x0000000089700000| Untracked 
| 124|0x0000000089800000, 0x0000000089800000, 0x0000000089900000|  0%| F|  |TAMS 0x0000000089800000, 0x0000000089800000| Untracked 
| 125|0x0000000089900000, 0x0000000089900000, 0x0000000089a00000|  0%| F|  |TAMS 0x0000000089900000, 0x0000000089900000| Untracked 
| 126|0x0000000089a00000, 0x0000000089a00000, 0x0000000089b00000|  0%| F|  |TAMS 0x0000000089a00000, 0x0000000089a00000| Untracked 
| 127|0x0000000089b00000, 0x0000000089b00000, 0x0000000089c00000|  0%| F|  |TAMS 0x0000000089b00000, 0x0000000089b00000| Untracked 
| 128|0x0000000089c00000, 0x0000000089c00000, 0x0000000089d00000|  0%| F|  |TAMS 0x0000000089c00000, 0x0000000089c00000| Untracked 
| 129|0x0000000089d00000, 0x0000000089d00000, 0x0000000089e00000|  0%| F|  |TAMS 0x0000000089d00000, 0x0000000089d00000| Untracked 
| 130|0x0000000089e00000, 0x0000000089e00000, 0x0000000089f00000|  0%| F|  |TAMS 0x0000000089e00000, 0x0000000089e00000| Untracked 
| 131|0x0000000089f00000, 0x0000000089f00000, 0x000000008a000000|  0%| F|  |TAMS 0x0000000089f00000, 0x0000000089f00000| Untracked 
| 132|0x000000008a000000, 0x000000008a000000, 0x000000008a100000|  0%| F|  |TAMS 0x000000008a000000, 0x000000008a000000| Untracked 
| 133|0x000000008a100000, 0x000000008a200000, 0x000000008a200000|100%| E|  |TAMS 0x000000008a100000, 0x000000008a100000| Complete 
| 134|0x000000008a200000, 0x000000008a300000, 0x000000008a300000|100%| E|CS|TAMS 0x000000008a200000, 0x000000008a200000| Complete 
| 135|0x000000008a300000, 0x000000008a400000, 0x000000008a400000|100%| E|CS|TAMS 0x000000008a300000, 0x000000008a300000| Complete 
| 136|0x000000008a400000, 0x000000008a500000, 0x000000008a500000|100%| E|CS|TAMS 0x000000008a400000, 0x000000008a400000| Complete 
| 137|0x000000008a500000, 0x000000008a600000, 0x000000008a600000|100%| E|CS|TAMS 0x000000008a500000, 0x000000008a500000| Complete 
| 138|0x000000008a600000, 0x000000008a700000, 0x000000008a700000|100%| E|CS|TAMS 0x000000008a600000, 0x000000008a600000| Complete 
| 139|0x000000008a700000, 0x000000008a800000, 0x000000008a800000|100%| E|CS|TAMS 0x000000008a700000, 0x000000008a700000| Complete 
| 140|0x000000008a800000, 0x000000008a900000, 0x000000008a900000|100%| E|CS|TAMS 0x000000008a800000, 0x000000008a800000| Complete 

Card table byte_map: [0x000001ec5a5b0000,0x000001ec5a9b0000] _byte_map_base: 0x000001ec5a1a2000

Marking Bits (Prev, Next): (CMBitMap*) 0x000001ec479fd4e0, (CMBitMap*) 0x000001ec479fd4a0
 Prev Bits: [0x000001ec5cd40000, 0x000001ec5ecd0000)
 Next Bits: [0x000001ec5adb0000, 0x000001ec5cd40000)

Polling page: 0x000001ec458e0000

Metaspace:

Usage:
  Non-class:     55.72 MB used.
      Class:      7.29 MB used.
       Both:     63.01 MB used.

Virtual space:
  Non-class space:       64.00 MB reserved,      55.81 MB ( 87%) committed,  1 nodes.
      Class space:        1.00 GB reserved,       7.44 MB ( <1%) committed,  1 nodes.
             Both:        1.06 GB reserved,      63.25 MB (  6%) committed. 

Chunk freelists:
   Non-Class:  8.19 MB
       Class:  8.54 MB
        Both:  16.73 MB

MaxMetaspaceSize: unlimited
CompressedClassSpaceSize: 1.00 GB
Initial GC threshold: 21.00 MB
Current GC threshold: 105.44 MB
CDS: off
MetaspaceReclaimPolicy: balanced
 - commit_granule_bytes: 65536.
 - commit_granule_words: 8192.
 - virtual_space_node_default_size: 8388608.
 - enlarge_chunks_in_place: 1.
 - new_chunks_are_fully_committed: 0.
 - uncommit_free_chunks: 1.
 - use_allocation_guard: 0.
 - handle_deallocations: 1.


Internal statistics:

num_allocs_failed_limit: 3.
num_arena_births: 326.
num_arena_deaths: 0.
num_vsnodes_births: 2.
num_vsnodes_deaths: 0.
num_space_committed: 1010.
num_space_uncommitted: 0.
num_chunks_returned_to_freelist: 3.
num_chunks_taken_from_freelist: 2365.
num_chunk_merges: 3.
num_chunk_splits: 1834.
num_chunks_enlarged: 1583.
num_inconsistent_stats: 0.

CodeHeap 'non-profiled nmethods': size=120000Kb used=4461Kb max_used=4461Kb free=115538Kb
 bounds [0x000001ec52950000, 0x000001ec52db0000, 0x000001ec59e80000]
CodeHeap 'profiled nmethods': size=120000Kb used=22770Kb max_used=22770Kb free=97229Kb
 bounds [0x000001ec4ae80000, 0x000001ec4c4c0000, 0x000001ec523b0000]
CodeHeap 'non-nmethods': size=5760Kb used=1314Kb max_used=1456Kb free=4445Kb
 bounds [0x000001ec523b0000, 0x000001ec52620000, 0x000001ec52950000]
 total_blobs=8791 nmethods=8163 adapters=537
 compilation: enabled
              stopped_count=0, restarted_count=0
 full_count=0

Compilation events (20 events):
Event: 6.122 Thread 0x000001ec618f0a40 nmethod 9091 0x000001ec4c48d410 code [0x000001ec4c48d5e0, 0x000001ec4c48d8d8]
Event: 6.125 Thread 0x000001ec618f0a40 9092       3       org.jetbrains.kotlin.contracts.model.ESEffect::<init> (5 bytes)
Event: 6.125 Thread 0x000001ec618f0a40 nmethod 9092 0x000001ec4c48da10 code [0x000001ec4c48dbc0, 0x000001ec4c48dd78]
Event: 6.125 Thread 0x000001ec618f0a40 9093       3       org.jetbrains.kotlin.contracts.model.ESEffect::<init> (5 bytes)
Event: 6.125 Thread 0x000001ec618f0a40 nmethod 9093 0x000001ec4c48de90 code [0x000001ec4c48e020, 0x000001ec4c48e178]
Event: 6.126 Thread 0x000001ec618f0a40 9094       3       org.jetbrains.kotlin.contracts.model.SimpleEffect::<init> (6 bytes)
Event: 6.126 Thread 0x000001ec618f0a40 nmethod 9094 0x000001ec4c48e210 code [0x000001ec4c48e3c0, 0x000001ec4c48e5f8]
Event: 6.126 Thread 0x000001ec618f0a40 9095       3       org.jetbrains.kotlin.contracts.model.MutableContextInfo$Companion::getEMPTY (59 bytes)
Event: 6.127 Thread 0x000001ec618f0a40 nmethod 9095 0x000001ec4c48e710 code [0x000001ec4c48e960, 0x000001ec4c48f508]
Event: 6.127 Thread 0x000001ec618f0a40 9097       3       jdk.internal.reflect.ClassFileAssembler::append (30 bytes)
Event: 6.127 Thread 0x000001ec618f0a40 nmethod 9097 0x000001ec4c48f910 code [0x000001ec4c48fb00, 0x000001ec4c48ffd8]
Event: 6.127 Thread 0x000001ec618f0a40 9096       3       org.jetbrains.kotlin.contracts.model.MutableContextInfo::<init> (12 bytes)
Event: 6.128 Thread 0x000001ec618f0a40 nmethod 9096 0x000001ec4c490290 code [0x000001ec4c490440, 0x000001ec4c4907d8]
Event: 6.133 Thread 0x000001ec618f0a40 9098       3       org.jetbrains.kotlin.descriptors.deserialization.PlatformDependentTypeTransformer$None::transformPlatformType (14 bytes)
Event: 6.134 Thread 0x000001ec618f0a40 nmethod 9098 0x000001ec4c490910 code [0x000001ec4c490ba0, 0x000001ec4c491598]
Event: 6.136 Thread 0x000001ec618f0a40 9099       1       org.jetbrains.kotlin.serialization.deserialization.DeserializationComponents::getExtensionRegistryLite (5 bytes)
Event: 6.137 Thread 0x000001ec618f0a40 nmethod 9099 0x000001ec52da0d90 code [0x000001ec52da0f20, 0x000001ec52da0ff8]
Event: 6.138 Thread 0x000001ec618f0a40 9100       3       org.jetbrains.kotlin.resolve.OverridingUtil::isOverridableByWithoutExternalConditions (482 bytes)
Event: 6.140 Thread 0x000001ec618f0a40 nmethod 9100 0x000001ec4c491990 code [0x000001ec4c491f60, 0x000001ec4c495458]
Event: 6.140 Thread 0x000001ec618f0a40 9101       3       org.jetbrains.kotlin.resolve.OverridingUtilTypeSystemContext::<init> (51 bytes)

GC Heap History (20 events):
Event: 1.605 GC heap before
{Heap before GC invocations=12 (full 0):
 garbage-first heap   total 55296K, used 39930K [0x0000000081c00000, 0x0000000100000000)
  region size 1024K, 11 young (11264K), 1 survivors (1024K)
 Metaspace       used 32230K, committed 32576K, reserved 1114112K
  class space    used 3923K, committed 4096K, reserved 1048576K
}
Event: 1.615 GC heap after
{Heap after GC invocations=13 (full 0):
 garbage-first heap   total 139264K, used 29347K [0x0000000081c00000, 0x0000000100000000)
  region size 1024K, 2 young (2048K), 2 survivors (2048K)
 Metaspace       used 32230K, committed 32576K, reserved 1114112K
  class space    used 3923K, committed 4096K, reserved 1048576K
}
Event: 2.200 GC heap before
{Heap before GC invocations=14 (full 0):
 garbage-first heap   total 119808K, used 79523K [0x0000000081c00000, 0x0000000100000000)
  region size 1024K, 47 young (48128K), 2 survivors (2048K)
 Metaspace       used 38780K, committed 39040K, reserved 1114112K
  class space    used 4816K, committed 4928K, reserved 1048576K
}
Event: 2.215 GC heap after
{Heap after GC invocations=15 (full 0):
 garbage-first heap   total 119808K, used 37218K [0x0000000081c00000, 0x0000000100000000)
  region size 1024K, 6 young (6144K), 6 survivors (6144K)
 Metaspace       used 38780K, committed 39040K, reserved 1114112K
  class space    used 4816K, committed 4928K, reserved 1048576K
}
Event: 2.572 GC heap before
{Heap before GC invocations=15 (full 0):
 garbage-first heap   total 119808K, used 83298K [0x0000000081c00000, 0x0000000100000000)
  region size 1024K, 40 young (40960K), 6 survivors (6144K)
 Metaspace       used 45090K, committed 45312K, reserved 1114112K
  class space    used 5403K, committed 5504K, reserved 1048576K
}
Event: 2.586 GC heap after
{Heap after GC invocations=16 (full 0):
 garbage-first heap   total 119808K, used 54611K [0x0000000081c00000, 0x0000000100000000)
  region size 1024K, 5 young (5120K), 5 survivors (5120K)
 Metaspace       used 45090K, committed 45312K, reserved 1114112K
  class space    used 5403K, committed 5504K, reserved 1048576K
}
Event: 2.962 GC heap before
{Heap before GC invocations=16 (full 0):
 garbage-first heap   total 119808K, used 84307K [0x0000000081c00000, 0x0000000100000000)
  region size 1024K, 33 young (33792K), 5 survivors (5120K)
 Metaspace       used 50728K, committed 51008K, reserved 1114112K
  class space    used 6099K, committed 6208K, reserved 1048576K
}
Event: 2.972 GC heap after
{Heap after GC invocations=17 (full 0):
 garbage-first heap   total 119808K, used 57949K [0x0000000081c00000, 0x0000000100000000)
  region size 1024K, 3 young (3072K), 3 survivors (3072K)
 Metaspace       used 50728K, committed 51008K, reserved 1114112K
  class space    used 6099K, committed 6208K, reserved 1048576K
}
Event: 3.061 GC heap before
{Heap before GC invocations=17 (full 0):
 garbage-first heap   total 119808K, used 86621K [0x0000000081c00000, 0x0000000100000000)
  region size 1024K, 31 young (31744K), 3 survivors (3072K)
 Metaspace       used 50885K, committed 51136K, reserved 1114112K
  class space    used 6099K, committed 6208K, reserved 1048576K
}
Event: 3.070 GC heap after
{Heap after GC invocations=18 (full 0):
 garbage-first heap   total 119808K, used 59258K [0x0000000081c00000, 0x0000000100000000)
  region size 1024K, 2 young (2048K), 2 survivors (2048K)
 Metaspace       used 50885K, committed 51136K, reserved 1114112K
  class space    used 6099K, committed 6208K, reserved 1048576K
}
Event: 3.565 GC heap before
{Heap before GC invocations=19 (full 0):
 garbage-first heap   total 119808K, used 88279K [0x0000000081c00000, 0x0000000100000000)
  region size 1024K, 31 young (31744K), 2 survivors (2048K)
 Metaspace       used 56787K, committed 57088K, reserved 1114112K
  class space    used 6830K, committed 6976K, reserved 1048576K
}
Event: 3.571 GC heap after
{Heap after GC invocations=20 (full 0):
 garbage-first heap   total 119808K, used 60941K [0x0000000081c00000, 0x0000000100000000)
  region size 1024K, 4 young (4096K), 4 survivors (4096K)
 Metaspace       used 56787K, committed 57088K, reserved 1114112K
  class space    used 6830K, committed 6976K, reserved 1048576K
}
Event: 4.164 GC heap before
{Heap before GC invocations=20 (full 0):
 garbage-first heap   total 119808K, used 91661K [0x0000000081c00000, 0x0000000100000000)
  region size 1024K, 34 young (34816K), 4 survivors (4096K)
 Metaspace       used 58613K, committed 58880K, reserved 1114112K
  class space    used 6923K, committed 7040K, reserved 1048576K
}
Event: 4.179 GC heap after
{Heap after GC invocations=21 (full 0):
 garbage-first heap   total 144384K, used 65912K [0x0000000081c00000, 0x0000000100000000)
  region size 1024K, 5 young (5120K), 5 survivors (5120K)
 Metaspace       used 58613K, committed 58880K, reserved 1114112K
  class space    used 6923K, committed 7040K, reserved 1048576K
}
Event: 5.198 GC heap before
{Heap before GC invocations=22 (full 0):
 garbage-first heap   total 144384K, used 107896K [0x0000000081c00000, 0x0000000100000000)
  region size 1024K, 46 young (47104K), 5 survivors (5120K)
 Metaspace       used 62283K, committed 62592K, reserved 1114112K
  class space    used 7281K, committed 7424K, reserved 1048576K
}
Event: 5.211 GC heap after
{Heap after GC invocations=23 (full 0):
 garbage-first heap   total 144384K, used 70235K [0x0000000081c00000, 0x0000000100000000)
  region size 1024K, 4 young (4096K), 4 survivors (4096K)
 Metaspace       used 62283K, committed 62592K, reserved 1114112K
  class space    used 7281K, committed 7424K, reserved 1048576K
}
Event: 5.274 GC heap before
{Heap before GC invocations=23 (full 0):
 garbage-first heap   total 144384K, used 73307K [0x0000000081c00000, 0x0000000100000000)
  region size 1024K, 7 young (7168K), 4 survivors (4096K)
 Metaspace       used 62558K, committed 62784K, reserved 1114112K
  class space    used 7310K, committed 7424K, reserved 1048576K
}
Event: 5.281 GC heap after
{Heap after GC invocations=24 (full 0):
 garbage-first heap   total 144384K, used 70509K [0x0000000081c00000, 0x0000000100000000)
  region size 1024K, 1 young (1024K), 1 survivors (1024K)
 Metaspace       used 62558K, committed 62784K, reserved 1114112K
  class space    used 7310K, committed 7424K, reserved 1048576K
}
Event: 6.068 GC heap before
{Heap before GC invocations=24 (full 0):
 garbage-first heap   total 144384K, used 103277K [0x0000000081c00000, 0x0000000100000000)
  region size 1024K, 34 young (34816K), 1 survivors (1024K)
 Metaspace       used 64427K, committed 64704K, reserved 1114112K
  class space    used 7463K, committed 7616K, reserved 1048576K
}
Event: 6.076 GC heap after
{Heap after GC invocations=25 (full 0):
 garbage-first heap   total 144384K, used 73302K [0x0000000081c00000, 0x0000000100000000)
  region size 1024K, 4 young (4096K), 4 survivors (4096K)
 Metaspace       used 64427K, committed 64704K, reserved 1114112K
  class space    used 7463K, committed 7616K, reserved 1048576K
}

Dll operation events (2 events):
Event: 0.005 Loaded shared library C:\Program Files\Android\Android Studio\jbr\bin\java.dll
Event: 0.772 Loaded shared library C:\Program Files\Android\Android Studio\jbr\bin\verify.dll

Deoptimization events (20 events):
Event: 5.864 Thread 0x000001ec479a29b0 DEOPT PACKING pc=0x000001ec52cdc6b8 sp=0x00000083554f9630
Event: 5.864 Thread 0x000001ec479a29b0 DEOPT UNPACKING pc=0x000001ec524069a3 sp=0x00000083554f95b8 mode 2
Event: 5.948 Thread 0x000001ec479a29b0 Uncommon trap: trap_request=0xffffffde fr.pc=0x000001ec52d704a4 relative=0x0000000000002ac4
Event: 5.948 Thread 0x000001ec479a29b0 Uncommon trap: reason=class_check action=maybe_recompile pc=0x000001ec52d704a4 method=org.jetbrains.kotlin.resolve.calls.inference.components.NewTypeSubstitutor.substitute(Lorg/jetbrains/kotlin/types/SimpleType;ZZ)Lorg/jetbrains/kotlin/types/UnwrappedType
Event: 5.948 Thread 0x000001ec479a29b0 DEOPT PACKING pc=0x000001ec52d704a4 sp=0x00000083554f8000
Event: 5.948 Thread 0x000001ec479a29b0 DEOPT UNPACKING pc=0x000001ec524069a3 sp=0x00000083554f7f48 mode 2
Event: 5.996 Thread 0x000001ec479a29b0 DEOPT PACKING pc=0x000001ec4be4a32d sp=0x00000083554fa880
Event: 5.996 Thread 0x000001ec479a29b0 DEOPT UNPACKING pc=0x000001ec52407143 sp=0x00000083554f9dc8 mode 3
Event: 5.996 Thread 0x000001ec479a29b0 DEOPT PACKING pc=0x000001ec4c067a6c sp=0x00000083554fa9a0
Event: 5.996 Thread 0x000001ec479a29b0 DEOPT UNPACKING pc=0x000001ec52407143 sp=0x00000083554f9ec0 mode 0
Event: 5.996 Thread 0x000001ec479a29b0 DEOPT PACKING pc=0x000001ec4be0c34c sp=0x00000083554facd0
Event: 5.996 Thread 0x000001ec479a29b0 DEOPT UNPACKING pc=0x000001ec52407143 sp=0x00000083554fa180 mode 0
Event: 6.027 Thread 0x000001ec479a29b0 Uncommon trap: trap_request=0xffffffc6 fr.pc=0x000001ec52d29fe8 relative=0x0000000000001808
Event: 6.027 Thread 0x000001ec479a29b0 Uncommon trap: reason=bimorphic_or_optimized_type_check action=maybe_recompile pc=0x000001ec52d29fe8 method=org.jetbrains.kotlin.serialization.deserialization.descriptors.DeserializedMemberScope.hasClass(Lorg/jetbrains/kotlin/name/Name;)Z @ 11 c2
Event: 6.027 Thread 0x000001ec479a29b0 DEOPT PACKING pc=0x000001ec52d29fe8 sp=0x00000083554fab30
Event: 6.027 Thread 0x000001ec479a29b0 DEOPT UNPACKING pc=0x000001ec524069a3 sp=0x00000083554faab0 mode 2
Event: 6.079 Thread 0x000001ec479a29b0 Uncommon trap: trap_request=0xffffff76 fr.pc=0x000001ec52a94940 relative=0x0000000000003da0
Event: 6.079 Thread 0x000001ec479a29b0 Uncommon trap: reason=predicate action=maybe_recompile pc=0x000001ec52a94940 method=org.jetbrains.org.objectweb.asm.ClassReader.readMethod(Lorg/jetbrains/org/objectweb/asm/ClassVisitor;Lorg/jetbrains/org/objectweb/asm/Context;I)I @ 917 c2
Event: 6.079 Thread 0x000001ec479a29b0 DEOPT PACKING pc=0x000001ec52a94940 sp=0x00000083554f9630
Event: 6.079 Thread 0x000001ec479a29b0 DEOPT UNPACKING pc=0x000001ec524069a3 sp=0x00000083554f95b8 mode 2

Classes unloaded (0 events):
No events

Classes redefined (0 events):
No events

Internal exceptions (20 events):
Event: 3.517 Thread 0x000001ec479a29b0 Exception <a 'java/lang/NoSuchMethodError'{0x0000000087503f90}: 'java.lang.Object java.lang.invoke.Invokers$Holder.linkToTargetMethod(java.lang.Object, java.lang.Object, java.lang.Object, java.lang.Object, java.lang.Object, java.lang.Object, java.lang.Object, java.lang.Object)'> (0x0000000087503f90) 
thrown [s\src\hotspot\share\interpreter\linkResolver.cpp, line 771]
Event: 3.784 Thread 0x000001ec479a29b0 Exception <a 'java/lang/NoSuchMethodError'{0x00000000886cc320}: 'java.lang.Object java.lang.invoke.DirectMethodHandle$Holder.invokeStaticInit(java.lang.Object, java.lang.Object, java.lang.Object)'> (0x00000000886cc320) 
thrown [s\src\hotspot\share\interpreter\linkResolver.cpp, line 771]
Event: 3.789 Thread 0x000001ec479a29b0 Exception <a 'java/lang/NoSuchMethodError'{0x0000000088506fd0}: 'java.lang.Object java.lang.invoke.DirectMethodHandle$Holder.newInvokeSpecial(java.lang.Object, int, java.lang.Object)'> (0x0000000088506fd0) 
thrown [s\src\hotspot\share\interpreter\linkResolver.cpp, line 771]
Event: 3.790 Thread 0x000001ec479a29b0 Exception <a 'java/lang/NoSuchMethodError'{0x000000008850d8b0}: 'int java.lang.invoke.DirectMethodHandle$Holder.invokeInterface(java.lang.Object, java.lang.Object)'> (0x000000008850d8b0) 
thrown [s\src\hotspot\share\interpreter\linkResolver.cpp, line 771]
Event: 3.791 Thread 0x000001ec479a29b0 Implicit null exception at 0x000001ec52ae02ef to 0x000001ec52ae04ec
Event: 3.791 Thread 0x000001ec479a29b0 Implicit null exception at 0x000001ec529a7eef to 0x000001ec529a80d4
Event: 4.372 Thread 0x000001ec479a29b0 Exception <a 'java/lang/NoSuchMethodError'{0x0000000089bae6b0}: 'java.lang.Object java.lang.invoke.DirectMethodHandle$Holder.newInvokeSpecial(java.lang.Object, java.lang.Object, java.lang.Object, java.lang.Object, java.lang.Object, java.lang.Object)'> (0x0000000089bae6b0) 
thrown [s\src\hotspot\share\interpreter\linkResolver.cpp, line 771]
Event: 4.396 Thread 0x000001ec479a29b0 Implicit null exception at 0x000001ec529fdaa0 to 0x000001ec529fdc24
Event: 4.396 Thread 0x000001ec479a29b0 Implicit null exception at 0x000001ec529b5760 to 0x000001ec529b57fa
Event: 4.398 Thread 0x000001ec479a29b0 Implicit null exception at 0x000001ec529af28f to 0x000001ec529af309
Event: 4.555 Thread 0x000001ec479a29b0 Implicit null exception at 0x000001ec52990e00 to 0x000001ec529929cc
Event: 4.578 Thread 0x000001ec479a29b0 Implicit null exception at 0x000001ec52b51e40 to 0x000001ec52b534ac
Event: 4.893 Thread 0x000001ec479a29b0 Exception <a 'java/lang/NoSuchMethodError'{0x000000008890f638}: 'java.lang.Object java.lang.invoke.DirectMethodHandle$Holder.newInvokeSpecial(java.lang.Object, java.lang.Object, java.lang.Object, java.lang.Object, java.lang.Object, java.lang.Object, java.lang.Object)'> (0x000000008890f638) 
thrown [s\src\hotspot\share\interpreter\linkResolver.cpp, line 771]
Event: 4.893 Thread 0x000001ec479a29b0 Exception <a 'java/lang/NoSuchMethodError'{0x00000000889141f0}: 'java.lang.Object java.lang.invoke.Invokers$Holder.linkToTargetMethod(java.lang.Object, java.lang.Object, java.lang.Object, java.lang.Object, java.lang.Object, java.lang.Object, java.lang.Object)'> (0x00000000889141f0) 
thrown [s\src\hotspot\share\interpreter\linkResolver.cpp, line 771]
Event: 5.226 Thread 0x000001ec479a29b0 Exception <a 'java/lang/NoSuchMethodError'{0x000000008a7717d0}: 'java.lang.Object java.lang.invoke.DirectMethodHandle$Holder.newInvokeSpecial(java.lang.Object, int, java.lang.Object, java.lang.Object)'> (0x000000008a7717d0) 
thrown [s\src\hotspot\share\interpreter\linkResolver.cpp, line 771]
Event: 5.239 Thread 0x000001ec479a29b0 Exception <a 'java/lang/NoSuchMethodError'{0x000000008a7b7f28}: 'java.lang.Object java.lang.invoke.DirectMethodHandle$Holder.invokeInterface(java.lang.Object, java.lang.Object, java.lang.Object)'> (0x000000008a7b7f28) 
thrown [s\src\hotspot\share\interpreter\linkResolver.cpp, line 771]
Event: 5.239 Thread 0x000001ec479a29b0 Exception <a 'java/lang/IncompatibleClassChangeError'{0x000000008a7bbdb0}: Found class java.lang.Object, but interface was expected> (0x000000008a7bbdb0) 
thrown [s\src\hotspot\share\interpreter\linkResolver.cpp, line 838]
Event: 5.269 Thread 0x000001ec479a29b0 Implicit null exception at 0x000001ec529bb46f to 0x000001ec529bb6b0
Event: 5.284 Thread 0x000001ec479a29b0 Exception <a 'java/lang/NoSuchMethodError'{0x000000008a83f280}: 'java.lang.Object java.lang.invoke.DirectMethodHandle$Holder.invokeStatic(java.lang.Object, int, java.lang.Object)'> (0x000000008a83f280) 
thrown [s\src\hotspot\share\interpreter\linkResolver.cpp, line 771]
Event: 5.664 Thread 0x000001ec479a29b0 Exception <a 'java/lang/NoSuchMethodError'{0x000000008981f480}: 'int java.lang.invoke.DirectMethodHandle$Holder.invokeStaticInit(java.lang.Object, int)'> (0x000000008981f480) 
thrown [s\src\hotspot\share\interpreter\linkResolver.cpp, line 771]

VM Operations (20 events):
Event: 5.442 Executing VM operation: ICBufferFull done
Event: 5.554 Executing VM operation: HandshakeAllThreads
Event: 5.554 Executing VM operation: HandshakeAllThreads done
Event: 5.558 Executing VM operation: ICBufferFull
Event: 5.558 Executing VM operation: ICBufferFull done
Event: 5.649 Executing VM operation: ICBufferFull
Event: 5.649 Executing VM operation: ICBufferFull done
Event: 5.667 Executing VM operation: HandshakeAllThreads
Event: 5.667 Executing VM operation: HandshakeAllThreads done
Event: 5.733 Executing VM operation: ICBufferFull
Event: 5.733 Executing VM operation: ICBufferFull done
Event: 5.888 Executing VM operation: ICBufferFull
Event: 5.888 Executing VM operation: ICBufferFull done
Event: 5.995 Executing VM operation: HandshakeAllThreads
Event: 5.995 Executing VM operation: HandshakeAllThreads done
Event: 6.025 Executing VM operation: ICBufferFull
Event: 6.026 Executing VM operation: ICBufferFull done
Event: 6.068 Executing VM operation: G1TryInitiateConcMark
Event: 6.076 Executing VM operation: G1TryInitiateConcMark done
Event: 6.140 Executing VM operation: G1Concurrent

Events (20 events):
Event: 4.254 Thread 0x000001ec618f3050 flushing nmethod 0x000001ec4b929690
Event: 4.254 Thread 0x000001ec618f3050 flushing nmethod 0x000001ec4b92aa10
Event: 4.254 Thread 0x000001ec618f3050 flushing nmethod 0x000001ec4b92bf90
Event: 4.254 Thread 0x000001ec618f3050 flushing nmethod 0x000001ec4b955b10
Event: 4.254 Thread 0x000001ec618f3050 flushing nmethod 0x000001ec4b956c90
Event: 4.254 Thread 0x000001ec618f3050 flushing nmethod 0x000001ec4b962190
Event: 4.254 Thread 0x000001ec618f3050 flushing nmethod 0x000001ec4b965110
Event: 4.254 Thread 0x000001ec618f3050 flushing nmethod 0x000001ec4b96ae90
Event: 4.254 Thread 0x000001ec618f3050 flushing nmethod 0x000001ec4b989410
Event: 4.254 Thread 0x000001ec618f3050 flushing nmethod 0x000001ec4b9d8490
Event: 4.254 Thread 0x000001ec618f3050 flushing nmethod 0x000001ec4b9daa10
Event: 4.254 Thread 0x000001ec618f3050 flushing nmethod 0x000001ec4b9dcd10
Event: 4.254 Thread 0x000001ec618f3050 flushing nmethod 0x000001ec4b9dec90
Event: 5.304 loading class java/util/Collections$CopiesList
Event: 5.304 loading class java/util/Collections$CopiesList done
Event: 5.375 Thread 0x000001ec618f3050 flushing nmethod 0x000001ec4af58090
Event: 5.378 Thread 0x000001ec618f3050 flushing nmethod 0x000001ec4b5d6f10
Event: 5.380 Thread 0x000001ec618f3050 flushing nmethod 0x000001ec4b853410
Event: 5.380 Thread 0x000001ec618f3050 flushing nmethod 0x000001ec4b8d9710
Event: 5.381 Thread 0x000001ec618f3050 flushing nmethod 0x000001ec4b905b90


Dynamic libraries:
0x00007ff6e38d0000 - 0x00007ff6e38da000 	C:\Program Files\Android\Android Studio\jbr\bin\java.exe
0x00007ff8253f0000 - 0x00007ff8255e8000 	C:\Windows\SYSTEM32\ntdll.dll
0x00007ff823c70000 - 0x00007ff823d2d000 	C:\Windows\System32\KERNEL32.DLL
0x00007ff822dc0000 - 0x00007ff8230b6000 	C:\Windows\System32\KERNELBASE.dll
0x00007ff822c50000 - 0x00007ff822d50000 	C:\Windows\System32\ucrtbase.dll
0x00007ff80d110000 - 0x00007ff80d127000 	C:\Program Files\Android\Android Studio\jbr\bin\jli.dll
0x00007ff81b2e0000 - 0x00007ff81b2fb000 	C:\Program Files\Android\Android Studio\jbr\bin\VCRUNTIME140.dll
0x00007ff8242d0000 - 0x00007ff82446e000 	C:\Windows\System32\USER32.dll
0x00007ff822bd0000 - 0x00007ff822bf2000 	C:\Windows\System32\win32u.dll
0x00007ff80cc00000 - 0x00007ff80ce9a000 	C:\Windows\WinSxS\amd64_microsoft.windows.common-controls_6595b64144ccf1df_6.0.19041.3636_none_60b6a03d71f818d5\COMCTL32.dll
0x00007ff824500000 - 0x00007ff82452b000 	C:\Windows\System32\GDI32.dll
0x00007ff823e70000 - 0x00007ff823f0e000 	C:\Windows\System32\msvcrt.dll
0x00007ff822ab0000 - 0x00007ff822bc7000 	C:\Windows\System32\gdi32full.dll
0x00007ff823390000 - 0x00007ff82342d000 	C:\Windows\System32\msvcp_win.dll
0x00007ff824080000 - 0x00007ff8240b2000 	C:\Windows\System32\IMM32.DLL
0x00007ff81b3c0000 - 0x00007ff81b3cc000 	C:\Program Files\Android\Android Studio\jbr\bin\vcruntime140_1.dll
0x00007ff80ff70000 - 0x00007ff80fffd000 	C:\Program Files\Android\Android Studio\jbr\bin\msvcp140.dll
0x00007fffe80f0000 - 0x00007fffe8d70000 	C:\Program Files\Android\Android Studio\jbr\bin\server\jvm.dll
0x00007ff8249a0000 - 0x00007ff824a53000 	C:\Windows\System32\ADVAPI32.dll
0x00007ff8237a0000 - 0x00007ff82383f000 	C:\Windows\System32\sechost.dll
0x00007ff823d40000 - 0x00007ff823e66000 	C:\Windows\System32\RPCRT4.dll
0x00007ff8230c0000 - 0x00007ff8230e7000 	C:\Windows\System32\bcrypt.dll
0x00007ff80d7a0000 - 0x00007ff80d7c7000 	C:\Windows\SYSTEM32\WINMM.dll
0x00007ff8191f0000 - 0x00007ff8191fa000 	C:\Windows\SYSTEM32\VERSION.dll
0x00007ff80d680000 - 0x00007ff80d689000 	C:\Windows\SYSTEM32\WSOCK32.dll
0x00007ff824b10000 - 0x00007ff824b7b000 	C:\Windows\System32\WS2_32.dll
0x00007ff821320000 - 0x00007ff821332000 	C:\Windows\SYSTEM32\kernel.appcore.dll
0x00007ff81cc20000 - 0x00007ff81cc2a000 	C:\Program Files\Android\Android Studio\jbr\bin\jimage.dll
0x00007ff820930000 - 0x00007ff820b14000 	C:\Windows\SYSTEM32\DBGHELP.DLL
0x00007ff807df0000 - 0x00007ff807e24000 	C:\Windows\SYSTEM32\dbgcore.DLL
0x00007ff823300000 - 0x00007ff823382000 	C:\Windows\System32\bcryptPrimitives.dll
0x00007ff81bf50000 - 0x00007ff81bf75000 	C:\Program Files\Android\Android Studio\jbr\bin\java.dll
0x00007ff81b820000 - 0x00007ff81b838000 	C:\Program Files\Android\Android Studio\jbr\bin\zip.dll
0x00007ff824b80000 - 0x00007ff8252c5000 	C:\Windows\System32\SHELL32.dll
0x00007ff820b40000 - 0x00007ff8212dc000 	C:\Windows\SYSTEM32\windows.storage.dll
0x00007ff823840000 - 0x00007ff823b94000 	C:\Windows\System32\combase.dll
0x00007ff8224e0000 - 0x00007ff82250e000 	C:\Windows\SYSTEM32\Wldp.dll
0x00007ff823ba0000 - 0x00007ff823c6d000 	C:\Windows\System32\OLEAUT32.dll
0x00007ff823fd0000 - 0x00007ff82407d000 	C:\Windows\System32\SHCORE.dll
0x00007ff823f70000 - 0x00007ff823fc5000 	C:\Windows\System32\shlwapi.dll
0x00007ff8229e0000 - 0x00007ff822a05000 	C:\Windows\SYSTEM32\profapi.dll
0x00007ff81b800000 - 0x00007ff81b819000 	C:\Program Files\Android\Android Studio\jbr\bin\net.dll
0x00007ff819f40000 - 0x00007ff81a04a000 	C:\Windows\SYSTEM32\WINHTTP.dll
0x00007ff822240000 - 0x00007ff8222aa000 	C:\Windows\system32\mswsock.dll
0x00007ff81b2c0000 - 0x00007ff81b2d6000 	C:\Program Files\Android\Android Studio\jbr\bin\nio.dll
0x00007ff81c5f0000 - 0x00007ff81c600000 	C:\Program Files\Android\Android Studio\jbr\bin\verify.dll

dbghelp: loaded successfully - version: 4.0.5 - missing functions: none
symbol engine: initialized successfully - sym options: 0x614 - pdb path: .;C:\Program Files\Android\Android Studio\jbr\bin;C:\Windows\SYSTEM32;C:\Windows\WinSxS\amd64_microsoft.windows.common-controls_6595b64144ccf1df_6.0.19041.3636_none_60b6a03d71f818d5;C:\Program Files\Android\Android Studio\jbr\bin\server

VM Arguments:
java_command: org.jetbrains.kotlin.cli.jvm.K2JVMCompiler @C:\Users\ali\Panda\node_modules\@react-native\gradle-plugin\build\20240304_8542444563661704822.compiler.options
java_class_path (initial): C:\Users\ali\.gradle\caches\modules-2\files-2.1\org.jetbrains.kotlin\kotlin-compiler-embeddable\1.8.0\eb9118d4bcceaa2a94b2ae2a33a4ddba7c9a947f\kotlin-compiler-embeddable-1.8.0.jar;C:\Users\ali\.gradle\caches\modules-2\files-2.1\org.jetbrains.kotlin\kotlin-stdlib\1.8.0\1796921c7a3e2e2665a83e6c8d33399336cd39bc\kotlin-stdlib-1.8.0.jar;C:\Users\ali\.gradle\caches\modules-2\files-2.1\org.jetbrains.kotlin\kotlin-script-runtime\1.8.0\b2f7e760d283cb339974851c222a4c1d48f2d3d\kotlin-script-runtime-1.8.0.jar;C:\Users\ali\.gradle\caches\modules-2\files-2.1\org.jetbrains.kotlin\kotlin-reflect\1.6.10\1cbe9c92c12a94eea200d23c2bbaedaf3daf5132\kotlin-reflect-1.6.10.jar;C:\Users\ali\.gradle\caches\modules-2\files-2.1\org.jetbrains.kotlin\kotlin-daemon-embeddable\1.8.0\d255216c551685dc3a7e852b53617f5f01aaaa5c\kotlin-daemon-embeddable-1.8.0.jar;C:\Users\ali\.gradle\caches\modules-2\files-2.1\org.jetbrains.intellij.deps\trove4j\1.0.20200330\3afb14d5f9ceb459d724e907a21145e8ff394f02\trove4j-1.0.20200330.jar;C:\Users\ali\.gradle\caches\modules-2\files-2.1\net.java.dev.jna\jna\5.6.0\330f2244e9030119ab3030fc3fededc86713d9cc\jna-5.6.0.jar;C:\Users\ali\.gradle\caches\modules-2\files-2.1\org.jetbrains.kotlin\kotlin-stdlib-common\1.8.0\f7197e7cc76453ac59f8b0f8d5137cc600becd36\kotlin-stdlib-common-1.8.0.jar;C:\Users\ali\.gradle\caches\modules-2\files-2.1\org.jetbrains\annotations\13.0\919f0dfe192fb4e063e7dacadee7f8bb9a2672a9\annotations-13.0.jar
Launcher Type: SUN_STANDARD

[Global flags]
     intx CICompilerCount                          = 4                                         {product} {ergonomic}
     uint ConcGCThreads                            = 2                                         {product} {ergonomic}
     uint G1ConcRefinementThreads                  = 8                                         {product} {ergonomic}
   size_t G1HeapRegionSize                         = 1048576                                   {product} {ergonomic}
    uintx GCDrainStackTargetSize                   = 64                                        {product} {ergonomic}
   size_t InitialHeapSize                          = 134217728                                 {product} {ergonomic}
   size_t MarkStackSize                            = 4194304                                   {product} {ergonomic}
   size_t MaxHeapSize                              = 2118123520                                {product} {ergonomic}
   size_t MaxNewSize                               = 1270874112                                {product} {ergonomic}
   size_t MinHeapDeltaBytes                        = 1048576                                   {product} {ergonomic}
   size_t MinHeapSize                              = 8388608                                   {product} {ergonomic}
    uintx NonNMethodCodeHeapSize                   = 5839372                                {pd product} {ergonomic}
    uintx NonProfiledCodeHeapSize                  = 122909434                              {pd product} {ergonomic}
    uintx ProfiledCodeHeapSize                     = 122909434                              {pd product} {ergonomic}
    uintx ReservedCodeCacheSize                    = 251658240                              {pd product} {ergonomic}
     bool SegmentedCodeCache                       = true                                      {product} {ergonomic}
   size_t SoftMaxHeapSize                          = 2118123520                             {manageable} {ergonomic}
     bool UseCompressedClassPointers               = true                           {product lp64_product} {ergonomic}
     bool UseCompressedOops                        = true                           {product lp64_product} {ergonomic}
     bool UseG1GC                                  = true                                      {product} {ergonomic}
     bool UseLargePagesIndividualAllocation        = false                                  {pd product} {ergonomic}

Logging:
Log output configuration:
 #0: stdout all=warning uptime,level,tags
 #1: stderr all=off uptime,level,tags

Environment Variables:
JAVA_HOME=C:\Program Files\Java\jdk-17
PATH=C:\Program Files\Common Files\Oracle\Java\javapath;C:\Program Files (x86)\Common Files\Oracle\Java\javapath;C:\Python312\Scripts\;C:\Python312\;C:\Windows\system32;C:\Windows;C:\Windows\System32\Wbem;C:\Windows\System32\WindowsPowerShell\v1.0\;C:\Windows\System32\OpenSSH\;C:\Program Files\nodejs\;C:\ProgramData\chocolatey\bin;C:\Program Files\dotnet\;C:\Program Files\Git\cmd;%JAVA_HOME%\bin;C:\Users\ali\AppData\Local\Microsoft\WindowsApps;C:\Users\ali\AppData\Local\Programs\Microsoft VS Code\bin;C:\Program Files\JetBrains\IntelliJ IDEA 2023.3.2\bin;;C:\Users\ali\AppData\Roaming\npm;C:\Users\ali\AppData\Local\Android\Sdk\platform-tools;C:\Users\ali\.dotnet\tools;C:\Users\ali\AppData\Local\GitHubDesktop\bin;C:\Users\ali\AppData\Local\Android\Sdk\platform-tools;
USERNAME=ali
OS=Windows_NT
PROCESSOR_IDENTIFIER=Intel64 Family 6 Model 158 Stepping 10, GenuineIntel
TMP=C:\Users\ali\AppData\Local\Temp
TEMP=C:\Users\ali\AppData\Local\Temp


JNI global refs:
JNI global refs: 14, weak refs: 12

JNI global refs memory usage: 843, weak refs: 841

OOME stack traces (most recent first):
Classloader memory used:
Loader jdk.internal.loader.ClassLoaders$AppClassLoader                                 : 6264K
Loader bootstrap                                                                       : 1648K
Loader java.net.URLClassLoader                                                         : 60775B
Loader jdk.internal.jrtfs.JrtFileSystemProvider$JrtFsLoader                            : 42331B
Loader jdk.internal.loader.ClassLoaders$PlatformClassLoader                            : 34362B
Loader jdk.internal.reflect.DelegatingClassLoader                                      : 18958B

Classes loaded by more than one classloader:
Class jdk.internal.jimage.BasicImageReader$1                                          : loaded 2 times (x 75B)
Class jdk.internal.jimage.ImageBufferCache$1                                          : loaded 2 times (x 78B)
Class jdk.internal.jimage.ImageBufferCache$2                                          : loaded 2 times (x 89B)
Class jdk.internal.jimage.ImageReader$SharedImageReader                               : loaded 2 times (x 93B)
Class jdk.internal.jimage.decompressor.ZipDecompressorFactory                         : loaded 2 times (x 72B)
Class jdk.internal.jimage.ImageHeader                                                 : loaded 2 times (x 69B)
Class jdk.internal.jimage.decompressor.StringSharingDecompressorFactory               : loaded 2 times (x 72B)
Class jdk.internal.jimage.BasicImageReader                                            : loaded 2 times (x 93B)
Class jdk.internal.jimage.ImageLocation                                               : loaded 2 times (x 88B)
Class jdk.internal.jimage.ImageReader$Node                                            : loaded 2 times (x 82B)
Class jdk.internal.jimage.decompressor.CompressedResourceHeader                       : loaded 2 times (x 69B)
Class jdk.internal.jrtfs.JrtPath                                                      : loaded 2 times (x 116B)
Class jdk.internal.jimage.ImageStrings                                                : loaded 2 times (x 68B)
Class jdk.internal.jimage.decompressor.ResourceDecompressorRepository                 : loaded 2 times (x 69B)
Class jdk.internal.jimage.decompressor.ResourceDecompressor$StringsProvider           : loaded 2 times (x 68B)
Class jdk.internal.jimage.decompressor.Decompressor                                   : loaded 2 times (x 70B)
Class jdk.internal.jrtfs.JrtFileSystem                                                : loaded 2 times (x 100B)
Class jdk.internal.jrtfs.JrtFileSystemProvider                                        : loaded 2 times (x 97B)
Class jdk.internal.jimage.decompressor.ResourceDecompressor                           : loaded 2 times (x 68B)
Class jdk.internal.jimage.ImageStringsReader                                          : loaded 2 times (x 78B)
Class jdk.internal.jimage.decompressor.ResourceDecompressorFactory                    : loaded 2 times (x 72B)
Class jdk.internal.jimage.decompressor.ZipDecompressor                                : loaded 2 times (x 73B)
Class jdk.internal.jimage.ImageReader                                                 : loaded 2 times (x 73B)
Class jdk.internal.jimage.ImageBufferCache                                            : loaded 2 times (x 69B)
Class jdk.internal.jimage.ImageReader$Directory                                       : loaded 2 times (x 82B)


---------------  S Y S T E M  ---------------

OS:
 Windows 10 , 64 bit Build 19041 (10.0.19041.3636)
OS uptime: 0 days 0:37 hours

CPU: total 8 (initial active 8) (4 cores per cpu, 2 threads per core) family 6 model 158 stepping 10 microcode 0xf0, cx8, cmov, fxsr, ht, mmx, 3dnowpref, sse, sse2, sse3, ssse3, sse4.1, sse4.2, popcnt, lzcnt, tsc, tscinvbit, avx, avx2, aes, erms, clmul, bmi1, bmi2, adx, fma, vzeroupper, clflush, clflushopt

Memory: 4k page, system-wide physical 8073M (507M free)
TotalPageFile size 12169M (AvailPageFile size 5M)
current process WorkingSet (physical memory assigned to process): 352M, peak: 353M
current process commit charge ("private bytes"): 391M, peak: 394M

vm_info: OpenJDK 64-Bit Server VM (17.0.7+0-b2043.56-10550314) for windows-amd64 JRE (17.0.7+0-b2043.56-10550314), built on Jul 24 2023 18:27:45 by "androidbuild" with MS VC++ 16.10 / 16.11 (VS2019)

END.
