#
# There is insufficient memory for the Java Runtime Environment to continue.
# Native memory allocation (malloc) failed to allocate 1093616 bytes for Chunk::new
# Possible reasons:
#   The system is out of physical RAM or swap space
#   The process is running with CompressedOops enabled, and the Java Heap may be blocking the growth of the native heap
# Possible solutions:
#   Reduce memory load on the system
#   Increase physical memory or swap space
#   Check if swap backing store is full
#   Decrease Java heap size (-Xmx/-Xms)
#   Decrease number of Java threads
#   Decrease Java thread stack sizes (-Xss)
#   Set larger code cache with -XX:ReservedCodeCacheSize=
#   JVM is running with Unscaled Compressed Oops mode in which the Java heap is
#     placed in the first 4GB address space. The Java Heap base address is the
#     maximum limit for the native heap growth. Please use -XX:HeapBaseMinAddress
#     to set the Java Heap base and to place the Java Heap above 4GB virtual address.
# This output file may be truncated or incomplete.
#
#  Out of Memory Error (arena.cpp:189), pid=9956, tid=16540
#
# JRE version: OpenJDK Runtime Environment (17.0.7) (build 17.0.7+0-b2043.56-10550314)
# Java VM: OpenJDK 64-Bit Server VM (17.0.7+0-b2043.56-10550314, mixed mode, tiered, compressed oops, compressed class ptrs, g1 gc, windows-amd64)
# No core dump will be written. Minidumps are not enabled by default on client versions of Windows
#

---------------  S U M M A R Y ------------

Command Line: org.jetbrains.kotlin.cli.jvm.K2JVMCompiler @C:\Users\ali\Panda\node_modules\react-native-screens\android\build\20240304_1924592870388596748.compiler.options

Host: Intel(R) Core(TM) i5-8300H CPU @ 2.30GHz, 8 cores, 7G,  Windows 10 , 64 bit Build 19041 (10.0.19041.3636)
Time: Mon Mar  4 01:58:34 2024 Jerusalem Standard Time elapsed time: 8.299223 seconds (0d 0h 0m 8s)

---------------  T H R E A D  ---------------

Current thread (0x000001c2fbead430):  JavaThread "C2 CompilerThread1" daemon [_thread_in_native, id=16540, stack(0x0000007210c00000,0x0000007210d00000)]


Current CompileTask:
C2:   8299 7968       4       org.jetbrains.kotlin.resolve.OverridingUtil::createAndBindFakeOverrides (119 bytes)

Stack: [0x0000007210c00000,0x0000007210d00000]
Native frames: (J=compiled Java code, j=interpreted, Vv=VM code, C=native code)
V  [jvm.dll+0x683bfa]
V  [jvm.dll+0x8430a4]
V  [jvm.dll+0x8449be]
V  [jvm.dll+0x845023]
V  [jvm.dll+0x24ad2f]
V  [jvm.dll+0xac25c]
V  [jvm.dll+0xac82c]
V  [jvm.dll+0x36a132]
V  [jvm.dll+0x1be138]
V  [jvm.dll+0x21d3a9]
V  [jvm.dll+0x21c671]
V  [jvm.dll+0x1a605d]
V  [jvm.dll+0x22c148]
V  [jvm.dll+0x22a209]
V  [jvm.dll+0x7f858c]
V  [jvm.dll+0x7f2aea]
V  [jvm.dll+0x682a35]
C  [ucrtbase.dll+0x21bb2]
C  [KERNEL32.DLL+0x17344]
C  [ntdll.dll+0x526b1]


---------------  P R O C E S S  ---------------

Threads class SMR info:
_java_thread_list=0x000001c2f67e3270, length=14, elements={
0x000001c2dca41a80, 0x000001c2f6933a20, 0x000001c2f67c0490, 0x000001c2f694f770,
0x000001c2f6950030, 0x000001c2f6950ae0, 0x000001c2f6951490, 0x000001c2f6952170,
0x000001c2f6952b60, 0x000001c2f6955960, 0x000001c2f6abd400, 0x000001c2f6ac8b60,
0x000001c2fbead430, 0x000001c2fd2734c0
}

Java Threads: ( => current thread )
  0x000001c2dca41a80 JavaThread "main" [_thread_in_Java, id=16960, stack(0x000000720f800000,0x000000720f900000)]
  0x000001c2f6933a20 JavaThread "Reference Handler" daemon [_thread_blocked, id=17220, stack(0x0000007210000000,0x0000007210100000)]
  0x000001c2f67c0490 JavaThread "Finalizer" daemon [_thread_blocked, id=2380, stack(0x0000007210100000,0x0000007210200000)]
  0x000001c2f694f770 JavaThread "Signal Dispatcher" daemon [_thread_blocked, id=6476, stack(0x0000007210200000,0x0000007210300000)]
  0x000001c2f6950030 JavaThread "Attach Listener" daemon [_thread_blocked, id=3512, stack(0x0000007210300000,0x0000007210400000)]
  0x000001c2f6950ae0 JavaThread "Service Thread" daemon [_thread_blocked, id=9904, stack(0x0000007210400000,0x0000007210500000)]
  0x000001c2f6951490 JavaThread "Monitor Deflation Thread" daemon [_thread_blocked, id=11724, stack(0x0000007210500000,0x0000007210600000)]
  0x000001c2f6952170 JavaThread "C2 CompilerThread0" daemon [_thread_in_native, id=15104, stack(0x0000007210600000,0x0000007210700000)]
  0x000001c2f6952b60 JavaThread "C1 CompilerThread0" daemon [_thread_blocked, id=12664, stack(0x0000007210700000,0x0000007210800000)]
  0x000001c2f6955960 JavaThread "Sweeper thread" daemon [_thread_blocked, id=5864, stack(0x0000007210800000,0x0000007210900000)]
  0x000001c2f6abd400 JavaThread "Notification Thread" daemon [_thread_blocked, id=10956, stack(0x0000007210900000,0x0000007210a00000)]
  0x000001c2f6ac8b60 JavaThread "Common-Cleaner" daemon [_thread_blocked, id=1824, stack(0x0000007210b00000,0x0000007210c00000)]
=>0x000001c2fbead430 JavaThread "C2 CompilerThread1" daemon [_thread_in_native, id=16540, stack(0x0000007210c00000,0x0000007210d00000)]
  0x000001c2fd2734c0 JavaThread "C2 CompilerThread2" daemon [_thread_in_native, id=11652, stack(0x0000007211500000,0x0000007211600000)]

Other Threads:
  0x000001c2f67d7d30 VMThread "VM Thread" [stack: 0x000000720ff00000,0x0000007210000000] [id=14224]
  0x000001c2f6abd8d0 WatcherThread [stack: 0x0000007210a00000,0x0000007210b00000] [id=1020]
  0x000001c2dca9bc50 GCTaskThread "GC Thread#0" [stack: 0x000000720fa00000,0x000000720fb00000] [id=1684]
  0x000001c2fb348130 GCTaskThread "GC Thread#1" [stack: 0x0000007210d00000,0x0000007210e00000] [id=5748]
  0x000001c2fb3483e0 GCTaskThread "GC Thread#2" [stack: 0x0000007210e00000,0x0000007210f00000] [id=12504]
  0x000001c2fb382f90 GCTaskThread "GC Thread#3" [stack: 0x0000007210f00000,0x0000007211000000] [id=16520]
  0x000001c2fb397340 GCTaskThread "GC Thread#4" [stack: 0x0000007211000000,0x0000007211100000] [id=14712]
  0x000001c2fbab9f90 GCTaskThread "GC Thread#5" [stack: 0x0000007211100000,0x0000007211200000] [id=16052]
  0x000001c2fbab9810 GCTaskThread "GC Thread#6" [stack: 0x0000007211200000,0x0000007211300000] [id=16264]
  0x000001c2fba72160 GCTaskThread "GC Thread#7" [stack: 0x0000007211300000,0x0000007211400000] [id=2512]
  0x000001c2dcaadc20 ConcurrentGCThread "G1 Main Marker" [stack: 0x000000720fb00000,0x000000720fc00000] [id=1408]
  0x000001c2dcaae630 ConcurrentGCThread "G1 Conc#0" [stack: 0x000000720fc00000,0x000000720fd00000] [id=3068]
  0x000001c2fb736f80 ConcurrentGCThread "G1 Conc#1" [stack: 0x0000007211400000,0x0000007211500000] [id=2804]
  0x000001c2dcb0e960 ConcurrentGCThread "G1 Refine#0" [stack: 0x000000720fd00000,0x000000720fe00000] [id=9224]
  0x000001c2fc34a340 ConcurrentGCThread "G1 Refine#1" [stack: 0x0000007211600000,0x0000007211700000] [id=13164]
  0x000001c2fe714a00 ConcurrentGCThread "G1 Refine#2" [stack: 0x0000007211700000,0x0000007211800000] [id=10304]
  0x000001c2f66244b0 ConcurrentGCThread "G1 Service" [stack: 0x000000720fe00000,0x000000720ff00000] [id=2816]

Threads with active compile tasks:
C2 CompilerThread0     8328 8029       4       org.jetbrains.kotlin.resolve.lazy.descriptors.LazyClassMemberScope::resolveUnknownVisibilitiesForMembers (110 bytes)
C2 CompilerThread1     8328 7968       4       org.jetbrains.kotlin.resolve.OverridingUtil::createAndBindFakeOverrides (119 bytes)
C2 CompilerThread2     8328 8026       4       org.jetbrains.kotlin.resolve.OverridingUtil::generateOverridesInFunctionGroup (123 bytes)

VM state: not at safepoint (normal execution)

VM Mutex/Monitor currently owned by a thread: None

Heap address: 0x0000000081c00000, size: 2020 MB, Compressed Oops mode: 32-bit

CDS archive(s) not mapped
Compressed class space mapped at: 0x0000000100000000-0x0000000140000000, reserved size: 1073741824
Narrow klass base: 0x0000000000000000, Narrow klass shift: 3, Narrow klass range: 0x140000000

GC Precious Log:
 CPUs: 8 total, 8 available
 Memory: 8073M
 Large Page Support: Disabled
 NUMA Support: Disabled
 Compressed Oops: Enabled (32-bit)
 Heap Region Size: 1M
 Heap Min Capacity: 8M
 Heap Initial Capacity: 128M
 Heap Max Capacity: 2020M
 Pre-touch: Disabled
 Parallel Workers: 8
 Concurrent Workers: 2
 Concurrent Refinement Workers: 8
 Periodic GC: Disabled

Heap:
 garbage-first heap   total 153600K, used 81690K [0x0000000081c00000, 0x0000000100000000)
  region size 1024K, 25 young (25600K), 8 survivors (8192K)
 Metaspace       used 62284K, committed 62528K, reserved 1114112K
  class space    used 7312K, committed 7424K, reserved 1048576K

Heap Regions: E=young(eden), S=young(survivor), O=old, HS=humongous(starts), HC=humongous(continues), CS=collection set, F=free, OA=open archive, CA=closed archive, TAMS=top-at-mark-start (previous, next)
|   0|0x0000000081c00000, 0x0000000081d00000, 0x0000000081d00000|100%|HS|  |TAMS 0x0000000081d00000, 0x0000000081c00000| Complete 
|   1|0x0000000081d00000, 0x0000000081e00000, 0x0000000081e00000|100%|HC|  |TAMS 0x0000000081e00000, 0x0000000081d00000| Complete 
|   2|0x0000000081e00000, 0x0000000081f00000, 0x0000000081f00000|100%|HC|  |TAMS 0x0000000081f00000, 0x0000000081e00000| Complete 
|   3|0x0000000081f00000, 0x0000000082000000, 0x0000000082000000|100%|HC|  |TAMS 0x0000000082000000, 0x0000000081f00000| Complete 
|   4|0x0000000082000000, 0x0000000082100000, 0x0000000082100000|100%| O|  |TAMS 0x0000000082100000, 0x0000000082000000| Untracked 
|   5|0x0000000082100000, 0x0000000082200000, 0x0000000082200000|100%| O|  |TAMS 0x0000000082200000, 0x0000000082100000| Untracked 
|   6|0x0000000082200000, 0x0000000082300000, 0x0000000082300000|100%| O|  |TAMS 0x0000000082300000, 0x0000000082200000| Untracked 
|   7|0x0000000082300000, 0x0000000082400000, 0x0000000082400000|100%|HS|  |TAMS 0x0000000082400000, 0x0000000082300000| Complete 
|   8|0x0000000082400000, 0x0000000082500000, 0x0000000082500000|100%|HC|  |TAMS 0x0000000082500000, 0x0000000082400000| Complete 
|   9|0x0000000082500000, 0x0000000082600000, 0x0000000082600000|100%|HC|  |TAMS 0x0000000082600000, 0x0000000082500000| Complete 
|  10|0x0000000082600000, 0x0000000082700000, 0x0000000082700000|100%|HC|  |TAMS 0x0000000082700000, 0x0000000082600000| Complete 
|  11|0x0000000082700000, 0x0000000082800000, 0x0000000082800000|100%| O|  |TAMS 0x0000000082800000, 0x0000000082700000| Untracked 
|  12|0x0000000082800000, 0x0000000082900000, 0x0000000082900000|100%| O|  |TAMS 0x0000000082900000, 0x0000000082800000| Untracked 
|  13|0x0000000082900000, 0x0000000082a00000, 0x0000000082a00000|100%| O|  |TAMS 0x0000000082a00000, 0x0000000082900000| Untracked 
|  14|0x0000000082a00000, 0x0000000082b00000, 0x0000000082b00000|100%| O|  |TAMS 0x0000000082b00000, 0x0000000082a00000| Untracked 
|  15|0x0000000082b00000, 0x0000000082c00000, 0x0000000082c00000|100%| O|  |TAMS 0x0000000082c00000, 0x0000000082b00000| Untracked 
|  16|0x0000000082c00000, 0x0000000082d00000, 0x0000000082d00000|100%| O|  |TAMS 0x0000000082d00000, 0x0000000082c00000| Untracked 
|  17|0x0000000082d00000, 0x0000000082e00000, 0x0000000082e00000|100%| O|  |TAMS 0x0000000082e00000, 0x0000000082d00000| Untracked 
|  18|0x0000000082e00000, 0x0000000082f00000, 0x0000000082f00000|100%| O|  |TAMS 0x0000000082f00000, 0x0000000082e00000| Untracked 
|  19|0x0000000082f00000, 0x0000000083000000, 0x0000000083000000|100%| O|  |TAMS 0x0000000083000000, 0x0000000082f00000| Untracked 
|  20|0x0000000083000000, 0x0000000083100000, 0x0000000083100000|100%| O|  |TAMS 0x0000000083100000, 0x0000000083000000| Untracked 
|  21|0x0000000083100000, 0x0000000083200000, 0x0000000083200000|100%| O|  |TAMS 0x0000000083200000, 0x0000000083100000| Untracked 
|  22|0x0000000083200000, 0x0000000083300000, 0x0000000083300000|100%| O|  |TAMS 0x0000000083300000, 0x0000000083200000| Untracked 
|  23|0x0000000083300000, 0x0000000083400000, 0x0000000083400000|100%| O|  |TAMS 0x0000000083400000, 0x0000000083300000| Untracked 
|  24|0x0000000083400000, 0x0000000083500000, 0x0000000083500000|100%| O|  |TAMS 0x0000000083500000, 0x0000000083400000| Untracked 
|  25|0x0000000083500000, 0x0000000083600000, 0x0000000083600000|100%| O|  |TAMS 0x0000000083600000, 0x0000000083500000| Untracked 
|  26|0x0000000083600000, 0x0000000083700000, 0x0000000083700000|100%|HS|  |TAMS 0x0000000083700000, 0x0000000083600000| Complete 
|  27|0x0000000083700000, 0x0000000083800000, 0x0000000083800000|100%|HC|  |TAMS 0x0000000083800000, 0x0000000083700000| Complete 
|  28|0x0000000083800000, 0x0000000083900000, 0x0000000083900000|100%| O|  |TAMS 0x0000000083900000, 0x0000000083800000| Untracked 
|  29|0x0000000083900000, 0x0000000083a00000, 0x0000000083a00000|100%| O|  |TAMS 0x0000000083a00000, 0x0000000083900000| Untracked 
|  30|0x0000000083a00000, 0x0000000083b00000, 0x0000000083b00000|100%| O|  |TAMS 0x0000000083b00000, 0x0000000083a00000| Untracked 
|  31|0x0000000083b00000, 0x0000000083c00000, 0x0000000083c00000|100%| O|  |TAMS 0x0000000083c00000, 0x0000000083b00000| Untracked 
|  32|0x0000000083c00000, 0x0000000083d00000, 0x0000000083d00000|100%| O|  |TAMS 0x0000000083d00000, 0x0000000083c00000| Untracked 
|  33|0x0000000083d00000, 0x0000000083e00000, 0x0000000083e00000|100%| O|  |TAMS 0x0000000083e00000, 0x0000000083d00000| Untracked 
|  34|0x0000000083e00000, 0x0000000083f00000, 0x0000000083f00000|100%| O|  |TAMS 0x0000000083f00000, 0x0000000083e00000| Untracked 
|  35|0x0000000083f00000, 0x0000000084000000, 0x0000000084000000|100%| O|  |TAMS 0x0000000084000000, 0x0000000083f00000| Untracked 
|  36|0x0000000084000000, 0x0000000084100000, 0x0000000084100000|100%| O|  |TAMS 0x0000000084100000, 0x0000000084000000| Untracked 
|  37|0x0000000084100000, 0x0000000084200000, 0x0000000084200000|100%| O|  |TAMS 0x0000000084100000, 0x0000000084100000| Untracked 
|  38|0x0000000084200000, 0x0000000084300000, 0x0000000084300000|100%| O|  |TAMS 0x0000000084300000, 0x0000000084200000| Untracked 
|  39|0x0000000084300000, 0x0000000084400000, 0x0000000084400000|100%| O|  |TAMS 0x00000000843e4e00, 0x0000000084300000| Untracked 
|  40|0x0000000084400000, 0x0000000084500000, 0x0000000084500000|100%| O|  |TAMS 0x0000000084400000, 0x0000000084400000| Untracked 
|  41|0x0000000084500000, 0x0000000084600000, 0x0000000084600000|100%| O|  |TAMS 0x0000000084500000, 0x0000000084500000| Untracked 
|  42|0x0000000084600000, 0x0000000084700000, 0x0000000084700000|100%| O|  |TAMS 0x0000000084600000, 0x0000000084600000| Untracked 
|  43|0x0000000084700000, 0x0000000084800000, 0x0000000084800000|100%| O|  |TAMS 0x0000000084700000, 0x0000000084700000| Untracked 
|  44|0x0000000084800000, 0x0000000084900000, 0x0000000084900000|100%| O|  |TAMS 0x0000000084800000, 0x0000000084800000| Untracked 
|  45|0x0000000084900000, 0x0000000084a00000, 0x0000000084a00000|100%| O|  |TAMS 0x0000000084900000, 0x0000000084900000| Untracked 
|  46|0x0000000084a00000, 0x0000000084b00000, 0x0000000084b00000|100%| O|  |TAMS 0x0000000084a00000, 0x0000000084a00000| Untracked 
|  47|0x0000000084b00000, 0x0000000084c00000, 0x0000000084c00000|100%| O|  |TAMS 0x0000000084b00000, 0x0000000084b00000| Untracked 
|  48|0x0000000084c00000, 0x0000000084d00000, 0x0000000084d00000|100%| O|  |TAMS 0x0000000084c00000, 0x0000000084c00000| Untracked 
|  49|0x0000000084d00000, 0x0000000084d00000, 0x0000000084e00000|  0%| F|  |TAMS 0x0000000084d00000, 0x0000000084d00000| Untracked 
|  50|0x0000000084e00000, 0x0000000084e00000, 0x0000000084f00000|  0%| F|  |TAMS 0x0000000084e00000, 0x0000000084e00000| Untracked 
|  51|0x0000000084f00000, 0x0000000084f00000, 0x0000000085000000|  0%| F|  |TAMS 0x0000000084f00000, 0x0000000084f00000| Untracked 
|  52|0x0000000085000000, 0x0000000085000000, 0x0000000085100000|  0%| F|  |TAMS 0x0000000085000000, 0x0000000085000000| Untracked 
|  53|0x0000000085100000, 0x0000000085100000, 0x0000000085200000|  0%| F|  |TAMS 0x0000000085100000, 0x0000000085100000| Untracked 
|  54|0x0000000085200000, 0x0000000085300000, 0x0000000085300000|100%| O|  |TAMS 0x0000000085200000, 0x0000000085200000| Untracked 
|  55|0x0000000085300000, 0x0000000085400000, 0x0000000085400000|100%| O|  |TAMS 0x0000000085300000, 0x0000000085300000| Untracked 
|  56|0x0000000085400000, 0x0000000085500000, 0x0000000085500000|100%| O|  |TAMS 0x0000000085400000, 0x0000000085400000| Untracked 
|  57|0x0000000085500000, 0x0000000085500000, 0x0000000085600000|  0%| F|  |TAMS 0x0000000085500000, 0x0000000085500000| Untracked 
|  58|0x0000000085600000, 0x0000000085600000, 0x0000000085700000|  0%| F|  |TAMS 0x0000000085600000, 0x0000000085600000| Untracked 
|  59|0x0000000085700000, 0x0000000085700000, 0x0000000085800000|  0%| F|  |TAMS 0x0000000085700000, 0x0000000085700000| Untracked 
|  60|0x0000000085800000, 0x0000000085800000, 0x0000000085900000|  0%| F|  |TAMS 0x0000000085800000, 0x0000000085800000| Untracked 
|  61|0x0000000085900000, 0x0000000085900000, 0x0000000085a00000|  0%| F|  |TAMS 0x0000000085900000, 0x0000000085900000| Untracked 
|  62|0x0000000085a00000, 0x0000000085a00000, 0x0000000085b00000|  0%| F|  |TAMS 0x0000000085a00000, 0x0000000085a00000| Untracked 
|  63|0x0000000085b00000, 0x0000000085b00000, 0x0000000085c00000|  0%| F|  |TAMS 0x0000000085b00000, 0x0000000085b00000| Untracked 
|  64|0x0000000085c00000, 0x0000000085d00000, 0x0000000085d00000|100%| O|  |TAMS 0x0000000085c00000, 0x0000000085c00000| Untracked 
|  65|0x0000000085d00000, 0x0000000085e00000, 0x0000000085e00000|100%| O|  |TAMS 0x0000000085d00000, 0x0000000085d00000| Untracked 
|  66|0x0000000085e00000, 0x0000000085f00000, 0x0000000085f00000|100%| O|  |TAMS 0x0000000085e00000, 0x0000000085e00000| Untracked 
|  67|0x0000000085f00000, 0x0000000085fc6800, 0x0000000086000000| 77%| O|  |TAMS 0x0000000085f00000, 0x0000000085f00000| Untracked 
|  68|0x0000000086000000, 0x0000000086000000, 0x0000000086100000|  0%| F|  |TAMS 0x0000000086000000, 0x0000000086000000| Untracked 
|  69|0x0000000086100000, 0x0000000086100000, 0x0000000086200000|  0%| F|  |TAMS 0x0000000086100000, 0x0000000086100000| Untracked 
|  70|0x0000000086200000, 0x0000000086200000, 0x0000000086300000|  0%| F|  |TAMS 0x0000000086200000, 0x0000000086200000| Untracked 
|  71|0x0000000086300000, 0x0000000086300000, 0x0000000086400000|  0%| F|  |TAMS 0x0000000086300000, 0x0000000086300000| Untracked 
|  72|0x0000000086400000, 0x0000000086400000, 0x0000000086500000|  0%| F|  |TAMS 0x0000000086400000, 0x0000000086400000| Untracked 
|  73|0x0000000086500000, 0x0000000086500000, 0x0000000086600000|  0%| F|  |TAMS 0x0000000086500000, 0x0000000086500000| Untracked 
|  74|0x0000000086600000, 0x0000000086600000, 0x0000000086700000|  0%| F|  |TAMS 0x0000000086600000, 0x0000000086600000| Untracked 
|  75|0x0000000086700000, 0x0000000086700000, 0x0000000086800000|  0%| F|  |TAMS 0x0000000086700000, 0x0000000086700000| Untracked 
|  76|0x0000000086800000, 0x0000000086800000, 0x0000000086900000|  0%| F|  |TAMS 0x0000000086800000, 0x0000000086800000| Untracked 
|  77|0x0000000086900000, 0x0000000086900000, 0x0000000086a00000|  0%| F|  |TAMS 0x0000000086900000, 0x0000000086900000| Untracked 
|  78|0x0000000086a00000, 0x0000000086a00000, 0x0000000086b00000|  0%| F|  |TAMS 0x0000000086a00000, 0x0000000086a00000| Untracked 
|  79|0x0000000086b00000, 0x0000000086b00000, 0x0000000086c00000|  0%| F|  |TAMS 0x0000000086b00000, 0x0000000086b00000| Untracked 
|  80|0x0000000086c00000, 0x0000000086c00000, 0x0000000086d00000|  0%| F|  |TAMS 0x0000000086c00000, 0x0000000086c00000| Untracked 
|  81|0x0000000086d00000, 0x0000000086d00000, 0x0000000086e00000|  0%| F|  |TAMS 0x0000000086d00000, 0x0000000086d00000| Untracked 
|  82|0x0000000086e00000, 0x0000000086e00000, 0x0000000086f00000|  0%| F|  |TAMS 0x0000000086e00000, 0x0000000086e00000| Untracked 
|  83|0x0000000086f00000, 0x0000000086f00000, 0x0000000087000000|  0%| F|  |TAMS 0x0000000086f00000, 0x0000000086f00000| Untracked 
|  84|0x0000000087000000, 0x0000000087000000, 0x0000000087100000|  0%| F|  |TAMS 0x0000000087000000, 0x0000000087000000| Untracked 
|  85|0x0000000087100000, 0x0000000087100000, 0x0000000087200000|  0%| F|  |TAMS 0x0000000087100000, 0x0000000087100000| Untracked 
|  86|0x0000000087200000, 0x0000000087200000, 0x0000000087300000|  0%| F|  |TAMS 0x0000000087200000, 0x0000000087200000| Untracked 
|  87|0x0000000087300000, 0x0000000087300000, 0x0000000087400000|  0%| F|  |TAMS 0x0000000087300000, 0x0000000087300000| Untracked 
|  88|0x0000000087400000, 0x0000000087400000, 0x0000000087500000|  0%| F|  |TAMS 0x0000000087400000, 0x0000000087400000| Untracked 
|  89|0x0000000087500000, 0x0000000087500000, 0x0000000087600000|  0%| F|  |TAMS 0x0000000087500000, 0x0000000087500000| Untracked 
|  90|0x0000000087600000, 0x0000000087600000, 0x0000000087700000|  0%| F|  |TAMS 0x0000000087600000, 0x0000000087600000| Untracked 
|  91|0x0000000087700000, 0x0000000087700000, 0x0000000087800000|  0%| F|  |TAMS 0x0000000087700000, 0x0000000087700000| Untracked 
|  92|0x0000000087800000, 0x0000000087800000, 0x0000000087900000|  0%| F|  |TAMS 0x0000000087800000, 0x0000000087800000| Untracked 
|  93|0x0000000087900000, 0x0000000087a00000, 0x0000000087a00000|100%| S|CS|TAMS 0x0000000087900000, 0x0000000087900000| Complete 
|  94|0x0000000087a00000, 0x0000000087b00000, 0x0000000087b00000|100%| S|CS|TAMS 0x0000000087a00000, 0x0000000087a00000| Complete 
|  95|0x0000000087b00000, 0x0000000087c00000, 0x0000000087c00000|100%| S|CS|TAMS 0x0000000087b00000, 0x0000000087b00000| Complete 
|  96|0x0000000087c00000, 0x0000000087d00000, 0x0000000087d00000|100%| S|CS|TAMS 0x0000000087c00000, 0x0000000087c00000| Complete 
|  97|0x0000000087d00000, 0x0000000087e00000, 0x0000000087e00000|100%| S|CS|TAMS 0x0000000087d00000, 0x0000000087d00000| Complete 
|  98|0x0000000087e00000, 0x0000000087f00000, 0x0000000087f00000|100%| S|CS|TAMS 0x0000000087e00000, 0x0000000087e00000| Complete 
|  99|0x0000000087f00000, 0x0000000088000000, 0x0000000088000000|100%| S|CS|TAMS 0x0000000087f00000, 0x0000000087f00000| Complete 
| 100|0x0000000088000000, 0x0000000088100000, 0x0000000088100000|100%| S|CS|TAMS 0x0000000088000000, 0x0000000088000000| Complete 
| 101|0x0000000088100000, 0x0000000088100000, 0x0000000088200000|  0%| F|  |TAMS 0x0000000088100000, 0x0000000088100000| Untracked 
| 102|0x0000000088200000, 0x0000000088200000, 0x0000000088300000|  0%| F|  |TAMS 0x0000000088200000, 0x0000000088200000| Untracked 
| 103|0x0000000088300000, 0x0000000088300000, 0x0000000088400000|  0%| F|  |TAMS 0x0000000088300000, 0x0000000088300000| Untracked 
| 104|0x0000000088400000, 0x0000000088400000, 0x0000000088500000|  0%| F|  |TAMS 0x0000000088400000, 0x0000000088400000| Untracked 
| 105|0x0000000088500000, 0x0000000088500000, 0x0000000088600000|  0%| F|  |TAMS 0x0000000088500000, 0x0000000088500000| Untracked 
| 106|0x0000000088600000, 0x0000000088600000, 0x0000000088700000|  0%| F|  |TAMS 0x0000000088600000, 0x0000000088600000| Untracked 
| 107|0x0000000088700000, 0x0000000088700000, 0x0000000088800000|  0%| F|  |TAMS 0x0000000088700000, 0x0000000088700000| Untracked 
| 108|0x0000000088800000, 0x0000000088800000, 0x0000000088900000|  0%| F|  |TAMS 0x0000000088800000, 0x0000000088800000| Untracked 
| 109|0x0000000088900000, 0x0000000088900000, 0x0000000088a00000|  0%| F|  |TAMS 0x0000000088900000, 0x0000000088900000| Untracked 
| 110|0x0000000088a00000, 0x0000000088a00000, 0x0000000088b00000|  0%| F|  |TAMS 0x0000000088a00000, 0x0000000088a00000| Untracked 
| 111|0x0000000088b00000, 0x0000000088b00000, 0x0000000088c00000|  0%| F|  |TAMS 0x0000000088b00000, 0x0000000088b00000| Untracked 
| 112|0x0000000088c00000, 0x0000000088c00000, 0x0000000088d00000|  0%| F|  |TAMS 0x0000000088c00000, 0x0000000088c00000| Untracked 
| 113|0x0000000088d00000, 0x0000000088d00000, 0x0000000088e00000|  0%| F|  |TAMS 0x0000000088d00000, 0x0000000088d00000| Untracked 
| 114|0x0000000088e00000, 0x0000000088e00000, 0x0000000088f00000|  0%| F|  |TAMS 0x0000000088e00000, 0x0000000088e00000| Untracked 
| 115|0x0000000088f00000, 0x0000000088f00000, 0x0000000089000000|  0%| F|  |TAMS 0x0000000088f00000, 0x0000000088f00000| Untracked 
| 116|0x0000000089000000, 0x0000000089000000, 0x0000000089100000|  0%| F|  |TAMS 0x0000000089000000, 0x0000000089000000| Untracked 
| 117|0x0000000089100000, 0x0000000089100000, 0x0000000089200000|  0%| F|  |TAMS 0x0000000089100000, 0x0000000089100000| Untracked 
| 118|0x0000000089200000, 0x0000000089200000, 0x0000000089300000|  0%| F|  |TAMS 0x0000000089200000, 0x0000000089200000| Untracked 
| 119|0x0000000089300000, 0x0000000089300000, 0x0000000089400000|  0%| F|  |TAMS 0x0000000089300000, 0x0000000089300000| Untracked 
| 120|0x0000000089400000, 0x0000000089400000, 0x0000000089500000|  0%| F|  |TAMS 0x0000000089400000, 0x0000000089400000| Untracked 
| 121|0x0000000089500000, 0x0000000089500000, 0x0000000089600000|  0%| F|  |TAMS 0x0000000089500000, 0x0000000089500000| Untracked 
| 122|0x0000000089600000, 0x0000000089600000, 0x0000000089700000|  0%| F|  |TAMS 0x0000000089600000, 0x0000000089600000| Untracked 
| 123|0x0000000089700000, 0x0000000089700000, 0x0000000089800000|  0%| F|  |TAMS 0x0000000089700000, 0x0000000089700000| Untracked 
| 124|0x0000000089800000, 0x0000000089800000, 0x0000000089900000|  0%| F|  |TAMS 0x0000000089800000, 0x0000000089800000| Untracked 
| 125|0x0000000089900000, 0x0000000089900000, 0x0000000089a00000|  0%| F|  |TAMS 0x0000000089900000, 0x0000000089900000| Untracked 
| 126|0x0000000089a00000, 0x0000000089a00000, 0x0000000089b00000|  0%| F|  |TAMS 0x0000000089a00000, 0x0000000089a00000| Untracked 
| 127|0x0000000089b00000, 0x0000000089b00000, 0x0000000089c00000|  0%| F|  |TAMS 0x0000000089b00000, 0x0000000089b00000| Untracked 
| 128|0x0000000089c00000, 0x0000000089c00000, 0x0000000089d00000|  0%| F|  |TAMS 0x0000000089c00000, 0x0000000089c00000| Untracked 
| 129|0x0000000089d00000, 0x0000000089d00000, 0x0000000089e00000|  0%| F|  |TAMS 0x0000000089d00000, 0x0000000089d00000| Untracked 
| 130|0x0000000089e00000, 0x0000000089e00000, 0x0000000089f00000|  0%| F|  |TAMS 0x0000000089e00000, 0x0000000089e00000| Untracked 
| 131|0x0000000089f00000, 0x0000000089f00000, 0x000000008a000000|  0%| F|  |TAMS 0x0000000089f00000, 0x0000000089f00000| Untracked 
| 132|0x000000008a000000, 0x000000008a000000, 0x000000008a100000|  0%| F|  |TAMS 0x000000008a000000, 0x000000008a000000| Untracked 
| 133|0x000000008a100000, 0x000000008a200000, 0x000000008a200000|100%| E|  |TAMS 0x000000008a100000, 0x000000008a100000| Complete 
| 134|0x000000008a200000, 0x000000008a300000, 0x000000008a300000|100%| E|CS|TAMS 0x000000008a200000, 0x000000008a200000| Complete 
| 135|0x000000008a300000, 0x000000008a400000, 0x000000008a400000|100%| E|CS|TAMS 0x000000008a300000, 0x000000008a300000| Complete 
| 136|0x000000008a400000, 0x000000008a500000, 0x000000008a500000|100%| E|CS|TAMS 0x000000008a400000, 0x000000008a400000| Complete 
| 137|0x000000008a500000, 0x000000008a600000, 0x000000008a600000|100%| E|CS|TAMS 0x000000008a500000, 0x000000008a500000| Complete 
| 138|0x000000008a600000, 0x000000008a700000, 0x000000008a700000|100%| E|CS|TAMS 0x000000008a600000, 0x000000008a600000| Complete 
| 139|0x000000008a700000, 0x000000008a800000, 0x000000008a800000|100%| E|CS|TAMS 0x000000008a700000, 0x000000008a700000| Complete 
| 140|0x000000008a800000, 0x000000008a900000, 0x000000008a900000|100%| E|CS|TAMS 0x000000008a800000, 0x000000008a800000| Complete 
| 141|0x000000008a900000, 0x000000008aa00000, 0x000000008aa00000|100%| E|CS|TAMS 0x000000008a900000, 0x000000008a900000| Complete 
| 142|0x000000008aa00000, 0x000000008ab00000, 0x000000008ab00000|100%| E|CS|TAMS 0x000000008aa00000, 0x000000008aa00000| Complete 
| 143|0x000000008ab00000, 0x000000008ac00000, 0x000000008ac00000|100%| E|CS|TAMS 0x000000008ab00000, 0x000000008ab00000| Complete 
| 144|0x000000008ac00000, 0x000000008ad00000, 0x000000008ad00000|100%| E|CS|TAMS 0x000000008ac00000, 0x000000008ac00000| Complete 
| 145|0x000000008ad00000, 0x000000008ae00000, 0x000000008ae00000|100%| E|CS|TAMS 0x000000008ad00000, 0x000000008ad00000| Complete 
| 146|0x000000008ae00000, 0x000000008af00000, 0x000000008af00000|100%| E|CS|TAMS 0x000000008ae00000, 0x000000008ae00000| Complete 
| 147|0x000000008af00000, 0x000000008b000000, 0x000000008b000000|100%| E|CS|TAMS 0x000000008af00000, 0x000000008af00000| Complete 
| 197|0x000000008e100000, 0x000000008e200000, 0x000000008e200000|100%| E|CS|TAMS 0x000000008e100000, 0x000000008e100000| Complete 
| 198|0x000000008e200000, 0x000000008e300000, 0x000000008e300000|100%| E|CS|TAMS 0x000000008e200000, 0x000000008e200000| Complete 

Card table byte_map: [0x000001c2ef650000,0x000001c2efa50000] _byte_map_base: 0x000001c2ef242000

Marking Bits (Prev, Next): (CMBitMap*) 0x000001c2dca9d6b0, (CMBitMap*) 0x000001c2dca9d670
 Prev Bits: [0x000001c2f1de0000, 0x000001c2f3d70000)
 Next Bits: [0x000001c2efe50000, 0x000001c2f1de0000)

Polling page: 0x000001c2daa00000

Metaspace:

Usage:
  Non-class:     53.68 MB used.
      Class:      7.14 MB used.
       Both:     60.83 MB used.

Virtual space:
  Non-class space:       64.00 MB reserved,      53.81 MB ( 84%) committed,  1 nodes.
      Class space:        1.00 GB reserved,       7.25 MB ( <1%) committed,  1 nodes.
             Both:        1.06 GB reserved,      61.06 MB (  6%) committed. 

Chunk freelists:
   Non-Class:  10.03 MB
       Class:  8.69 MB
        Both:  18.72 MB

MaxMetaspaceSize: unlimited
CompressedClassSpaceSize: 1.00 GB
Initial GC threshold: 21.00 MB
Current GC threshold: 85.56 MB
CDS: off
MetaspaceReclaimPolicy: balanced
 - commit_granule_bytes: 65536.
 - commit_granule_words: 8192.
 - virtual_space_node_default_size: 8388608.
 - enlarge_chunks_in_place: 1.
 - new_chunks_are_fully_committed: 0.
 - uncommit_free_chunks: 1.
 - use_allocation_guard: 0.
 - handle_deallocations: 1.


Internal statistics:

num_allocs_failed_limit: 3.
num_arena_births: 308.
num_arena_deaths: 0.
num_vsnodes_births: 2.
num_vsnodes_deaths: 0.
num_space_committed: 975.
num_space_uncommitted: 0.
num_chunks_returned_to_freelist: 3.
num_chunks_taken_from_freelist: 2237.
num_chunk_merges: 3.
num_chunk_splits: 1765.
num_chunks_enlarged: 1518.
num_inconsistent_stats: 0.

CodeHeap 'non-profiled nmethods': size=120000Kb used=3434Kb max_used=3434Kb free=116565Kb
 bounds [0x000001c2e79f0000, 0x000001c2e7d50000, 0x000001c2eef20000]
CodeHeap 'profiled nmethods': size=120000Kb used=15102Kb max_used=15102Kb free=104897Kb
 bounds [0x000001c2dff20000, 0x000001c2e0e00000, 0x000001c2e7450000]
CodeHeap 'non-nmethods': size=5760Kb used=1305Kb max_used=1415Kb free=4454Kb
 bounds [0x000001c2e7450000, 0x000001c2e76c0000, 0x000001c2e79f0000]
 total_blobs=7635 nmethods=7012 adapters=533
 compilation: enabled
              stopped_count=0, restarted_count=0
 full_count=0

Compilation events (20 events):
Event: 8.268 Thread 0x000001c2f6952b60 8091       2       org.jetbrains.kotlin.types.typeUtil.TypeUtilsKt::replaceAnnotations (55 bytes)
Event: 8.269 Thread 0x000001c2f6952b60 nmethod 8091 0x000001c2e04d2e10 code [0x000001c2e04d3160, 0x000001c2e04d3ae8]
Event: 8.269 Thread 0x000001c2f6952b60 8092       2       org.jetbrains.kotlin.types.SimpleTypeImpl::replaceAttributes (9 bytes)
Event: 8.270 Thread 0x000001c2f6952b60 nmethod 8092 0x000001c2e097dc10 code [0x000001c2e097dda0, 0x000001c2e097dec8]
Event: 8.270 Thread 0x000001c2f6952b60 8093       2       kotlin.collections.ArrayAsCollection::toArray (12 bytes)
Event: 8.270 Thread 0x000001c2f6952b60 nmethod 8093 0x000001c2e0b62c90 code [0x000001c2e0b62e20, 0x000001c2e0b62f48]
Event: 8.270 Thread 0x000001c2f6952b60 8094       2       kotlin.collections.CollectionsKt__CollectionsJVMKt::copyToArrayOfAny (41 bytes)
Event: 8.270 Thread 0x000001c2f6952b60 nmethod 8094 0x000001c2e04f0e10 code [0x000001c2e04f1020, 0x000001c2e04f13c8]
Event: 8.271 Thread 0x000001c2f6952b60 8095       2       org.jetbrains.kotlin.load.java.typeEnhancement.NotNullTypeParameterImpl::substitutionResult (138 bytes)
Event: 8.274 Thread 0x000001c2f6952b60 nmethod 8095 0x000001c2e0dee210 code [0x000001c2e0dee780, 0x000001c2e0df0058]
Event: 8.278 Thread 0x000001c2f6952b60 8097       1       java.util.Formatter$Flags::valueOf (5 bytes)
Event: 8.278 Thread 0x000001c2f6952b60 nmethod 8097 0x000001c2e7d4a590 code [0x000001c2e7d4a720, 0x000001c2e7d4a7f8]
Event: 8.280 Thread 0x000001c2f6952b60 8098       2       kotlin.collections.EmptyMap::entrySet (5 bytes)
Event: 8.280 Thread 0x000001c2f6952b60 nmethod 8098 0x000001c2e0b73890 code [0x000001c2e0b73a20, 0x000001c2e0b73b38]
Event: 8.280 Thread 0x000001c2f6952b60 8099       2       kotlin.collections.EmptyMap::getEntries (7 bytes)
Event: 8.280 Thread 0x000001c2f6952b60 nmethod 8099 0x000001c2e0c2e010 code [0x000001c2e0c2e1a0, 0x000001c2e0c2e2b8]
Event: 8.281 Thread 0x000001c2f6952b60 8100       1       javaslang.control.Option$None::isEmpty (2 bytes)
Event: 8.281 Thread 0x000001c2f6952b60 nmethod 8100 0x000001c2e7d4a890 code [0x000001c2e7d4aa20, 0x000001c2e7d4aaf8]
Event: 8.295 Thread 0x000001c2f6952b60 8101       2       org.jetbrains.kotlin.serialization.deserialization.descriptors.DeserializedSimpleFunctionDescriptor::<init> (106 bytes)
Event: 8.297 Thread 0x000001c2f6952b60 nmethod 8101 0x000001c2e04d1090 code [0x000001c2e04d1480, 0x000001c2e04d2488]

GC Heap History (20 events):
Event: 3.384 GC heap before
{Heap before GC invocations=9 (full 0):
 garbage-first heap   total 65536K, used 45853K [0x0000000081c00000, 0x0000000100000000)
  region size 1024K, 23 young (23552K), 1 survivors (1024K)
 Metaspace       used 38926K, committed 39168K, reserved 1114112K
  class space    used 4830K, committed 4928K, reserved 1048576K
}
Event: 3.392 GC heap after
{Heap after GC invocations=10 (full 0):
 garbage-first heap   total 65536K, used 25600K [0x0000000081c00000, 0x0000000100000000)
  region size 1024K, 3 young (3072K), 3 survivors (3072K)
 Metaspace       used 38926K, committed 39168K, reserved 1114112K
  class space    used 4830K, committed 4928K, reserved 1048576K
}
Event: 3.408 GC heap before
{Heap before GC invocations=10 (full 0):
 garbage-first heap   total 65536K, used 26624K [0x0000000081c00000, 0x0000000100000000)
  region size 1024K, 4 young (4096K), 3 survivors (3072K)
 Metaspace       used 39100K, committed 39360K, reserved 1114112K
  class space    used 4847K, committed 4928K, reserved 1048576K
}
Event: 3.415 GC heap after
{Heap after GC invocations=11 (full 0):
 garbage-first heap   total 65536K, used 25795K [0x0000000081c00000, 0x0000000100000000)
  region size 1024K, 1 young (1024K), 1 survivors (1024K)
 Metaspace       used 39100K, committed 39360K, reserved 1114112K
  class space    used 4847K, committed 4928K, reserved 1048576K
}
Event: 3.733 GC heap before
{Heap before GC invocations=11 (full 0):
 garbage-first heap   total 65536K, used 46275K [0x0000000081c00000, 0x0000000100000000)
  region size 1024K, 22 young (22528K), 1 survivors (1024K)
 Metaspace       used 43585K, committed 43776K, reserved 1114112K
  class space    used 5252K, committed 5312K, reserved 1048576K
}
Event: 3.736 GC heap after
{Heap after GC invocations=12 (full 0):
 garbage-first heap   total 65536K, used 27362K [0x0000000081c00000, 0x0000000100000000)
  region size 1024K, 2 young (2048K), 2 survivors (2048K)
 Metaspace       used 43585K, committed 43776K, reserved 1114112K
  class space    used 5252K, committed 5312K, reserved 1048576K
}
Event: 4.229 GC heap before
{Heap before GC invocations=12 (full 0):
 garbage-first heap   total 65536K, used 50914K [0x0000000081c00000, 0x0000000100000000)
  region size 1024K, 23 young (23552K), 2 survivors (2048K)
 Metaspace       used 48753K, committed 49024K, reserved 1114112K
  class space    used 5842K, committed 6016K, reserved 1048576K
}
Event: 4.239 GC heap after
{Heap after GC invocations=13 (full 0):
 garbage-first heap   total 65536K, used 32760K [0x0000000081c00000, 0x0000000100000000)
  region size 1024K, 3 young (3072K), 3 survivors (3072K)
 Metaspace       used 48753K, committed 49024K, reserved 1114112K
  class space    used 5842K, committed 6016K, reserved 1048576K
}
Event: 4.502 GC heap before
{Heap before GC invocations=13 (full 0):
 garbage-first heap   total 65536K, used 50168K [0x0000000081c00000, 0x0000000100000000)
  region size 1024K, 20 young (20480K), 3 survivors (3072K)
 Metaspace       used 50845K, committed 51072K, reserved 1114112K
  class space    used 6068K, committed 6208K, reserved 1048576K
}
Event: 4.513 GC heap after
{Heap after GC invocations=14 (full 0):
 garbage-first heap   total 65536K, used 36864K [0x0000000081c00000, 0x0000000100000000)
  region size 1024K, 3 young (3072K), 3 survivors (3072K)
 Metaspace       used 50845K, committed 51072K, reserved 1114112K
  class space    used 6068K, committed 6208K, reserved 1048576K
}
Event: 4.615 GC heap before
{Heap before GC invocations=15 (full 0):
 garbage-first heap   total 65536K, used 41984K [0x0000000081c00000, 0x0000000100000000)
  region size 1024K, 9 young (9216K), 3 survivors (3072K)
 Metaspace       used 51735K, committed 52032K, reserved 1114112K
  class space    used 6184K, committed 6336K, reserved 1048576K
}
Event: 4.623 GC heap after
{Heap after GC invocations=16 (full 0):
 garbage-first heap   total 65536K, used 38271K [0x0000000081c00000, 0x0000000100000000)
  region size 1024K, 2 young (2048K), 2 survivors (2048K)
 Metaspace       used 51735K, committed 52032K, reserved 1114112K
  class space    used 6184K, committed 6336K, reserved 1048576K
}
Event: 4.680 GC heap before
{Heap before GC invocations=17 (full 0):
 garbage-first heap   total 75776K, used 49535K [0x0000000081c00000, 0x0000000100000000)
  region size 1024K, 13 young (13312K), 2 survivors (2048K)
 Metaspace       used 51796K, committed 52096K, reserved 1114112K
  class space    used 6184K, committed 6336K, reserved 1048576K
}
Event: 4.686 GC heap after
{Heap after GC invocations=18 (full 0):
 garbage-first heap   total 75776K, used 41875K [0x0000000081c00000, 0x0000000100000000)
  region size 1024K, 2 young (2048K), 2 survivors (2048K)
 Metaspace       used 51796K, committed 52096K, reserved 1114112K
  class space    used 6184K, committed 6336K, reserved 1048576K
}
Event: 4.822 GC heap before
{Heap before GC invocations=18 (full 0):
 garbage-first heap   total 75776K, used 57235K [0x0000000081c00000, 0x0000000100000000)
  region size 1024K, 17 young (17408K), 2 survivors (2048K)
 Metaspace       used 52194K, committed 52480K, reserved 1114112K
  class space    used 6205K, committed 6336K, reserved 1048576K
}
Event: 4.829 GC heap after
{Heap after GC invocations=19 (full 0):
 garbage-first heap   total 203776K, used 43191K [0x0000000081c00000, 0x0000000100000000)
  region size 1024K, 3 young (3072K), 3 survivors (3072K)
 Metaspace       used 52194K, committed 52480K, reserved 1114112K
  class space    used 6205K, committed 6336K, reserved 1048576K
}
Event: 7.342 GC heap before
{Heap before GC invocations=20 (full 0):
 garbage-first heap   total 153600K, used 130231K [0x0000000081c00000, 0x0000000100000000)
  region size 1024K, 89 young (91136K), 3 survivors (3072K)
 Metaspace       used 61448K, committed 61760K, reserved 1114112K
  class space    used 7209K, committed 7360K, reserved 1048576K
}
Event: 7.369 GC heap after
{Heap after GC invocations=21 (full 0):
 garbage-first heap   total 153600K, used 56402K [0x0000000081c00000, 0x0000000100000000)
  region size 1024K, 12 young (12288K), 12 survivors (12288K)
 Metaspace       used 61448K, committed 61760K, reserved 1114112K
  class space    used 7209K, committed 7360K, reserved 1048576K
}
Event: 8.078 GC heap before
{Heap before GC invocations=21 (full 0):
 garbage-first heap   total 153600K, used 106578K [0x0000000081c00000, 0x0000000100000000)
  region size 1024K, 61 young (62464K), 12 survivors (12288K)
 Metaspace       used 62216K, committed 62464K, reserved 1114112K
  class space    used 7309K, committed 7424K, reserved 1048576K
}
Event: 8.111 GC heap after
{Heap after GC invocations=22 (full 0):
 garbage-first heap   total 153600K, used 65306K [0x0000000081c00000, 0x0000000100000000)
  region size 1024K, 8 young (8192K), 8 survivors (8192K)
 Metaspace       used 62216K, committed 62464K, reserved 1114112K
  class space    used 7309K, committed 7424K, reserved 1048576K
}

Dll operation events (2 events):
Event: 0.008 Loaded shared library C:\Program Files\Android\Android Studio\jbr\bin\java.dll
Event: 1.332 Loaded shared library C:\Program Files\Android\Android Studio\jbr\bin\verify.dll

Deoptimization events (20 events):
Event: 7.972 Thread 0x000001c2dca41a80 DEOPT PACKING pc=0x000001c2e7ab5514 sp=0x000000720f8fd420
Event: 7.972 Thread 0x000001c2dca41a80 DEOPT UNPACKING pc=0x000001c2e74a69a3 sp=0x000000720f8fd3d0 mode 2
Event: 7.972 Thread 0x000001c2dca41a80 Uncommon trap: trap_request=0xffffffc6 fr.pc=0x000001c2e7ab5514 relative=0x0000000000001314
Event: 7.972 Thread 0x000001c2dca41a80 Uncommon trap: reason=bimorphic_or_optimized_type_check action=maybe_recompile pc=0x000001c2e7ab5514 method=org.jetbrains.kotlin.builtins.KotlinBuiltIns.getPrimitiveType(Lorg/jetbrains/kotlin/descriptors/DeclarationDescriptor;)Lorg/jetbrains/kotlin/builti
Event: 7.972 Thread 0x000001c2dca41a80 DEOPT PACKING pc=0x000001c2e7ab5514 sp=0x000000720f8fd420
Event: 7.972 Thread 0x000001c2dca41a80 DEOPT UNPACKING pc=0x000001c2e74a69a3 sp=0x000000720f8fd3d0 mode 2
Event: 8.023 Thread 0x000001c2dca41a80 DEOPT PACKING pc=0x000001c2e0a6fb19 sp=0x000000720f8fcd30
Event: 8.023 Thread 0x000001c2dca41a80 DEOPT UNPACKING pc=0x000001c2e74a7143 sp=0x000000720f8fc228 mode 0
Event: 8.030 Thread 0x000001c2dca41a80 Uncommon trap: trap_request=0xffffffc6 fr.pc=0x000001c2e7b8ac50 relative=0x00000000000000b0
Event: 8.030 Thread 0x000001c2dca41a80 Uncommon trap: reason=bimorphic_or_optimized_type_check action=maybe_recompile pc=0x000001c2e7b8ac50 method=org.jetbrains.kotlin.types.TypeSubstitutor.isEmpty()Z @ 4 c2
Event: 8.030 Thread 0x000001c2dca41a80 DEOPT PACKING pc=0x000001c2e7b8ac50 sp=0x000000720f8fd560
Event: 8.030 Thread 0x000001c2dca41a80 DEOPT UNPACKING pc=0x000001c2e74a69a3 sp=0x000000720f8fd4f0 mode 2
Event: 8.030 Thread 0x000001c2dca41a80 Uncommon trap: trap_request=0xffffffc6 fr.pc=0x000001c2e7b8ac50 relative=0x00000000000000b0
Event: 8.030 Thread 0x000001c2dca41a80 Uncommon trap: reason=bimorphic_or_optimized_type_check action=maybe_recompile pc=0x000001c2e7b8ac50 method=org.jetbrains.kotlin.types.TypeSubstitutor.isEmpty()Z @ 4 c2
Event: 8.030 Thread 0x000001c2dca41a80 DEOPT PACKING pc=0x000001c2e7b8ac50 sp=0x000000720f8fd560
Event: 8.030 Thread 0x000001c2dca41a80 DEOPT UNPACKING pc=0x000001c2e74a69a3 sp=0x000000720f8fd4f0 mode 2
Event: 8.033 Thread 0x000001c2dca41a80 Uncommon trap: trap_request=0xffffff45 fr.pc=0x000001c2e7b78ae4 relative=0x0000000000001ea4
Event: 8.033 Thread 0x000001c2dca41a80 Uncommon trap: reason=unstable_if action=reinterpret pc=0x000001c2e7b78ae4 method=org.jetbrains.org.objectweb.asm.ClassReader.readElementValue(Lorg/jetbrains/org/objectweb/asm/AnnotationVisitor;ILjava/lang/String;[C)I @ 102 c2
Event: 8.033 Thread 0x000001c2dca41a80 DEOPT PACKING pc=0x000001c2e7b78ae4 sp=0x000000720f8fc710
Event: 8.033 Thread 0x000001c2dca41a80 DEOPT UNPACKING pc=0x000001c2e74a69a3 sp=0x000000720f8fc6a0 mode 2

Classes unloaded (0 events):
No events

Classes redefined (0 events):
No events

Internal exceptions (20 events):
Event: 4.532 Thread 0x000001c2dca41a80 Exception <a 'java/lang/NoSuchMethodError'{0x0000000089bf57a8}: 'java.lang.Object java.lang.invoke.DirectMethodHandle$Holder.newInvokeSpecial(java.lang.Object, java.lang.Object, java.lang.Object, java.lang.Object, java.lang.Object, java.lang.Object, java.lang.Object, java.lang.Object)'> (0x0000000089bf57a8) 
thrown [s\src\hotspot\share\interpreter\linkResolver.cpp, line 771]
Event: 4.532 Thread 0x000001c2dca41a80 Exception <a 'java/lang/NoSuchMethodError'{0x0000000089bfadc0}: 'java.lang.Object java.lang.invoke.DirectMethodHandle$Holder.invokeSpecial(java.lang.Object, java.lang.Object, java.lang.Object, java.lang.Object, java.lang.Object, java.lang.Object, java.lang.Object, java.lang.Object, java.lang.Object)'> (0x0000000089bfadc0) 
thrown [s\src\hotspot\share\interpreter\linkResolver.cpp, line 771]
Event: 4.533 Thread 0x000001c2dca41a80 Exception <a 'java/lang/NoSuchMethodError'{0x0000000089bffcf0}: 'java.lang.Object java.lang.invoke.Invokers$Holder.linkToTargetMethod(java.lang.Object, java.lang.Object, java.lang.Object, java.lang.Object, java.lang.Object, java.lang.Object, java.lang.Object, java.lang.Object)'> (0x0000000089bffcf0) 
thrown [s\src\hotspot\share\interpreter\linkResolver.cpp, line 771]
Event: 5.640 Thread 0x000001c2dca41a80 Exception <a 'java/lang/NoSuchMethodError'{0x000000008937b168}: 'int java.lang.invoke.DirectMethodHandle$Holder.invokeVirtual(java.lang.Object, java.lang.Object, java.lang.Object)'> (0x000000008937b168) 
thrown [s\src\hotspot\share\interpreter\linkResolver.cpp, line 771]
Event: 5.647 Thread 0x000001c2dca41a80 Exception <a 'java/lang/NoSuchMethodError'{0x00000000893b3208}: 'java.lang.Object java.lang.invoke.DirectMethodHandle$Holder.invokeStatic(java.lang.Object, java.lang.Object, java.lang.Object, java.lang.Object, int)'> (0x00000000893b3208) 
thrown [s\src\hotspot\share\interpreter\linkResolver.cpp, line 771]
Event: 5.648 Thread 0x000001c2dca41a80 Exception <a 'java/lang/NoSuchMethodError'{0x00000000893bc9a0}: 'java.lang.Object java.lang.invoke.DirectMethodHandle$Holder.newInvokeSpecial(java.lang.Object, java.lang.Object, java.lang.Object, java.lang.Object, int)'> (0x00000000893bc9a0) 
thrown [s\src\hotspot\share\interpreter\linkResolver.cpp, line 771]
Event: 5.648 Thread 0x000001c2dca41a80 Exception <a 'java/lang/NoSuchMethodError'{0x00000000893c0f80}: 'java.lang.Object java.lang.invoke.DirectMethodHandle$Holder.invokeSpecial(java.lang.Object, java.lang.Object, java.lang.Object, java.lang.Object, java.lang.Object, int)'> (0x00000000893c0f80) 
thrown [s\src\hotspot\share\interpreter\linkResolver.cpp, line 771]
Event: 5.649 Thread 0x000001c2dca41a80 Exception <a 'java/lang/NoSuchMethodError'{0x00000000893c4f10}: 'java.lang.Object java.lang.invoke.Invokers$Holder.linkToTargetMethod(java.lang.Object, java.lang.Object, java.lang.Object, int, java.lang.Object)'> (0x00000000893c4f10) 
thrown [s\src\hotspot\share\interpreter\linkResolver.cpp, line 771]
Event: 5.668 Thread 0x000001c2dca41a80 Exception <a 'java/lang/NoSuchMethodError'{0x0000000089266a68}: 'java.lang.Object java.lang.invoke.DirectMethodHandle$Holder.invokeStaticInit(java.lang.Object, java.lang.Object, java.lang.Object)'> (0x0000000089266a68) 
thrown [s\src\hotspot\share\interpreter\linkResolver.cpp, line 771]
Event: 5.796 Thread 0x000001c2dca41a80 Exception <a 'java/lang/NoSuchMethodError'{0x00000000890fe900}: 'void java.lang.invoke.DirectMethodHandle$Holder.invokeInterface(java.lang.Object, java.lang.Object)'> (0x00000000890fe900) 
thrown [s\src\hotspot\share\interpreter\linkResolver.cpp, line 771]
Event: 6.786 Thread 0x000001c2dca41a80 Exception <a 'java/lang/NoSuchMethodError'{0x0000000087c67cf0}: 'int java.lang.invoke.DirectMethodHandle$Holder.invokeInterface(java.lang.Object, java.lang.Object)'> (0x0000000087c67cf0) 
thrown [s\src\hotspot\share\interpreter\linkResolver.cpp, line 771]
Event: 7.525 Thread 0x000001c2dca41a80 Exception <a 'java/lang/NoSuchMethodError'{0x000000008a4dabf8}: 'java.lang.Object java.lang.invoke.DirectMethodHandle$Holder.newInvokeSpecial(java.lang.Object, int, java.lang.Object)'> (0x000000008a4dabf8) 
thrown [s\src\hotspot\share\interpreter\linkResolver.cpp, line 771]
Event: 7.527 Thread 0x000001c2dca41a80 Implicit null exception at 0x000001c2e7d256ef to 0x000001c2e7d258a8
Event: 7.527 Thread 0x000001c2dca41a80 Implicit null exception at 0x000001c2e7a5560f to 0x000001c2e7a55689
Event: 7.543 Thread 0x000001c2dca41a80 Exception <a 'java/lang/NoSuchMethodError'{0x000000008a347560}: 'java.lang.Object java.lang.invoke.DirectMethodHandle$Holder.invokeStatic(java.lang.Object, int, java.lang.Object)'> (0x000000008a347560) 
thrown [s\src\hotspot\share\interpreter\linkResolver.cpp, line 771]
Event: 7.616 Thread 0x000001c2dca41a80 Exception <a 'java/lang/NoSuchMethodError'{0x0000000089f505f8}: 'java.lang.Object java.lang.invoke.DirectMethodHandle$Holder.newInvokeSpecial(java.lang.Object, java.lang.Object, java.lang.Object, java.lang.Object, java.lang.Object, java.lang.Object)'> (0x0000000089f505f8) 
thrown [s\src\hotspot\share\interpreter\linkResolver.cpp, line 771]
Event: 7.621 Thread 0x000001c2dca41a80 Implicit null exception at 0x000001c2e7c4edaf to 0x000001c2e7c4f1b0
Event: 7.635 Thread 0x000001c2dca41a80 Implicit null exception at 0x000001c2e7cd8fef to 0x000001c2e7cd91bc
Event: 7.645 Thread 0x000001c2dca41a80 Implicit null exception at 0x000001c2e7b2f540 to 0x000001c2e7b2f97c
Event: 7.646 Thread 0x000001c2dca41a80 Implicit null exception at 0x000001c2e7b5d1cc to 0x000001c2e7b5d2c0

VM Operations (20 events):
Event: 7.510 Executing VM operation: ICBufferFull
Event: 7.510 Executing VM operation: ICBufferFull done
Event: 7.520 Executing VM operation: HandshakeAllThreads
Event: 7.520 Executing VM operation: HandshakeAllThreads done
Event: 7.547 Executing VM operation: HandshakeAllThreads
Event: 7.547 Executing VM operation: HandshakeAllThreads done
Event: 7.561 Executing VM operation: HandshakeAllThreads
Event: 7.561 Executing VM operation: HandshakeAllThreads done
Event: 7.604 Executing VM operation: ICBufferFull
Event: 7.605 Executing VM operation: ICBufferFull done
Event: 7.678 Executing VM operation: ICBufferFull
Event: 7.679 Executing VM operation: ICBufferFull done
Event: 7.789 Executing VM operation: ICBufferFull
Event: 7.789 Executing VM operation: ICBufferFull done
Event: 7.885 Executing VM operation: HandshakeAllThreads
Event: 7.885 Executing VM operation: HandshakeAllThreads done
Event: 7.899 Executing VM operation: ICBufferFull
Event: 7.899 Executing VM operation: ICBufferFull done
Event: 8.078 Executing VM operation: G1CollectForAllocation
Event: 8.111 Executing VM operation: G1CollectForAllocation done

Events (20 events):
Event: 7.426 Thread 0x000001c2f6955960 flushing nmethod 0x000001c2e0b73890
Event: 7.426 Thread 0x000001c2f6955960 flushing nmethod 0x000001c2e0b92c10
Event: 7.426 Thread 0x000001c2f6955960 flushing nmethod 0x000001c2e0b95810
Event: 7.426 Thread 0x000001c2f6955960 flushing nmethod 0x000001c2e0ba5690
Event: 7.426 Thread 0x000001c2f6955960 flushing nmethod 0x000001c2e0bafc10
Event: 7.427 Thread 0x000001c2f6955960 flushing nmethod 0x000001c2e0c0ef10
Event: 7.427 Thread 0x000001c2f6955960 flushing nmethod 0x000001c2e0c20490
Event: 7.427 Thread 0x000001c2f6955960 flushing nmethod 0x000001c2e0c2e010
Event: 7.427 Thread 0x000001c2f6955960 flushing nmethod 0x000001c2e0c2e710
Event: 7.427 Thread 0x000001c2f6955960 flushing nmethod 0x000001c2e0c3a010
Event: 7.427 Thread 0x000001c2f6955960 flushing nmethod 0x000001c2e0c49910
Event: 7.427 Thread 0x000001c2f6955960 flushing nmethod 0x000001c2e0c54310
Event: 7.427 Thread 0x000001c2f6955960 flushing nmethod 0x000001c2e0c62090
Event: 7.427 Thread 0x000001c2f6955960 flushing nmethod 0x000001c2e0c64c10
Event: 7.427 Thread 0x000001c2f6955960 flushing nmethod 0x000001c2e0c6fe90
Event: 7.427 Thread 0x000001c2f6955960 flushing nmethod 0x000001c2e0c70810
Event: 7.427 Thread 0x000001c2f6955960 flushing nmethod 0x000001c2e0c70c10
Event: 7.428 Thread 0x000001c2f6955960 flushing nmethod 0x000001c2e0cb1d10
Event: 7.428 Thread 0x000001c2f6955960 flushing nmethod 0x000001c2e0ce2190
Event: 7.428 Thread 0x000001c2f6955960 flushing nmethod 0x000001c2e0d1dd10


Dynamic libraries:
0x00007ff7da620000 - 0x00007ff7da62a000 	C:\Program Files\Android\Android Studio\jbr\bin\java.exe
0x00007ffa94570000 - 0x00007ffa94768000 	C:\Windows\SYSTEM32\ntdll.dll
0x00007ffa92f70000 - 0x00007ffa9302d000 	C:\Windows\System32\KERNEL32.DLL
0x00007ffa91fe0000 - 0x00007ffa922d6000 	C:\Windows\System32\KERNELBASE.dll
0x00007ffa91d90000 - 0x00007ffa91e90000 	C:\Windows\System32\ucrtbase.dll
0x00007ffa67ff0000 - 0x00007ffa68007000 	C:\Program Files\Android\Android Studio\jbr\bin\jli.dll
0x00007ffa94120000 - 0x00007ffa942be000 	C:\Windows\System32\USER32.dll
0x00007ffa91fb0000 - 0x00007ffa91fd2000 	C:\Windows\System32\win32u.dll
0x00007ffa93b30000 - 0x00007ffa93b5b000 	C:\Windows\System32\GDI32.dll
0x00007ffa91e90000 - 0x00007ffa91fa7000 	C:\Windows\System32\gdi32full.dll
0x00007ffa923f0000 - 0x00007ffa9248d000 	C:\Windows\System32\msvcp_win.dll
0x00007ffa80970000 - 0x00007ffa8098b000 	C:\Program Files\Android\Android Studio\jbr\bin\VCRUNTIME140.dll
0x00007ffa799d0000 - 0x00007ffa79c6a000 	C:\Windows\WinSxS\amd64_microsoft.windows.common-controls_6595b64144ccf1df_6.0.19041.3636_none_60b6a03d71f818d5\COMCTL32.dll
0x00007ffa93570000 - 0x00007ffa9360e000 	C:\Windows\System32\msvcrt.dll
0x00007ffa92db0000 - 0x00007ffa92de2000 	C:\Windows\System32\IMM32.DLL
0x00007ffa8c8b0000 - 0x00007ffa8c8bc000 	C:\Program Files\Android\Android Studio\jbr\bin\vcruntime140_1.dll
0x00007ffa7e7e0000 - 0x00007ffa7e86d000 	C:\Program Files\Android\Android Studio\jbr\bin\msvcp140.dll
0x00007ffa393f0000 - 0x00007ffa3a070000 	C:\Program Files\Android\Android Studio\jbr\bin\server\jvm.dll
0x00007ffa94470000 - 0x00007ffa94523000 	C:\Windows\System32\ADVAPI32.dll
0x00007ffa92ed0000 - 0x00007ffa92f6f000 	C:\Windows\System32\sechost.dll
0x00007ffa93440000 - 0x00007ffa93566000 	C:\Windows\System32\RPCRT4.dll
0x00007ffa923c0000 - 0x00007ffa923e7000 	C:\Windows\System32\bcrypt.dll
0x00007ffa8b080000 - 0x00007ffa8b089000 	C:\Windows\SYSTEM32\WSOCK32.dll
0x00007ffa93bf0000 - 0x00007ffa93c5b000 	C:\Windows\System32\WS2_32.dll
0x00007ffa7f250000 - 0x00007ffa7f277000 	C:\Windows\SYSTEM32\WINMM.dll
0x00007ffa8a2d0000 - 0x00007ffa8a2da000 	C:\Windows\SYSTEM32\VERSION.dll
0x00007ffa904c0000 - 0x00007ffa904d2000 	C:\Windows\SYSTEM32\kernel.appcore.dll
0x00007ffa80960000 - 0x00007ffa8096a000 	C:\Program Files\Android\Android Studio\jbr\bin\jimage.dll
0x00007ffa90250000 - 0x00007ffa90434000 	C:\Windows\SYSTEM32\DBGHELP.DLL
0x00007ffa787c0000 - 0x00007ffa787f4000 	C:\Windows\SYSTEM32\dbgcore.DLL
0x00007ffa922e0000 - 0x00007ffa92362000 	C:\Windows\System32\bcryptPrimitives.dll
0x00007ffa6bf00000 - 0x00007ffa6bf25000 	C:\Program Files\Android\Android Studio\jbr\bin\java.dll
0x00007ffa75130000 - 0x00007ffa75148000 	C:\Program Files\Android\Android Studio\jbr\bin\zip.dll
0x00007ffa925b0000 - 0x00007ffa92cf5000 	C:\Windows\System32\SHELL32.dll
0x00007ffa8fab0000 - 0x00007ffa9024c000 	C:\Windows\SYSTEM32\windows.storage.dll
0x00007ffa93d20000 - 0x00007ffa94074000 	C:\Windows\System32\combase.dll
0x00007ffa91660000 - 0x00007ffa9168e000 	C:\Windows\SYSTEM32\Wldp.dll
0x00007ffa93030000 - 0x00007ffa930fd000 	C:\Windows\System32\OLEAUT32.dll
0x00007ffa93610000 - 0x00007ffa936bd000 	C:\Windows\System32\SHCORE.dll
0x00007ffa933e0000 - 0x00007ffa93435000 	C:\Windows\System32\shlwapi.dll
0x00007ffa91b60000 - 0x00007ffa91b85000 	C:\Windows\SYSTEM32\profapi.dll
0x00007ffa6bdc0000 - 0x00007ffa6bdd9000 	C:\Program Files\Android\Android Studio\jbr\bin\net.dll
0x00007ffa88c30000 - 0x00007ffa88d3a000 	C:\Windows\SYSTEM32\WINHTTP.dll
0x00007ffa913c0000 - 0x00007ffa9142a000 	C:\Windows\system32\mswsock.dll
0x00007ffa6bcb0000 - 0x00007ffa6bcc6000 	C:\Program Files\Android\Android Studio\jbr\bin\nio.dll
0x00007ffa80950000 - 0x00007ffa80960000 	C:\Program Files\Android\Android Studio\jbr\bin\verify.dll

dbghelp: loaded successfully - version: 4.0.5 - missing functions: none
symbol engine: initialized successfully - sym options: 0x614 - pdb path: .;C:\Program Files\Android\Android Studio\jbr\bin;C:\Windows\SYSTEM32;C:\Windows\WinSxS\amd64_microsoft.windows.common-controls_6595b64144ccf1df_6.0.19041.3636_none_60b6a03d71f818d5;C:\Program Files\Android\Android Studio\jbr\bin\server

VM Arguments:
java_command: org.jetbrains.kotlin.cli.jvm.K2JVMCompiler @C:\Users\ali\Panda\node_modules\react-native-screens\android\build\20240304_1924592870388596748.compiler.options
java_class_path (initial): C:\Users\ali\.gradle\caches\modules-2\files-2.1\org.jetbrains.kotlin\kotlin-compiler-embeddable\1.8.0\eb9118d4bcceaa2a94b2ae2a33a4ddba7c9a947f\kotlin-compiler-embeddable-1.8.0.jar;C:\Users\ali\.gradle\caches\modules-2\files-2.1\org.jetbrains.kotlin\kotlin-stdlib\1.8.0\1796921c7a3e2e2665a83e6c8d33399336cd39bc\kotlin-stdlib-1.8.0.jar;C:\Users\ali\.gradle\caches\modules-2\files-2.1\org.jetbrains.kotlin\kotlin-script-runtime\1.8.0\b2f7e760d283cb339974851c222a4c1d48f2d3d\kotlin-script-runtime-1.8.0.jar;C:\Users\ali\.gradle\caches\modules-2\files-2.1\org.jetbrains.kotlin\kotlin-reflect\1.6.10\1cbe9c92c12a94eea200d23c2bbaedaf3daf5132\kotlin-reflect-1.6.10.jar;C:\Users\ali\.gradle\caches\modules-2\files-2.1\org.jetbrains.kotlin\kotlin-daemon-embeddable\1.8.0\d255216c551685dc3a7e852b53617f5f01aaaa5c\kotlin-daemon-embeddable-1.8.0.jar;C:\Users\ali\.gradle\caches\modules-2\files-2.1\org.jetbrains.intellij.deps\trove4j\1.0.20200330\3afb14d5f9ceb459d724e907a21145e8ff394f02\trove4j-1.0.20200330.jar;C:\Users\ali\.gradle\caches\modules-2\files-2.1\net.java.dev.jna\jna\5.6.0\330f2244e9030119ab3030fc3fededc86713d9cc\jna-5.6.0.jar;C:\Users\ali\.gradle\caches\modules-2\files-2.1\org.jetbrains.kotlin\kotlin-stdlib-common\1.8.0\f7197e7cc76453ac59f8b0f8d5137cc600becd36\kotlin-stdlib-common-1.8.0.jar;C:\Users\ali\.gradle\caches\modules-2\files-2.1\org.jetbrains\annotations\13.0\919f0dfe192fb4e063e7dacadee7f8bb9a2672a9\annotations-13.0.jar
Launcher Type: SUN_STANDARD

[Global flags]
     intx CICompilerCount                          = 4                                         {product} {ergonomic}
     uint ConcGCThreads                            = 2                                         {product} {ergonomic}
     uint G1ConcRefinementThreads                  = 8                                         {product} {ergonomic}
   size_t G1HeapRegionSize                         = 1048576                                   {product} {ergonomic}
    uintx GCDrainStackTargetSize                   = 64                                        {product} {ergonomic}
   size_t InitialHeapSize                          = 134217728                                 {product} {ergonomic}
   size_t MarkStackSize                            = 4194304                                   {product} {ergonomic}
   size_t MaxHeapSize                              = 2118123520                                {product} {ergonomic}
   size_t MaxNewSize                               = 1270874112                                {product} {ergonomic}
   size_t MinHeapDeltaBytes                        = 1048576                                   {product} {ergonomic}
   size_t MinHeapSize                              = 8388608                                   {product} {ergonomic}
    uintx NonNMethodCodeHeapSize                   = 5839372                                {pd product} {ergonomic}
    uintx NonProfiledCodeHeapSize                  = 122909434                              {pd product} {ergonomic}
    uintx ProfiledCodeHeapSize                     = 122909434                              {pd product} {ergonomic}
    uintx ReservedCodeCacheSize                    = 251658240                              {pd product} {ergonomic}
     bool SegmentedCodeCache                       = true                                      {product} {ergonomic}
   size_t SoftMaxHeapSize                          = 2118123520                             {manageable} {ergonomic}
     bool UseCompressedClassPointers               = true                           {product lp64_product} {ergonomic}
     bool UseCompressedOops                        = true                           {product lp64_product} {ergonomic}
     bool UseG1GC                                  = true                                      {product} {ergonomic}
     bool UseLargePagesIndividualAllocation        = false                                  {pd product} {ergonomic}

Logging:
Log output configuration:
 #0: stdout all=warning uptime,level,tags
 #1: stderr all=off uptime,level,tags

Environment Variables:
JAVA_HOME=C:\Program Files\Java\jdk-17
PATH=C:\Program Files\Common Files\Oracle\Java\javapath;C:\Program Files (x86)\Common Files\Oracle\Java\javapath;C:\Python312\Scripts\;C:\Python312\;C:\Windows\system32;C:\Windows;C:\Windows\System32\Wbem;C:\Windows\System32\WindowsPowerShell\v1.0\;C:\Windows\System32\OpenSSH\;C:\Program Files\nodejs\;C:\ProgramData\chocolatey\bin;C:\Program Files\dotnet\;C:\Program Files\Git\cmd;%JAVA_HOME%\bin;C:\Users\ali\AppData\Local\Microsoft\WindowsApps;C:\Users\ali\AppData\Local\Programs\Microsoft VS Code\bin;C:\Program Files\JetBrains\IntelliJ IDEA 2023.3.2\bin;;C:\Users\ali\AppData\Roaming\npm;C:\Users\ali\AppData\Local\Android\Sdk\platform-tools;C:\Users\ali\.dotnet\tools;C:\Users\ali\AppData\Local\GitHubDesktop\bin;C:\Users\ali\AppData\Local\Android\Sdk\platform-tools;
USERNAME=ali
OS=Windows_NT
PROCESSOR_IDENTIFIER=Intel64 Family 6 Model 158 Stepping 10, GenuineIntel
TMP=C:\Users\ali\AppData\Local\Temp
TEMP=C:\Users\ali\AppData\Local\Temp


JNI global refs:
JNI global refs: 13, weak refs: 17

JNI global refs memory usage: 843, weak refs: 841

OOME stack traces (most recent first):
Classloader memory used:
Loader jdk.internal.loader.ClassLoaders$AppClassLoader                                 : 6098K
Loader bootstrap                                                                       : 1632K
Loader jdk.internal.loader.ClassLoaders$PlatformClassLoader                            : 34364B
Loader jdk.internal.reflect.DelegatingClassLoader                                      : 21290B


---------------  S Y S T E M  ---------------

OS:
 Windows 10 , 64 bit Build 19041 (10.0.19041.3636)
OS uptime: 1 days 0:43 hours

CPU: total 8 (initial active 8) (4 cores per cpu, 2 threads per core) family 6 model 158 stepping 10 microcode 0xf0, cx8, cmov, fxsr, ht, mmx, 3dnowpref, sse, sse2, sse3, ssse3, sse4.1, sse4.2, popcnt, lzcnt, tsc, tscinvbit, avx, avx2, aes, erms, clmul, bmi1, bmi2, adx, fma, vzeroupper, clflush, clflushopt

Memory: 4k page, system-wide physical 8073M (585M free)
TotalPageFile size 12169M (AvailPageFile size 4M)
current process WorkingSet (physical memory assigned to process): 342M, peak: 343M
current process commit charge ("private bytes"): 381M, peak: 421M

vm_info: OpenJDK 64-Bit Server VM (17.0.7+0-b2043.56-10550314) for windows-amd64 JRE (17.0.7+0-b2043.56-10550314), built on Jul 24 2023 18:27:45 by "androidbuild" with MS VC++ 16.10 / 16.11 (VS2019)

END.
