#
# There is insufficient memory for the Java Runtime Environment to continue.
# Native memory allocation (mmap) failed to map 28311552 bytes for G1 virtual space
# Possible reasons:
#   The system is out of physical RAM or swap space
#   The process is running with CompressedOops enabled, and the Java Heap may be blocking the growth of the native heap
# Possible solutions:
#   Reduce memory load on the system
#   Increase physical memory or swap space
#   Check if swap backing store is full
#   Decrease Java heap size (-Xmx/-Xms)
#   Decrease number of Java threads
#   Decrease Java thread stack sizes (-Xss)
#   Set larger code cache with -XX:ReservedCodeCacheSize=
#   JVM is running with Unscaled Compressed Oops mode in which the Java heap is
#     placed in the first 4GB address space. The Java Heap base address is the
#     maximum limit for the native heap growth. Please use -XX:HeapBaseMinAddress
#     to set the Java Heap base and to place the Java Heap above 4GB virtual address.
# This output file may be truncated or incomplete.
#
#  Out of Memory Error (os_windows.cpp:3771), pid=7936, tid=5332
#
# JRE version: OpenJDK Runtime Environment (17.0.7) (build 17.0.7+0-b2043.56-10550314)
# Java VM: OpenJDK 64-Bit Server VM (17.0.7+0-b2043.56-10550314, mixed mode, tiered, compressed oops, compressed class ptrs, g1 gc, windows-amd64)
# No core dump will be written. Minidumps are not enabled by default on client versions of Windows
#

---------------  S U M M A R Y ------------

Command Line: org.jetbrains.kotlin.cli.jvm.K2JVMCompiler @C:\Users\ali\Panda\node_modules\@react-native\gradle-plugin\build\20240304_6336994009584803353.compiler.options

Host: Intel(R) Core(TM) i5-8300H CPU @ 2.30GHz, 8 cores, 7G,  Windows 10 , 64 bit Build 19041 (10.0.19041.3636)
Time: Mon Mar  4 02:56:27 2024 Jerusalem Standard Time elapsed time: 2.443349 seconds (0d 0h 0m 2s)

---------------  T H R E A D  ---------------

Current thread (0x0000018af4ca50c0):  VMThread "VM Thread" [stack: 0x0000000258600000,0x0000000258700000] [id=5332]

Stack: [0x0000000258600000,0x0000000258700000]
Native frames: (J=compiled Java code, j=interpreted, Vv=VM code, C=native code)
V  [jvm.dll+0x683bfa]
V  [jvm.dll+0x8430a4]
V  [jvm.dll+0x8449be]
V  [jvm.dll+0x845023]
V  [jvm.dll+0x24ad2f]
V  [jvm.dll+0x680ac9]
V  [jvm.dll+0x67519a]
V  [jvm.dll+0x30b3cb]
V  [jvm.dll+0x312876]
V  [jvm.dll+0x36221e]
V  [jvm.dll+0x36244f]
V  [jvm.dll+0x2e14a8]
V  [jvm.dll+0x2df684]
V  [jvm.dll+0x2dec8c]
V  [jvm.dll+0x323b51]
V  [jvm.dll+0x8496eb]
V  [jvm.dll+0x84a424]
V  [jvm.dll+0x84a93d]
V  [jvm.dll+0x84ad14]
V  [jvm.dll+0x84ade0]
V  [jvm.dll+0x7f2aea]
V  [jvm.dll+0x682a35]
C  [ucrtbase.dll+0x21bb2]
C  [KERNEL32.DLL+0x17344]
C  [ntdll.dll+0x526b1]

VM_Operation (0x00000002580fcf70): G1TryInitiateConcMark, mode: safepoint, requested by thread 0x0000018adaf35030


---------------  P R O C E S S  ---------------

Threads class SMR info:
_java_thread_list=0x0000018af4cc0800, length=13, elements={
0x0000018adaf35030, 0x0000018af9013260, 0x0000018af4ca6ce0, 0x0000018af902f050,
0x0000018af9031b10, 0x0000018af90324c0, 0x0000018af9032e70, 0x0000018af9049010,
0x0000018af9051920, 0x0000018af9054230, 0x0000018af91a4b20, 0x0000018af91ba4a0,
0x0000018af94eb270
}

Java Threads: ( => current thread )
  0x0000018adaf35030 JavaThread "main" [_thread_blocked, id=8512, stack(0x0000000258000000,0x0000000258100000)]
  0x0000018af9013260 JavaThread "Reference Handler" daemon [_thread_blocked, id=8184, stack(0x0000000258700000,0x0000000258800000)]
  0x0000018af4ca6ce0 JavaThread "Finalizer" daemon [_thread_blocked, id=5760, stack(0x0000000258800000,0x0000000258900000)]
  0x0000018af902f050 JavaThread "Signal Dispatcher" daemon [_thread_blocked, id=10468, stack(0x0000000258900000,0x0000000258a00000)]
  0x0000018af9031b10 JavaThread "Attach Listener" daemon [_thread_blocked, id=5796, stack(0x0000000258a00000,0x0000000258b00000)]
  0x0000018af90324c0 JavaThread "Service Thread" daemon [_thread_blocked, id=11988, stack(0x0000000258b00000,0x0000000258c00000)]
  0x0000018af9032e70 JavaThread "Monitor Deflation Thread" daemon [_thread_blocked, id=1400, stack(0x0000000258c00000,0x0000000258d00000)]
  0x0000018af9049010 JavaThread "C2 CompilerThread0" daemon [_thread_blocked, id=10708, stack(0x0000000258d00000,0x0000000258e00000)]
  0x0000018af9051920 JavaThread "C1 CompilerThread0" daemon [_thread_blocked, id=13188, stack(0x0000000258e00000,0x0000000258f00000)]
  0x0000018af9054230 JavaThread "Sweeper thread" daemon [_thread_blocked, id=7912, stack(0x0000000258f00000,0x0000000259000000)]
  0x0000018af91a4b20 JavaThread "Notification Thread" daemon [_thread_blocked, id=11216, stack(0x0000000259000000,0x0000000259100000)]
  0x0000018af91ba4a0 JavaThread "Common-Cleaner" daemon [_thread_blocked, id=6640, stack(0x0000000259200000,0x0000000259300000)]
  0x0000018af94eb270 JavaThread "C2 CompilerThread1" daemon [_thread_blocked, id=12044, stack(0x0000000259300000,0x0000000259400000)]

Other Threads:
=>0x0000018af4ca50c0 VMThread "VM Thread" [stack: 0x0000000258600000,0x0000000258700000] [id=5332]
  0x0000018adafae330 WatcherThread [stack: 0x0000000259100000,0x0000000259200000] [id=2764]
  0x0000018adaf8cfa0 GCTaskThread "GC Thread#0" [stack: 0x0000000258100000,0x0000000258200000] [id=5420]
  0x0000018af97424f0 GCTaskThread "GC Thread#1" [stack: 0x0000000259400000,0x0000000259500000] [id=11012]
  0x0000018af965c6c0 GCTaskThread "GC Thread#2" [stack: 0x0000000259500000,0x0000000259600000] [id=2768]
  0x0000018af9777840 GCTaskThread "GC Thread#3" [stack: 0x0000000259600000,0x0000000259700000] [id=6840]
  0x0000018af9777af0 GCTaskThread "GC Thread#4" [stack: 0x0000000259700000,0x0000000259800000] [id=2572]
  0x0000018afa0f2300 GCTaskThread "GC Thread#5" [stack: 0x0000000259800000,0x0000000259900000] [id=512]
  0x0000018afa0e3820 GCTaskThread "GC Thread#6" [stack: 0x0000000259900000,0x0000000259a00000] [id=6544]
  0x0000018af9ddd5a0 GCTaskThread "GC Thread#7" [stack: 0x0000000259a00000,0x0000000259b00000] [id=1460]
  0x0000018adaf9eb70 ConcurrentGCThread "G1 Main Marker" [stack: 0x0000000258200000,0x0000000258300000] [id=9060]
  0x0000018adaf9fd20 ConcurrentGCThread "G1 Conc#0" [stack: 0x0000000258300000,0x0000000258400000] [id=11948]
  0x0000018af9ddddb0 ConcurrentGCThread "G1 Conc#1" [stack: 0x0000000259b00000,0x0000000259c00000] [id=12912]
  0x0000018af4b120c0 ConcurrentGCThread "G1 Refine#0" [stack: 0x0000000258400000,0x0000000258500000] [id=6492]
  0x0000018afba51210 ConcurrentGCThread "G1 Refine#1" [stack: 0x0000000259c00000,0x0000000259d00000] [id=9116]
  0x0000018afa5f6af0 ConcurrentGCThread "G1 Refine#2" [stack: 0x0000000259d00000,0x0000000259e00000] [id=6820]
  0x0000018afa4aa890 ConcurrentGCThread "G1 Refine#3" [stack: 0x0000000259e00000,0x0000000259f00000] [id=1092]
  0x0000018afb167070 ConcurrentGCThread "G1 Refine#4" [stack: 0x0000000259f00000,0x000000025a000000] [id=7976]
  0x0000018afb0d7010 ConcurrentGCThread "G1 Refine#5" [stack: 0x000000025a000000,0x000000025a100000] [id=3616]
  0x0000018af4b12ae0 ConcurrentGCThread "G1 Service" [stack: 0x0000000258500000,0x0000000258600000] [id=11236]

Threads with active compile tasks:
C2 CompilerThread0     2468 3080   !   4       java.net.URL::<init> (543 bytes)
C2 CompilerThread1     2468 2834       4       org.jetbrains.kotlin.parsing.AbstractKotlinParsing::at (114 bytes)

VM state: at safepoint (normal execution)

VM Mutex/Monitor currently owned by a thread:  ([mutex/lock_event])
[0x0000018adaf301d0] Threads_lock - owner thread: 0x0000018af4ca50c0
[0x0000018adaf30ec0] Heap_lock - owner thread: 0x0000018adaf35030

Heap address: 0x0000000081c00000, size: 2020 MB, Compressed Oops mode: 32-bit

CDS archive(s) not mapped
Compressed class space mapped at: 0x0000000100000000-0x0000000140000000, reserved size: 1073741824
Narrow klass base: 0x0000000000000000, Narrow klass shift: 3, Narrow klass range: 0x140000000

GC Precious Log:
 CPUs: 8 total, 8 available
 Memory: 8073M
 Large Page Support: Disabled
 NUMA Support: Disabled
 Compressed Oops: Enabled (32-bit)
 Heap Region Size: 1M
 Heap Min Capacity: 8M
 Heap Initial Capacity: 128M
 Heap Max Capacity: 2020M
 Pre-touch: Disabled
 Parallel Workers: 8
 Concurrent Workers: 2
 Concurrent Refinement Workers: 8
 Periodic GC: Disabled

Heap:
 garbage-first heap   total 135168K, used 42195K [0x0000000081c00000, 0x0000000100000000)
  region size 1024K, 2 young (2048K), 2 survivors (2048K)
 Metaspace       used 39331K, committed 39552K, reserved 1114112K
  class space    used 4881K, committed 4992K, reserved 1048576K

Heap Regions: E=young(eden), S=young(survivor), O=old, HS=humongous(starts), HC=humongous(continues), CS=collection set, F=free, OA=open archive, CA=closed archive, TAMS=top-at-mark-start (previous, next)
|   0|0x0000000081c00000, 0x0000000081d00000, 0x0000000081d00000|100%|HS|  |TAMS 0x0000000081d00000, 0x0000000081d00000| Complete 
|   1|0x0000000081d00000, 0x0000000081e00000, 0x0000000081e00000|100%|HC|  |TAMS 0x0000000081e00000, 0x0000000081e00000| Complete 
|   2|0x0000000081e00000, 0x0000000081f00000, 0x0000000081f00000|100%|HC|  |TAMS 0x0000000081f00000, 0x0000000081f00000| Complete 
|   3|0x0000000081f00000, 0x0000000082000000, 0x0000000082000000|100%|HC|  |TAMS 0x0000000082000000, 0x0000000082000000| Complete 
|   4|0x0000000082000000, 0x0000000082100000, 0x0000000082100000|100%| O|  |TAMS 0x0000000082100000, 0x0000000082100000| Untracked 
|   5|0x0000000082100000, 0x0000000082200000, 0x0000000082200000|100%| O|  |TAMS 0x0000000082200000, 0x0000000082200000| Untracked 
|   6|0x0000000082200000, 0x0000000082300000, 0x0000000082300000|100%| O|  |TAMS 0x0000000082200000, 0x0000000082300000| Untracked 
|   7|0x0000000082300000, 0x0000000082400000, 0x0000000082400000|100%|HS|  |TAMS 0x0000000082400000, 0x0000000082400000| Complete 
|   8|0x0000000082400000, 0x0000000082500000, 0x0000000082500000|100%|HC|  |TAMS 0x0000000082500000, 0x0000000082500000| Complete 
|   9|0x0000000082500000, 0x0000000082600000, 0x0000000082600000|100%|HC|  |TAMS 0x0000000082600000, 0x0000000082600000| Complete 
|  10|0x0000000082600000, 0x0000000082700000, 0x0000000082700000|100%|HC|  |TAMS 0x0000000082700000, 0x0000000082700000| Complete 
|  11|0x0000000082700000, 0x0000000082800000, 0x0000000082800000|100%| O|  |TAMS 0x0000000082800000, 0x0000000082800000| Untracked 
|  12|0x0000000082800000, 0x0000000082900000, 0x0000000082900000|100%| O|  |TAMS 0x0000000082900000, 0x0000000082900000| Untracked 
|  13|0x0000000082900000, 0x0000000082a00000, 0x0000000082a00000|100%| O|  |TAMS 0x0000000082a00000, 0x0000000082a00000| Untracked 
|  14|0x0000000082a00000, 0x0000000082b00000, 0x0000000082b00000|100%| O|  |TAMS 0x0000000082b00000, 0x0000000082b00000| Untracked 
|  15|0x0000000082b00000, 0x0000000082c00000, 0x0000000082c00000|100%| O|  |TAMS 0x0000000082b00000, 0x0000000082c00000| Untracked 
|  16|0x0000000082c00000, 0x0000000082d00000, 0x0000000082d00000|100%| O|  |TAMS 0x0000000082c00000, 0x0000000082d00000| Untracked 
|  17|0x0000000082d00000, 0x0000000082e00000, 0x0000000082e00000|100%| O|  |TAMS 0x0000000082e00000, 0x0000000082e00000| Untracked 
|  18|0x0000000082e00000, 0x0000000082f00000, 0x0000000082f00000|100%| O|  |TAMS 0x0000000082f00000, 0x0000000082f00000| Untracked 
|  19|0x0000000082f00000, 0x0000000083000000, 0x0000000083000000|100%| O|  |TAMS 0x0000000083000000, 0x0000000083000000| Untracked 
|  20|0x0000000083000000, 0x0000000083100000, 0x0000000083100000|100%| O|  |TAMS 0x0000000083100000, 0x0000000083100000| Untracked 
|  21|0x0000000083100000, 0x0000000083200000, 0x0000000083200000|100%| O|  |TAMS 0x0000000083200000, 0x0000000083200000| Untracked 
|  22|0x0000000083200000, 0x0000000083300000, 0x0000000083300000|100%| O|  |TAMS 0x0000000083300000, 0x0000000083300000| Untracked 
|  23|0x0000000083300000, 0x0000000083400000, 0x0000000083400000|100%| O|  |TAMS 0x0000000083400000, 0x0000000083400000| Untracked 
|  24|0x0000000083400000, 0x0000000083500000, 0x0000000083500000|100%| O|  |TAMS 0x0000000083480000, 0x0000000083500000| Untracked 
|  25|0x0000000083500000, 0x0000000083600000, 0x0000000083600000|100%| O|  |TAMS 0x0000000083500000, 0x00000000835e7200| Untracked 
|  26|0x0000000083600000, 0x000000008364da00, 0x0000000083700000| 30%| O|  |TAMS 0x0000000083600000, 0x0000000083600000| Untracked 
|  27|0x0000000083700000, 0x0000000083800000, 0x0000000083800000|100%| O|  |TAMS 0x0000000083800000, 0x0000000083800000| Untracked 
|  28|0x0000000083800000, 0x0000000083900000, 0x0000000083900000|100%| O|  |TAMS 0x0000000083900000, 0x0000000083900000| Untracked 
|  29|0x0000000083900000, 0x0000000083a00000, 0x0000000083a00000|100%| O|  |TAMS 0x0000000083a00000, 0x0000000083a00000| Untracked 
|  30|0x0000000083a00000, 0x0000000083b00000, 0x0000000083b00000|100%|HS|  |TAMS 0x0000000083a00000, 0x0000000083b00000| Complete 
|  31|0x0000000083b00000, 0x0000000083c00000, 0x0000000083c00000|100%|HC|  |TAMS 0x0000000083b00000, 0x0000000083c00000| Complete 
|  32|0x0000000083c00000, 0x0000000083d00000, 0x0000000083d00000|100%|HC|  |TAMS 0x0000000083c00000, 0x0000000083d00000| Complete 
|  33|0x0000000083d00000, 0x0000000083e00000, 0x0000000083e00000|100%|HC|  |TAMS 0x0000000083d00000, 0x0000000083e00000| Complete 
|  34|0x0000000083e00000, 0x0000000083f00000, 0x0000000083f00000|100%|HC|  |TAMS 0x0000000083e00000, 0x0000000083f00000| Complete 
|  35|0x0000000083f00000, 0x0000000084000000, 0x0000000084000000|100%|HC|  |TAMS 0x0000000083f00000, 0x0000000084000000| Complete 
|  36|0x0000000084000000, 0x0000000084000000, 0x0000000084100000|  0%| F|  |TAMS 0x0000000084000000, 0x0000000084000000| Untracked 
|  37|0x0000000084100000, 0x0000000084100000, 0x0000000084200000|  0%| F|  |TAMS 0x0000000084100000, 0x0000000084100000| Untracked 
|  38|0x0000000084200000, 0x0000000084200000, 0x0000000084300000|  0%| F|  |TAMS 0x0000000084200000, 0x0000000084200000| Untracked 
|  39|0x0000000084300000, 0x0000000084300000, 0x0000000084400000|  0%| F|  |TAMS 0x0000000084300000, 0x0000000084300000| Untracked 
|  40|0x0000000084400000, 0x0000000084400000, 0x0000000084500000|  0%| F|  |TAMS 0x0000000084400000, 0x0000000084400000| Untracked 
|  41|0x0000000084500000, 0x0000000084500000, 0x0000000084600000|  0%| F|  |TAMS 0x0000000084500000, 0x0000000084500000| Untracked 
|  42|0x0000000084600000, 0x0000000084600000, 0x0000000084700000|  0%| F|  |TAMS 0x0000000084600000, 0x0000000084600000| Untracked 
|  43|0x0000000084700000, 0x0000000084700000, 0x0000000084800000|  0%| F|  |TAMS 0x0000000084700000, 0x0000000084700000| Untracked 
|  44|0x0000000084800000, 0x0000000084800000, 0x0000000084900000|  0%| F|  |TAMS 0x0000000084800000, 0x0000000084800000| Untracked 
|  45|0x0000000084900000, 0x0000000084900000, 0x0000000084a00000|  0%| F|  |TAMS 0x0000000084900000, 0x0000000084900000| Untracked 
|  46|0x0000000084a00000, 0x0000000084a00000, 0x0000000084b00000|  0%| F|  |TAMS 0x0000000084a00000, 0x0000000084a00000| Untracked 
|  47|0x0000000084b00000, 0x0000000084b00000, 0x0000000084c00000|  0%| F|  |TAMS 0x0000000084b00000, 0x0000000084b00000| Untracked 
|  48|0x0000000084c00000, 0x0000000084c00000, 0x0000000084d00000|  0%| F|  |TAMS 0x0000000084c00000, 0x0000000084c00000| Untracked 
|  49|0x0000000084d00000, 0x0000000084d00000, 0x0000000084e00000|  0%| F|  |TAMS 0x0000000084d00000, 0x0000000084d00000| Untracked 
|  50|0x0000000084e00000, 0x0000000084e00000, 0x0000000084f00000|  0%| F|  |TAMS 0x0000000084e00000, 0x0000000084e00000| Untracked 
|  51|0x0000000084f00000, 0x0000000084f00000, 0x0000000085000000|  0%| F|  |TAMS 0x0000000084f00000, 0x0000000084f00000| Untracked 
|  52|0x0000000085000000, 0x0000000085000000, 0x0000000085100000|  0%| F|  |TAMS 0x0000000085000000, 0x0000000085000000| Untracked 
|  53|0x0000000085100000, 0x0000000085100000, 0x0000000085200000|  0%| F|  |TAMS 0x0000000085100000, 0x0000000085100000| Untracked 
|  54|0x0000000085200000, 0x0000000085200000, 0x0000000085300000|  0%| F|  |TAMS 0x0000000085200000, 0x0000000085200000| Untracked 
|  55|0x0000000085300000, 0x0000000085300000, 0x0000000085400000|  0%| F|  |TAMS 0x0000000085300000, 0x0000000085300000| Untracked 
|  56|0x0000000085400000, 0x0000000085400000, 0x0000000085500000|  0%| F|  |TAMS 0x0000000085400000, 0x0000000085400000| Untracked 
|  57|0x0000000085500000, 0x0000000085500000, 0x0000000085600000|  0%| F|  |TAMS 0x0000000085500000, 0x0000000085500000| Untracked 
|  58|0x0000000085600000, 0x0000000085600000, 0x0000000085700000|  0%| F|  |TAMS 0x0000000085600000, 0x0000000085600000| Untracked 
|  59|0x0000000085700000, 0x0000000085700000, 0x0000000085800000|  0%| F|  |TAMS 0x0000000085700000, 0x0000000085700000| Untracked 
|  60|0x0000000085800000, 0x0000000085800000, 0x0000000085900000|  0%| F|  |TAMS 0x0000000085800000, 0x0000000085800000| Untracked 
|  61|0x0000000085900000, 0x0000000085900000, 0x0000000085a00000|  0%| F|  |TAMS 0x0000000085900000, 0x0000000085900000| Untracked 
|  62|0x0000000085a00000, 0x0000000085a00000, 0x0000000085b00000|  0%| F|  |TAMS 0x0000000085a00000, 0x0000000085a00000| Untracked 
|  63|0x0000000085b00000, 0x0000000085b00000, 0x0000000085c00000|  0%| F|  |TAMS 0x0000000085b00000, 0x0000000085b00000| Untracked 
|  64|0x0000000085c00000, 0x0000000085c00000, 0x0000000085d00000|  0%| F|  |TAMS 0x0000000085c00000, 0x0000000085c00000| Untracked 
|  65|0x0000000085d00000, 0x0000000085d00000, 0x0000000085e00000|  0%| F|  |TAMS 0x0000000085d00000, 0x0000000085d00000| Untracked 
|  66|0x0000000085e00000, 0x0000000085e00000, 0x0000000085f00000|  0%| F|  |TAMS 0x0000000085e00000, 0x0000000085e00000| Untracked 
|  67|0x0000000085f00000, 0x0000000085f00000, 0x0000000086000000|  0%| F|  |TAMS 0x0000000085f00000, 0x0000000085f00000| Untracked 
|  68|0x0000000086000000, 0x0000000086000000, 0x0000000086100000|  0%| F|  |TAMS 0x0000000086000000, 0x0000000086000000| Untracked 
|  69|0x0000000086100000, 0x0000000086100000, 0x0000000086200000|  0%| F|  |TAMS 0x0000000086100000, 0x0000000086100000| Untracked 
|  70|0x0000000086200000, 0x0000000086200000, 0x0000000086300000|  0%| F|  |TAMS 0x0000000086200000, 0x0000000086200000| Untracked 
|  71|0x0000000086300000, 0x0000000086300000, 0x0000000086400000|  0%| F|  |TAMS 0x0000000086300000, 0x0000000086300000| Untracked 
|  72|0x0000000086400000, 0x0000000086400000, 0x0000000086500000|  0%| F|  |TAMS 0x0000000086400000, 0x0000000086400000| Untracked 
|  73|0x0000000086500000, 0x0000000086500000, 0x0000000086600000|  0%| F|  |TAMS 0x0000000086500000, 0x0000000086500000| Untracked 
|  74|0x0000000086600000, 0x0000000086600000, 0x0000000086700000|  0%| F|  |TAMS 0x0000000086600000, 0x0000000086600000| Untracked 
|  75|0x0000000086700000, 0x0000000086700000, 0x0000000086800000|  0%| F|  |TAMS 0x0000000086700000, 0x0000000086700000| Untracked 
|  76|0x0000000086800000, 0x0000000086800000, 0x0000000086900000|  0%| F|  |TAMS 0x0000000086800000, 0x0000000086800000| Untracked 
|  77|0x0000000086900000, 0x0000000086900000, 0x0000000086a00000|  0%| F|  |TAMS 0x0000000086900000, 0x0000000086900000| Untracked 
|  78|0x0000000086a00000, 0x0000000086a00000, 0x0000000086b00000|  0%| F|  |TAMS 0x0000000086a00000, 0x0000000086a00000| Untracked 
|  79|0x0000000086b00000, 0x0000000086b00000, 0x0000000086c00000|  0%| F|  |TAMS 0x0000000086b00000, 0x0000000086b00000| Untracked 
|  80|0x0000000086c00000, 0x0000000086c00000, 0x0000000086d00000|  0%| F|  |TAMS 0x0000000086c00000, 0x0000000086c00000| Untracked 
|  81|0x0000000086d00000, 0x0000000086d00000, 0x0000000086e00000|  0%| F|  |TAMS 0x0000000086d00000, 0x0000000086d00000| Untracked 
|  82|0x0000000086e00000, 0x0000000086e00000, 0x0000000086f00000|  0%| F|  |TAMS 0x0000000086e00000, 0x0000000086e00000| Untracked 
|  83|0x0000000086f00000, 0x0000000086f00000, 0x0000000087000000|  0%| F|  |TAMS 0x0000000086f00000, 0x0000000086f00000| Untracked 
|  84|0x0000000087000000, 0x0000000087000000, 0x0000000087100000|  0%| F|  |TAMS 0x0000000087000000, 0x0000000087000000| Untracked 
|  85|0x0000000087100000, 0x0000000087100000, 0x0000000087200000|  0%| F|  |TAMS 0x0000000087100000, 0x0000000087100000| Untracked 
|  86|0x0000000087200000, 0x0000000087200000, 0x0000000087300000|  0%| F|  |TAMS 0x0000000087200000, 0x0000000087200000| Untracked 
|  87|0x0000000087300000, 0x0000000087300000, 0x0000000087400000|  0%| F|  |TAMS 0x0000000087300000, 0x0000000087300000| Untracked 
|  88|0x0000000087400000, 0x0000000087400000, 0x0000000087500000|  0%| F|  |TAMS 0x0000000087400000, 0x0000000087400000| Untracked 
|  89|0x0000000087500000, 0x0000000087500000, 0x0000000087600000|  0%| F|  |TAMS 0x0000000087500000, 0x0000000087500000| Untracked 
|  90|0x0000000087600000, 0x0000000087600000, 0x0000000087700000|  0%| F|  |TAMS 0x0000000087600000, 0x0000000087600000| Untracked 
|  91|0x0000000087700000, 0x0000000087700000, 0x0000000087800000|  0%| F|  |TAMS 0x0000000087700000, 0x0000000087700000| Untracked 
|  92|0x0000000087800000, 0x00000000878e7590, 0x0000000087900000| 90%| S|CS|TAMS 0x0000000087800000, 0x0000000087800000| Complete 
|  93|0x0000000087900000, 0x0000000087900000, 0x0000000087a00000|  0%| F|  |TAMS 0x0000000087900000, 0x0000000087900000| Untracked 
|  94|0x0000000087a00000, 0x0000000087a00000, 0x0000000087b00000|  0%| F|  |TAMS 0x0000000087a00000, 0x0000000087a00000| Untracked 
|  95|0x0000000087b00000, 0x0000000087b00000, 0x0000000087c00000|  0%| F|  |TAMS 0x0000000087b00000, 0x0000000087b00000| Untracked 
|  96|0x0000000087c00000, 0x0000000087c00000, 0x0000000087d00000|  0%| F|  |TAMS 0x0000000087c00000, 0x0000000087c00000| Untracked 
|  97|0x0000000087d00000, 0x0000000087d00000, 0x0000000087e00000|  0%| F|  |TAMS 0x0000000087d00000, 0x0000000087d00000| Untracked 
|  98|0x0000000087e00000, 0x0000000087e00000, 0x0000000087f00000|  0%| F|  |TAMS 0x0000000087e00000, 0x0000000087e00000| Untracked 
|  99|0x0000000087f00000, 0x0000000087f00000, 0x0000000088000000|  0%| F|  |TAMS 0x0000000087f00000, 0x0000000087f00000| Untracked 
| 100|0x0000000088000000, 0x0000000088000000, 0x0000000088100000|  0%| F|  |TAMS 0x0000000088000000, 0x0000000088000000| Untracked 
| 101|0x0000000088100000, 0x0000000088100000, 0x0000000088200000|  0%| F|  |TAMS 0x0000000088100000, 0x0000000088100000| Untracked 
| 102|0x0000000088200000, 0x0000000088200000, 0x0000000088300000|  0%| F|  |TAMS 0x0000000088200000, 0x0000000088200000| Untracked 
| 103|0x0000000088300000, 0x0000000088300000, 0x0000000088400000|  0%| F|  |TAMS 0x0000000088300000, 0x0000000088300000| Untracked 
| 104|0x0000000088400000, 0x0000000088400000, 0x0000000088500000|  0%| F|  |TAMS 0x0000000088400000, 0x0000000088400000| Untracked 
| 105|0x0000000088500000, 0x0000000088500000, 0x0000000088600000|  0%| F|  |TAMS 0x0000000088500000, 0x0000000088500000| Untracked 
| 106|0x0000000088600000, 0x0000000088600000, 0x0000000088700000|  0%| F|  |TAMS 0x0000000088600000, 0x0000000088600000| Untracked 
| 107|0x0000000088700000, 0x0000000088700000, 0x0000000088800000|  0%| F|  |TAMS 0x0000000088700000, 0x0000000088700000| Untracked 
| 108|0x0000000088800000, 0x0000000088800000, 0x0000000088900000|  0%| F|  |TAMS 0x0000000088800000, 0x0000000088800000| Untracked 
| 109|0x0000000088900000, 0x0000000088900000, 0x0000000088a00000|  0%| F|  |TAMS 0x0000000088900000, 0x0000000088900000| Untracked 
| 110|0x0000000088a00000, 0x0000000088a00000, 0x0000000088b00000|  0%| F|  |TAMS 0x0000000088a00000, 0x0000000088a00000| Untracked 
| 111|0x0000000088b00000, 0x0000000088b00000, 0x0000000088c00000|  0%| F|  |TAMS 0x0000000088b00000, 0x0000000088b00000| Untracked 
| 112|0x0000000088c00000, 0x0000000088c00000, 0x0000000088d00000|  0%| F|  |TAMS 0x0000000088c00000, 0x0000000088c00000| Untracked 
| 113|0x0000000088d00000, 0x0000000088d00000, 0x0000000088e00000|  0%| F|  |TAMS 0x0000000088d00000, 0x0000000088d00000| Untracked 
| 114|0x0000000088e00000, 0x0000000088e00000, 0x0000000088f00000|  0%| F|  |TAMS 0x0000000088e00000, 0x0000000088e00000| Untracked 
| 115|0x0000000088f00000, 0x0000000088f00000, 0x0000000089000000|  0%| F|  |TAMS 0x0000000088f00000, 0x0000000088f00000| Untracked 
| 116|0x0000000089000000, 0x0000000089000000, 0x0000000089100000|  0%| F|  |TAMS 0x0000000089000000, 0x0000000089000000| Untracked 
| 117|0x0000000089100000, 0x0000000089100000, 0x0000000089200000|  0%| F|  |TAMS 0x0000000089100000, 0x0000000089100000| Untracked 
| 118|0x0000000089200000, 0x0000000089200000, 0x0000000089300000|  0%| F|  |TAMS 0x0000000089200000, 0x0000000089200000| Untracked 
| 119|0x0000000089300000, 0x0000000089300000, 0x0000000089400000|  0%| F|  |TAMS 0x0000000089300000, 0x0000000089300000| Untracked 
| 120|0x0000000089400000, 0x0000000089400000, 0x0000000089500000|  0%| F|  |TAMS 0x0000000089400000, 0x0000000089400000| Untracked 
| 121|0x0000000089500000, 0x0000000089500000, 0x0000000089600000|  0%| F|  |TAMS 0x0000000089500000, 0x0000000089500000| Untracked 
| 122|0x0000000089600000, 0x0000000089600000, 0x0000000089700000|  0%| F|  |TAMS 0x0000000089600000, 0x0000000089600000| Untracked 
| 123|0x0000000089700000, 0x0000000089700000, 0x0000000089800000|  0%| F|  |TAMS 0x0000000089700000, 0x0000000089700000| Untracked 
| 124|0x0000000089800000, 0x0000000089800000, 0x0000000089900000|  0%| F|  |TAMS 0x0000000089800000, 0x0000000089800000| Untracked 
| 125|0x0000000089900000, 0x0000000089900000, 0x0000000089a00000|  0%| F|  |TAMS 0x0000000089900000, 0x0000000089900000| Untracked 
| 126|0x0000000089a00000, 0x0000000089a00000, 0x0000000089b00000|  0%| F|  |TAMS 0x0000000089a00000, 0x0000000089a00000| Untracked 
| 127|0x0000000089b00000, 0x0000000089c00000, 0x0000000089c00000|100%| S|CS|TAMS 0x0000000089b00000, 0x0000000089b00000| Complete 
|2016|0x00000000ffc00000, 0x00000000ffd00000, 0x00000000ffd00000|100%| O|  |TAMS 0x00000000ffd00000, 0x00000000ffd00000| Untracked 
|2017|0x00000000ffd00000, 0x00000000ffe00000, 0x00000000ffe00000|100%| O|  |TAMS 0x00000000ffe00000, 0x00000000ffe00000| Untracked 
|2018|0x00000000ffe00000, 0x00000000fff00000, 0x00000000fff00000|100%| O|  |TAMS 0x00000000fff00000, 0x00000000fff00000| Untracked 
|2019|0x00000000fff00000, 0x0000000100000000, 0x0000000100000000|100%| O|  |TAMS 0x0000000100000000, 0x0000000100000000| Untracked 

Card table byte_map: [0x0000018aedb40000,0x0000018aedf40000] _byte_map_base: 0x0000018aed732000

Marking Bits (Prev, Next): (CMBitMap*) 0x0000018adaf8e5c0, (CMBitMap*) 0x0000018adaf8e600
 Prev Bits: [0x0000018aee340000, 0x0000018af02d0000)
 Next Bits: [0x0000018af02d0000, 0x0000018af2260000)

Polling page: 0x0000018ad8ee0000

Metaspace:

Usage:
  Non-class:     33.64 MB used.
      Class:      4.77 MB used.
       Both:     38.41 MB used.

Virtual space:
  Non-class space:       64.00 MB reserved,      33.75 MB ( 53%) committed,  1 nodes.
      Class space:        1.00 GB reserved,       4.88 MB ( <1%) committed,  1 nodes.
             Both:        1.06 GB reserved,      38.62 MB (  4%) committed. 

Chunk freelists:
   Non-Class:  13.83 MB
       Class:  11.07 MB
        Both:  24.90 MB

MaxMetaspaceSize: unlimited
CompressedClassSpaceSize: 1.00 GB
Initial GC threshold: 21.00 MB
Current GC threshold: 59.06 MB
CDS: off
MetaspaceReclaimPolicy: balanced
 - commit_granule_bytes: 65536.
 - commit_granule_words: 8192.
 - virtual_space_node_default_size: 8388608.
 - enlarge_chunks_in_place: 1.
 - new_chunks_are_fully_committed: 0.
 - uncommit_free_chunks: 1.
 - use_allocation_guard: 0.
 - handle_deallocations: 1.


Internal statistics:

num_allocs_failed_limit: 6.
num_arena_births: 198.
num_arena_deaths: 0.
num_vsnodes_births: 2.
num_vsnodes_deaths: 0.
num_space_committed: 616.
num_space_uncommitted: 0.
num_chunks_returned_to_freelist: 6.
num_chunks_taken_from_freelist: 1252.
num_chunk_merges: 6.
num_chunk_splits: 980.
num_chunks_enlarged: 842.
num_inconsistent_stats: 0.

CodeHeap 'non-profiled nmethods': size=120000Kb used=1393Kb max_used=1393Kb free=118606Kb
 bounds [0x0000018ae5ee0000, 0x0000018ae6150000, 0x0000018aed410000]
CodeHeap 'profiled nmethods': size=120000Kb used=5880Kb max_used=5880Kb free=114119Kb
 bounds [0x0000018ade410000, 0x0000018ade9d0000, 0x0000018ae5940000]
CodeHeap 'non-nmethods': size=5760Kb used=1262Kb max_used=1337Kb free=4497Kb
 bounds [0x0000018ae5940000, 0x0000018ae5bb0000, 0x0000018ae5ee0000]
 total_blobs=3677 nmethods=3105 adapters=483
 compilation: enabled
              stopped_count=0, restarted_count=0
 full_count=0

Compilation events (20 events):
Event: 2.416 Thread 0x0000018af9051920 3095       3       org.jetbrains.kotlin.protobuf.GeneratedMessageLite::parseUnknownField (518 bytes)
Event: 2.418 Thread 0x0000018af9051920 nmethod 3095 0x0000018ade9c6290 code [0x0000018ade9c6800, 0x0000018ade9c93b8]
Event: 2.418 Thread 0x0000018af9051920 3096       3       org.jetbrains.kotlin.protobuf.WireFormat::getTagWireType (5 bytes)
Event: 2.418 Thread 0x0000018af9051920 nmethod 3096 0x0000018ade9ca510 code [0x0000018ade9ca6a0, 0x0000018ade9ca798]
Event: 2.418 Thread 0x0000018af9051920 3097       3       org.jetbrains.kotlin.protobuf.ExtensionRegistryLite::findLiteExtensionByNumber (22 bytes)
Event: 2.418 Thread 0x0000018af9051920 nmethod 3097 0x0000018ade9ca810 code [0x0000018ade9ca9e0, 0x0000018ade9cae08]
Event: 2.418 Thread 0x0000018af9051920 3098       3       org.jetbrains.kotlin.protobuf.ExtensionRegistryLite$ObjectIntPair::equals (42 bytes)
Event: 2.419 Thread 0x0000018af9051920 nmethod 3098 0x0000018ade9caf90 code [0x0000018ade9cb140, 0x0000018ade9cb538]
Event: 2.419 Thread 0x0000018af9051920 3099       3       org.jetbrains.kotlin.protobuf.GeneratedMessageLite$GeneratedExtension::singularToFieldSetType (28 bytes)
Event: 2.419 Thread 0x0000018af9051920 nmethod 3099 0x0000018ade9cb610 code [0x0000018ade9cb800, 0x0000018ade9cbec8]
Event: 2.419 Thread 0x0000018af9051920 3100       3       org.jetbrains.kotlin.protobuf.FieldSet::verifyType (205 bytes)
Event: 2.419 Thread 0x0000018af9051920 nmethod 3100 0x0000018ade9cc110 code [0x0000018ade9cc360, 0x0000018ade9cd618]
Event: 2.419 Thread 0x0000018af9051920 3114       3       org.jetbrains.kotlin.protobuf.GeneratedMessageLite::access$100 (12 bytes)
Event: 2.419 Thread 0x0000018af9051920 nmethod 3114 0x0000018ade9cd810 code [0x0000018ade9cd9a0, 0x0000018ade9cdaa8]
Event: 2.419 Thread 0x0000018af9051920 3126       1       org.jetbrains.kotlin.serialization.deserialization.DeserializationComponents::getStorageManager (5 bytes)
Event: 2.420 Thread 0x0000018af9051920 nmethod 3126 0x0000018ae603be90 code [0x0000018ae603c020, 0x0000018ae603c0f8]
Event: 2.422 Thread 0x0000018af9051920 3128       1       java.lang.AbstractStringBuilder::length (5 bytes)
Event: 2.422 Thread 0x0000018af9051920 nmethod 3128 0x0000018ae603c190 code [0x0000018ae603c320, 0x0000018ae603c3f8]
Event: 2.428 Thread 0x0000018af9051920 3129       3       java.lang.String::toCharArray (25 bytes)
Event: 2.428 Thread 0x0000018af9051920 nmethod 3129 0x0000018ade9cdb90 code [0x0000018ade9cdd60, 0x0000018ade9cdff8]

GC Heap History (20 events):
Event: 0.502 GC heap after
{Heap after GC invocations=1 (full 0):
 garbage-first heap   total 131072K, used 6899K [0x0000000081c00000, 0x0000000100000000)
  region size 1024K, 3 young (3072K), 3 survivors (3072K)
 Metaspace       used 13290K, committed 13440K, reserved 1114112K
  class space    used 1281K, committed 1344K, reserved 1048576K
}
Event: 1.015 GC heap before
{Heap before GC invocations=1 (full 0):
 garbage-first heap   total 131072K, used 38643K [0x0000000081c00000, 0x0000000100000000)
  region size 1024K, 35 young (35840K), 3 survivors (3072K)
 Metaspace       used 21303K, committed 21504K, reserved 1114112K
  class space    used 2309K, committed 2432K, reserved 1048576K
}
Event: 1.021 GC heap after
{Heap after GC invocations=2 (full 0):
 garbage-first heap   total 131072K, used 10468K [0x0000000081c00000, 0x0000000100000000)
  region size 1024K, 4 young (4096K), 4 survivors (4096K)
 Metaspace       used 21303K, committed 21504K, reserved 1114112K
  class space    used 2309K, committed 2432K, reserved 1048576K
}
Event: 1.325 GC heap before
{Heap before GC invocations=3 (full 0):
 garbage-first heap   total 40960K, used 32996K [0x0000000081c00000, 0x0000000100000000)
  region size 1024K, 23 young (23552K), 4 survivors (4096K)
 Metaspace       used 27274K, committed 27520K, reserved 1114112K
  class space    used 2990K, committed 3072K, reserved 1048576K
}
Event: 1.330 GC heap after
{Heap after GC invocations=4 (full 0):
 garbage-first heap   total 40960K, used 16445K [0x0000000081c00000, 0x0000000100000000)
  region size 1024K, 2 young (2048K), 2 survivors (2048K)
 Metaspace       used 27274K, committed 27520K, reserved 1114112K
  class space    used 2990K, committed 3072K, reserved 1048576K
}
Event: 1.341 GC heap before
{Heap before GC invocations=4 (full 0):
 garbage-first heap   total 40960K, used 17469K [0x0000000081c00000, 0x0000000100000000)
  region size 1024K, 3 young (3072K), 2 survivors (2048K)
 Metaspace       used 27538K, committed 27776K, reserved 1114112K
  class space    used 3016K, committed 3136K, reserved 1048576K
}
Event: 1.344 GC heap after
{Heap after GC invocations=5 (full 0):
 garbage-first heap   total 40960K, used 17086K [0x0000000081c00000, 0x0000000100000000)
  region size 1024K, 1 young (1024K), 1 survivors (1024K)
 Metaspace       used 27538K, committed 27776K, reserved 1114112K
  class space    used 3016K, committed 3136K, reserved 1048576K
}
Event: 1.576 GC heap before
{Heap before GC invocations=5 (full 0):
 garbage-first heap   total 40960K, used 30398K [0x0000000081c00000, 0x0000000100000000)
  region size 1024K, 14 young (14336K), 1 survivors (1024K)
 Metaspace       used 32094K, committed 32384K, reserved 1114112K
  class space    used 3904K, committed 4032K, reserved 1048576K
}
Event: 1.579 GC heap after
{Heap after GC invocations=6 (full 0):
 garbage-first heap   total 40960K, used 17577K [0x0000000081c00000, 0x0000000100000000)
  region size 1024K, 1 young (1024K), 1 survivors (1024K)
 Metaspace       used 32094K, committed 32384K, reserved 1114112K
  class space    used 3904K, committed 4032K, reserved 1048576K
}
Event: 1.582 GC heap before
{Heap before GC invocations=6 (full 0):
 garbage-first heap   total 40960K, used 17577K [0x0000000081c00000, 0x0000000100000000)
  region size 1024K, 2 young (2048K), 1 survivors (1024K)
 Metaspace       used 32138K, committed 32448K, reserved 1114112K
  class space    used 3910K, committed 4032K, reserved 1048576K
}
Event: 1.584 GC heap after
{Heap after GC invocations=7 (full 0):
 garbage-first heap   total 75776K, used 17522K [0x0000000081c00000, 0x0000000100000000)
  region size 1024K, 1 young (1024K), 1 survivors (1024K)
 Metaspace       used 32138K, committed 32448K, reserved 1114112K
  class space    used 3910K, committed 4032K, reserved 1048576K
}
Event: 1.771 GC heap before
{Heap before GC invocations=7 (full 0):
 garbage-first heap   total 75776K, used 65650K [0x0000000081c00000, 0x0000000100000000)
  region size 1024K, 39 young (39936K), 1 survivors (1024K)
 Metaspace       used 32403K, committed 32704K, reserved 1114112K
  class space    used 3923K, committed 4096K, reserved 1048576K
}
Event: 1.789 GC heap after
{Heap after GC invocations=8 (full 0):
 garbage-first heap   total 79872K, used 32650K [0x0000000081c00000, 0x0000000100000000)
  region size 1024K, 5 young (5120K), 5 survivors (5120K)
 Metaspace       used 32403K, committed 32704K, reserved 1114112K
  class space    used 3923K, committed 4096K, reserved 1048576K
}
Event: 2.137 GC heap before
{Heap before GC invocations=8 (full 0):
 garbage-first heap   total 79872K, used 58250K [0x0000000081c00000, 0x0000000100000000)
  region size 1024K, 30 young (30720K), 5 survivors (5120K)
 Metaspace       used 35555K, committed 35776K, reserved 1114112K
  class space    used 4422K, committed 4544K, reserved 1048576K
}
Event: 2.147 GC heap after
{Heap after GC invocations=9 (full 0):
 garbage-first heap   total 79872K, used 33280K [0x0000000081c00000, 0x0000000100000000)
  region size 1024K, 4 young (4096K), 4 survivors (4096K)
 Metaspace       used 35555K, committed 35776K, reserved 1114112K
  class space    used 4422K, committed 4544K, reserved 1048576K
}
Event: 2.179 GC heap before
{Heap before GC invocations=9 (full 0):
 garbage-first heap   total 79872K, used 34304K [0x0000000081c00000, 0x0000000100000000)
  region size 1024K, 6 young (6144K), 4 survivors (4096K)
 Metaspace       used 35741K, committed 35968K, reserved 1114112K
  class space    used 4435K, committed 4544K, reserved 1048576K
}
Event: 2.183 GC heap after
{Heap after GC invocations=10 (full 0):
 garbage-first heap   total 79872K, used 34443K [0x0000000081c00000, 0x0000000100000000)
  region size 1024K, 1 young (1024K), 1 survivors (1024K)
 Metaspace       used 35741K, committed 35968K, reserved 1114112K
  class space    used 4435K, committed 4544K, reserved 1048576K
}
Event: 2.428 GC heap before
{Heap before GC invocations=11 (full 0):
 garbage-first heap   total 79872K, used 48779K [0x0000000081c00000, 0x0000000100000000)
  region size 1024K, 17 young (17408K), 1 survivors (1024K)
 Metaspace       used 39331K, committed 39552K, reserved 1114112K
  class space    used 4881K, committed 4992K, reserved 1048576K
}
Event: 2.432 GC heap after
{Heap after GC invocations=12 (full 0):
 garbage-first heap   total 79872K, used 35853K [0x0000000081c00000, 0x0000000100000000)
  region size 1024K, 3 young (3072K), 3 survivors (3072K)
 Metaspace       used 39331K, committed 39552K, reserved 1114112K
  class space    used 4881K, committed 4992K, reserved 1048576K
}
Event: 2.437 GC heap before
{Heap before GC invocations=12 (full 0):
 garbage-first heap   total 79872K, used 41997K [0x0000000081c00000, 0x0000000100000000)
  region size 1024K, 3 young (3072K), 3 survivors (3072K)
 Metaspace       used 39331K, committed 39552K, reserved 1114112K
  class space    used 4881K, committed 4992K, reserved 1048576K
}

Dll operation events (2 events):
Event: 0.005 Loaded shared library C:\Program Files\Android\Android Studio\jbr\bin\java.dll
Event: 0.836 Loaded shared library C:\Program Files\Android\Android Studio\jbr\bin\verify.dll

Deoptimization events (20 events):
Event: 2.048 Thread 0x0000018adaf35030 Uncommon trap: trap_request=0xffffff45 fr.pc=0x0000018ae60028fc relative=0x000000000000007c
Event: 2.048 Thread 0x0000018adaf35030 Uncommon trap: reason=unstable_if action=reinterpret pc=0x0000018ae60028fc method=org.jetbrains.kotlin.parsing.SemanticWhitespaceAwarePsiBuilderImpl.getJoinedTokenType(Lorg/jetbrains/kotlin/com/intellij/psi/tree/IElementType;I)Lorg/jetbrains/kotlin/com/in
Event: 2.048 Thread 0x0000018adaf35030 DEOPT PACKING pc=0x0000018ae60028fc sp=0x00000002580fdda0
Event: 2.048 Thread 0x0000018adaf35030 DEOPT UNPACKING pc=0x0000018ae59969a3 sp=0x00000002580fdd28 mode 2
Event: 2.057 Thread 0x0000018adaf35030 DEOPT PACKING pc=0x0000018ade73bebe sp=0x00000002580fdfb0
Event: 2.057 Thread 0x0000018adaf35030 DEOPT UNPACKING pc=0x0000018ae5997143 sp=0x00000002580fd450 mode 0
Event: 2.067 Thread 0x0000018adaf35030 Uncommon trap: trap_request=0xffffff45 fr.pc=0x0000018ae600494c relative=0x000000000000058c
Event: 2.067 Thread 0x0000018adaf35030 Uncommon trap: reason=unstable_if action=reinterpret pc=0x0000018ae600494c method=org.jetbrains.kotlin.com.intellij.lang.impl.PsiBuilderImpl.skipWhitespace()V @ 51 c2
Event: 2.067 Thread 0x0000018adaf35030 DEOPT PACKING pc=0x0000018ae600494c sp=0x00000002580fe140
Event: 2.067 Thread 0x0000018adaf35030 DEOPT UNPACKING pc=0x0000018ae59969a3 sp=0x00000002580fdfe8 mode 2
Event: 2.156 Thread 0x0000018adaf35030 Uncommon trap: trap_request=0xffffff45 fr.pc=0x0000018ae6002554 relative=0x0000000000000134
Event: 2.156 Thread 0x0000018adaf35030 Uncommon trap: reason=unstable_if action=reinterpret pc=0x0000018ae6002554 method=org.jetbrains.kotlin.com.intellij.psi.tree.TokenSet.contains(Lorg/jetbrains/kotlin/com/intellij/psi/tree/IElementType;)Z @ 1 c2
Event: 2.156 Thread 0x0000018adaf35030 DEOPT PACKING pc=0x0000018ae6002554 sp=0x00000002580fd520
Event: 2.156 Thread 0x0000018adaf35030 DEOPT UNPACKING pc=0x0000018ae59969a3 sp=0x00000002580fd4c8 mode 2
Event: 2.171 Thread 0x0000018adaf35030 DEOPT PACKING pc=0x0000018ade960ea2 sp=0x00000002580fec80
Event: 2.171 Thread 0x0000018adaf35030 DEOPT UNPACKING pc=0x0000018ae5997143 sp=0x00000002580fe120 mode 0
Event: 2.353 Thread 0x0000018adaf35030 Uncommon trap: trap_request=0xffffff45 fr.pc=0x0000018ae60384b8 relative=0x0000000000000218
Event: 2.353 Thread 0x0000018adaf35030 Uncommon trap: reason=unstable_if action=reinterpret pc=0x0000018ae60384b8 method=org.jetbrains.kotlin.protobuf.CodedInputStream.readRawVarint32()I @ 69 c2
Event: 2.353 Thread 0x0000018adaf35030 DEOPT PACKING pc=0x0000018ae60384b8 sp=0x00000002580fa1d0
Event: 2.353 Thread 0x0000018adaf35030 DEOPT UNPACKING pc=0x0000018ae59969a3 sp=0x00000002580fa168 mode 2

Classes unloaded (0 events):
No events

Classes redefined (0 events):
No events

Internal exceptions (20 events):
Event: 0.758 Thread 0x0000018adaf35030 Exception <a 'java/lang/NoSuchMethodError'{0x000000008891eb48}: 'int java.lang.invoke.DirectMethodHandle$Holder.invokeSpecial(java.lang.Object, java.lang.Object, java.lang.Object, java.lang.Object)'> (0x000000008891eb48) 
thrown [s\src\hotspot\share\interpreter\linkResolver.cpp, line 771]
Event: 0.759 Thread 0x0000018adaf35030 Exception <a 'java/lang/NoSuchMethodError'{0x00000000889221b0}: 'int java.lang.invoke.Invokers$Holder.invoke_MT(java.lang.Object, java.lang.Object, java.lang.Object, java.lang.Object)'> (0x00000000889221b0) 
thrown [s\src\hotspot\share\interpreter\linkResolver.cpp, line 771]
Event: 0.760 Thread 0x0000018adaf35030 Exception <a 'java/lang/NoSuchMethodError'{0x0000000088931dd0}: 'int java.lang.invoke.DelegatingMethodHandle$Holder.reinvoke_L(java.lang.Object, java.lang.Object, java.lang.Object, long, int)'> (0x0000000088931dd0) 
thrown [s\src\hotspot\share\interpreter\linkResolver.cpp, line 771]
Event: 0.839 Thread 0x0000018adaf35030 Exception <a 'java/lang/NoSuchMethodError'{0x000000008869dce8}: 'java.lang.Object java.lang.invoke.DirectMethodHandle$Holder.invokeStaticInit(java.lang.Object)'> (0x000000008869dce8) 
thrown [s\src\hotspot\share\interpreter\linkResolver.cpp, line 771]
Event: 1.001 Thread 0x0000018adaf35030 Exception <a 'java/lang/NoSuchMethodError'{0x0000000087a44a50}: 'java.lang.Object java.lang.invoke.DirectMethodHandle$Holder.invokeStaticInit(java.lang.Object, int)'> (0x0000000087a44a50) 
thrown [s\src\hotspot\share\interpreter\linkResolver.cpp, line 771]
Event: 1.008 Thread 0x0000018adaf35030 Exception <a 'java/lang/NoSuchMethodError'{0x0000000087acdce0}: 'void java.lang.invoke.DirectMethodHandle$Holder.invokeStatic(java.lang.Object, java.lang.Object)'> (0x0000000087acdce0) 
thrown [s\src\hotspot\share\interpreter\linkResolver.cpp, line 771]
Event: 1.033 Thread 0x0000018adaf35030 Exception <a 'java/lang/NoSuchMethodError'{0x0000000089ba3ae0}: 'long java.lang.invoke.DirectMethodHandle$Holder.invokeStatic(java.lang.Object)'> (0x0000000089ba3ae0) 
thrown [s\src\hotspot\share\interpreter\linkResolver.cpp, line 771]
Event: 1.034 Thread 0x0000018adaf35030 Exception <a 'java/lang/NoSuchMethodError'{0x0000000089ba7238}: 'long java.lang.invoke.DirectMethodHandle$Holder.invokeStaticInit(java.lang.Object)'> (0x0000000089ba7238) 
thrown [s\src\hotspot\share\interpreter\linkResolver.cpp, line 771]
Event: 1.077 Thread 0x0000018adaf35030 Exception <a 'java/lang/NoSuchMethodError'{0x0000000083b1d9a0}: 'int java.lang.invoke.DirectMethodHandle$Holder.invokeStaticInit(java.lang.Object, java.lang.Object, java.lang.Object)'> (0x0000000083b1d9a0) 
thrown [s\src\hotspot\share\interpreter\linkResolver.cpp, line 771]
Event: 1.080 Thread 0x0000018adaf35030 Exception <a 'java/lang/NoSuchMethodError'{0x0000000083b44ff8}: 'int java.lang.invoke.DirectMethodHandle$Holder.invokeStaticInit(java.lang.Object, java.lang.Object)'> (0x0000000083b44ff8) 
thrown [s\src\hotspot\share\interpreter\linkResolver.cpp, line 771]
Event: 1.096 Thread 0x0000018adaf35030 Exception <a 'java/lang/NoSuchMethodError'{0x0000000083a20608}: 'void java.lang.invoke.DirectMethodHandle$Holder.invokeSpecial(java.lang.Object, java.lang.Object, java.lang.Object)'> (0x0000000083a20608) 
thrown [s\src\hotspot\share\interpreter\linkResolver.cpp, line 771]
Event: 1.287 Thread 0x0000018adaf35030 Exception <a 'java/lang/NoSuchMethodError'{0x0000000082fc9f50}: 'void java.lang.invoke.DirectMethodHandle$Holder.invokeStatic(java.lang.Object, java.lang.Object, java.lang.Object, java.lang.Object)'> (0x0000000082fc9f50) 
thrown [s\src\hotspot\share\interpreter\linkResolver.cpp, line 771]
Event: 1.354 Thread 0x0000018adaf35030 Exception <a 'java/lang/NoSuchMethodError'{0x0000000089b6ee10}: 'void java.lang.invoke.DirectMethodHandle$Holder.invokeStaticInit(java.lang.Object, java.lang.Object)'> (0x0000000089b6ee10) 
thrown [s\src\hotspot\share\interpreter\linkResolver.cpp, line 771]
Event: 1.429 Thread 0x0000018adaf35030 Exception <a 'java/lang/NoSuchMethodError'{0x0000000083d7aae8}: 'void java.lang.invoke.DirectMethodHandle$Holder.invokeVirtual(java.lang.Object, java.lang.Object)'> (0x0000000083d7aae8) 
thrown [s\src\hotspot\share\interpreter\linkResolver.cpp, line 771]
Event: 1.448 Thread 0x0000018adaf35030 Exception <a 'java/lang/NoSuchMethodError'{0x0000000083b1fb80}: 'int java.lang.invoke.DirectMethodHandle$Holder.invokeVirtual(java.lang.Object, java.lang.Object)'> (0x0000000083b1fb80) 
thrown [s\src\hotspot\share\interpreter\linkResolver.cpp, line 771]
Event: 1.460 Thread 0x0000018adaf35030 Exception <a 'java/lang/NoSuchMethodError'{0x0000000083bc2258}: 'java.lang.Object java.lang.invoke.Invokers$Holder.invokeExact_MT(java.lang.Object, java.lang.Object, java.lang.Object, java.lang.Object, java.lang.Object, java.lang.Object)'> (0x0000000083bc2258) 
thrown [s\src\hotspot\share\interpreter\linkResolver.cpp, line 771]
Event: 1.562 Thread 0x0000018adaf35030 Exception <a 'java/lang/NoSuchMethodError'{0x00000000836469d8}: 'java.lang.Object java.lang.invoke.Invokers$Holder.invoke_MT(java.lang.Object, java.lang.Object, java.lang.Object)'> (0x00000000836469d8) 
thrown [s\src\hotspot\share\interpreter\linkResolver.cpp, line 771]
Event: 2.019 Thread 0x0000018adaf35030 Exception <a 'java/lang/NoSuchMethodError'{0x0000000084f6b388}: 'java.lang.Object java.lang.invoke.DirectMethodHandle$Holder.newInvokeSpecial(java.lang.Object, java.lang.Object, int)'> (0x0000000084f6b388) 
thrown [s\src\hotspot\share\interpreter\linkResolver.cpp, line 771]
Event: 2.156 Thread 0x0000018adaf35030 Implicit null exception at 0x0000018ae600244c to 0x0000018ae6002540
Event: 2.418 Thread 0x0000018adaf35030 Exception <a 'java/lang/NoSuchMethodError'{0x000000008555ad98}: 'java.lang.Object java.lang.invoke.DirectMethodHandle$Holder.invokeVirtual(java.lang.Object, java.lang.Object, java.lang.Object)'> (0x000000008555ad98) 
thrown [s\src\hotspot\share\interpreter\linkResolver.cpp, line 771]

VM Operations (20 events):
Event: 1.584 Executing VM operation: G1TryInitiateConcMark done
Event: 1.771 Executing VM operation: G1CollectForAllocation
Event: 1.789 Executing VM operation: G1CollectForAllocation done
Event: 1.843 Executing VM operation: HandshakeAllThreads
Event: 1.843 Executing VM operation: HandshakeAllThreads done
Event: 2.059 Executing VM operation: HandshakeAllThreads
Event: 2.059 Executing VM operation: HandshakeAllThreads done
Event: 2.067 Executing VM operation: ICBufferFull
Event: 2.067 Executing VM operation: ICBufferFull done
Event: 2.137 Executing VM operation: G1CollectForAllocation
Event: 2.148 Executing VM operation: G1CollectForAllocation done
Event: 2.179 Executing VM operation: CollectForMetadataAllocation
Event: 2.183 Executing VM operation: CollectForMetadataAllocation done
Event: 2.203 Executing VM operation: G1Concurrent
Event: 2.205 Executing VM operation: G1Concurrent done
Event: 2.216 Executing VM operation: G1Concurrent
Event: 2.216 Executing VM operation: G1Concurrent done
Event: 2.428 Executing VM operation: G1TryInitiateConcMark
Event: 2.432 Executing VM operation: G1TryInitiateConcMark done
Event: 2.437 Executing VM operation: G1TryInitiateConcMark

Events (20 events):
Event: 1.965 loading class java/util/PrimitiveIterator done
Event: 1.965 loading class java/util/PrimitiveIterator$OfInt done
Event: 2.019 loading class java/util/function/IntUnaryOperator
Event: 2.019 loading class java/util/function/IntUnaryOperator done
Event: 2.382 loading class java/util/Formatter
Event: 2.383 loading class java/util/Formatter done
Event: 2.383 loading class java/util/Locale$Category
Event: 2.383 loading class java/util/Locale$Category done
Event: 2.383 loading class java/util/Formatter$FixedString
Event: 2.383 loading class java/util/Formatter$FormatString
Event: 2.383 loading class java/util/Formatter$FormatString done
Event: 2.383 loading class java/util/Formatter$FixedString done
Event: 2.383 loading class java/util/Formatter$Conversion
Event: 2.383 loading class java/util/Formatter$Conversion done
Event: 2.383 loading class java/util/Formatter$FormatSpecifier
Event: 2.383 loading class java/util/Formatter$FormatSpecifier done
Event: 2.384 loading class java/util/Formatter$Flags
Event: 2.384 loading class java/util/Formatter$Flags done
Event: 2.384 loading class java/util/Formattable
Event: 2.384 loading class java/util/Formattable done


Dynamic libraries:
0x00007ff6e38d0000 - 0x00007ff6e38da000 	C:\Program Files\Android\Android Studio\jbr\bin\java.exe
0x00007ff8253f0000 - 0x00007ff8255e8000 	C:\Windows\SYSTEM32\ntdll.dll
0x00007ff823c70000 - 0x00007ff823d2d000 	C:\Windows\System32\KERNEL32.DLL
0x00007ff822dc0000 - 0x00007ff8230b6000 	C:\Windows\System32\KERNELBASE.dll
0x00007ff822c50000 - 0x00007ff822d50000 	C:\Windows\System32\ucrtbase.dll
0x00007ff81b2e0000 - 0x00007ff81b2fb000 	C:\Program Files\Android\Android Studio\jbr\bin\VCRUNTIME140.dll
0x00007ff80d110000 - 0x00007ff80d127000 	C:\Program Files\Android\Android Studio\jbr\bin\jli.dll
0x00007ff8242d0000 - 0x00007ff82446e000 	C:\Windows\System32\USER32.dll
0x00007ff822bd0000 - 0x00007ff822bf2000 	C:\Windows\System32\win32u.dll
0x00007ff80cc00000 - 0x00007ff80ce9a000 	C:\Windows\WinSxS\amd64_microsoft.windows.common-controls_6595b64144ccf1df_6.0.19041.3636_none_60b6a03d71f818d5\COMCTL32.dll
0x00007ff824500000 - 0x00007ff82452b000 	C:\Windows\System32\GDI32.dll
0x00007ff823e70000 - 0x00007ff823f0e000 	C:\Windows\System32\msvcrt.dll
0x00007ff822ab0000 - 0x00007ff822bc7000 	C:\Windows\System32\gdi32full.dll
0x00007ff823390000 - 0x00007ff82342d000 	C:\Windows\System32\msvcp_win.dll
0x00007ff824080000 - 0x00007ff8240b2000 	C:\Windows\System32\IMM32.DLL
0x00007ff81b3c0000 - 0x00007ff81b3cc000 	C:\Program Files\Android\Android Studio\jbr\bin\vcruntime140_1.dll
0x00007ff80ff70000 - 0x00007ff80fffd000 	C:\Program Files\Android\Android Studio\jbr\bin\msvcp140.dll
0x00007fffe80f0000 - 0x00007fffe8d70000 	C:\Program Files\Android\Android Studio\jbr\bin\server\jvm.dll
0x00007ff8249a0000 - 0x00007ff824a53000 	C:\Windows\System32\ADVAPI32.dll
0x00007ff8237a0000 - 0x00007ff82383f000 	C:\Windows\System32\sechost.dll
0x00007ff823d40000 - 0x00007ff823e66000 	C:\Windows\System32\RPCRT4.dll
0x00007ff8230c0000 - 0x00007ff8230e7000 	C:\Windows\System32\bcrypt.dll
0x00007ff80d7a0000 - 0x00007ff80d7c7000 	C:\Windows\SYSTEM32\WINMM.dll
0x00007ff80d680000 - 0x00007ff80d689000 	C:\Windows\SYSTEM32\WSOCK32.dll
0x00007ff8191f0000 - 0x00007ff8191fa000 	C:\Windows\SYSTEM32\VERSION.dll
0x00007ff824b10000 - 0x00007ff824b7b000 	C:\Windows\System32\WS2_32.dll
0x00007ff821320000 - 0x00007ff821332000 	C:\Windows\SYSTEM32\kernel.appcore.dll
0x00007ff81cc20000 - 0x00007ff81cc2a000 	C:\Program Files\Android\Android Studio\jbr\bin\jimage.dll
0x00007ff820930000 - 0x00007ff820b14000 	C:\Windows\SYSTEM32\DBGHELP.DLL
0x00007ff807df0000 - 0x00007ff807e24000 	C:\Windows\SYSTEM32\dbgcore.DLL
0x00007ff823300000 - 0x00007ff823382000 	C:\Windows\System32\bcryptPrimitives.dll
0x00007ff81bf50000 - 0x00007ff81bf75000 	C:\Program Files\Android\Android Studio\jbr\bin\java.dll
0x00007ff81b820000 - 0x00007ff81b838000 	C:\Program Files\Android\Android Studio\jbr\bin\zip.dll
0x00007ff824b80000 - 0x00007ff8252c5000 	C:\Windows\System32\SHELL32.dll
0x00007ff820b40000 - 0x00007ff8212dc000 	C:\Windows\SYSTEM32\windows.storage.dll
0x00007ff823840000 - 0x00007ff823b94000 	C:\Windows\System32\combase.dll
0x00007ff8224e0000 - 0x00007ff82250e000 	C:\Windows\SYSTEM32\Wldp.dll
0x00007ff823ba0000 - 0x00007ff823c6d000 	C:\Windows\System32\OLEAUT32.dll
0x00007ff823fd0000 - 0x00007ff82407d000 	C:\Windows\System32\SHCORE.dll
0x00007ff823f70000 - 0x00007ff823fc5000 	C:\Windows\System32\shlwapi.dll
0x00007ff8229e0000 - 0x00007ff822a05000 	C:\Windows\SYSTEM32\profapi.dll
0x00007ff81b800000 - 0x00007ff81b819000 	C:\Program Files\Android\Android Studio\jbr\bin\net.dll
0x00007ff819f40000 - 0x00007ff81a04a000 	C:\Windows\SYSTEM32\WINHTTP.dll
0x00007ff822240000 - 0x00007ff8222aa000 	C:\Windows\system32\mswsock.dll
0x00007ff81b2c0000 - 0x00007ff81b2d6000 	C:\Program Files\Android\Android Studio\jbr\bin\nio.dll
0x00007ff81c5f0000 - 0x00007ff81c600000 	C:\Program Files\Android\Android Studio\jbr\bin\verify.dll

dbghelp: loaded successfully - version: 4.0.5 - missing functions: none
symbol engine: initialized successfully - sym options: 0x614 - pdb path: .;C:\Program Files\Android\Android Studio\jbr\bin;C:\Windows\SYSTEM32;C:\Windows\WinSxS\amd64_microsoft.windows.common-controls_6595b64144ccf1df_6.0.19041.3636_none_60b6a03d71f818d5;C:\Program Files\Android\Android Studio\jbr\bin\server

VM Arguments:
java_command: org.jetbrains.kotlin.cli.jvm.K2JVMCompiler @C:\Users\ali\Panda\node_modules\@react-native\gradle-plugin\build\20240304_6336994009584803353.compiler.options
java_class_path (initial): C:\Users\ali\.gradle\caches\modules-2\files-2.1\org.jetbrains.kotlin\kotlin-compiler-embeddable\1.8.0\eb9118d4bcceaa2a94b2ae2a33a4ddba7c9a947f\kotlin-compiler-embeddable-1.8.0.jar;C:\Users\ali\.gradle\caches\modules-2\files-2.1\org.jetbrains.kotlin\kotlin-stdlib\1.8.0\1796921c7a3e2e2665a83e6c8d33399336cd39bc\kotlin-stdlib-1.8.0.jar;C:\Users\ali\.gradle\caches\modules-2\files-2.1\org.jetbrains.kotlin\kotlin-script-runtime\1.8.0\b2f7e760d283cb339974851c222a4c1d48f2d3d\kotlin-script-runtime-1.8.0.jar;C:\Users\ali\.gradle\caches\modules-2\files-2.1\org.jetbrains.kotlin\kotlin-reflect\1.6.10\1cbe9c92c12a94eea200d23c2bbaedaf3daf5132\kotlin-reflect-1.6.10.jar;C:\Users\ali\.gradle\caches\modules-2\files-2.1\org.jetbrains.kotlin\kotlin-daemon-embeddable\1.8.0\d255216c551685dc3a7e852b53617f5f01aaaa5c\kotlin-daemon-embeddable-1.8.0.jar;C:\Users\ali\.gradle\caches\modules-2\files-2.1\org.jetbrains.intellij.deps\trove4j\1.0.20200330\3afb14d5f9ceb459d724e907a21145e8ff394f02\trove4j-1.0.20200330.jar;C:\Users\ali\.gradle\caches\modules-2\files-2.1\net.java.dev.jna\jna\5.6.0\330f2244e9030119ab3030fc3fededc86713d9cc\jna-5.6.0.jar;C:\Users\ali\.gradle\caches\modules-2\files-2.1\org.jetbrains.kotlin\kotlin-stdlib-common\1.8.0\f7197e7cc76453ac59f8b0f8d5137cc600becd36\kotlin-stdlib-common-1.8.0.jar;C:\Users\ali\.gradle\caches\modules-2\files-2.1\org.jetbrains\annotations\13.0\919f0dfe192fb4e063e7dacadee7f8bb9a2672a9\annotations-13.0.jar
Launcher Type: SUN_STANDARD

[Global flags]
     intx CICompilerCount                          = 4                                         {product} {ergonomic}
     uint ConcGCThreads                            = 2                                         {product} {ergonomic}
     uint G1ConcRefinementThreads                  = 8                                         {product} {ergonomic}
   size_t G1HeapRegionSize                         = 1048576                                   {product} {ergonomic}
    uintx GCDrainStackTargetSize                   = 64                                        {product} {ergonomic}
   size_t InitialHeapSize                          = 134217728                                 {product} {ergonomic}
   size_t MarkStackSize                            = 4194304                                   {product} {ergonomic}
   size_t MaxHeapSize                              = 2118123520                                {product} {ergonomic}
   size_t MaxNewSize                               = 1270874112                                {product} {ergonomic}
   size_t MinHeapDeltaBytes                        = 1048576                                   {product} {ergonomic}
   size_t MinHeapSize                              = 8388608                                   {product} {ergonomic}
    uintx NonNMethodCodeHeapSize                   = 5839372                                {pd product} {ergonomic}
    uintx NonProfiledCodeHeapSize                  = 122909434                              {pd product} {ergonomic}
    uintx ProfiledCodeHeapSize                     = 122909434                              {pd product} {ergonomic}
    uintx ReservedCodeCacheSize                    = 251658240                              {pd product} {ergonomic}
     bool SegmentedCodeCache                       = true                                      {product} {ergonomic}
   size_t SoftMaxHeapSize                          = 2118123520                             {manageable} {ergonomic}
     bool UseCompressedClassPointers               = true                           {product lp64_product} {ergonomic}
     bool UseCompressedOops                        = true                           {product lp64_product} {ergonomic}
     bool UseG1GC                                  = true                                      {product} {ergonomic}
     bool UseLargePagesIndividualAllocation        = false                                  {pd product} {ergonomic}

Logging:
Log output configuration:
 #0: stdout all=warning uptime,level,tags
 #1: stderr all=off uptime,level,tags

Environment Variables:
JAVA_HOME=C:\Program Files\Java\jdk-17
PATH=C:\Program Files\Common Files\Oracle\Java\javapath;C:\Program Files (x86)\Common Files\Oracle\Java\javapath;C:\Python312\Scripts\;C:\Python312\;C:\Windows\system32;C:\Windows;C:\Windows\System32\Wbem;C:\Windows\System32\WindowsPowerShell\v1.0\;C:\Windows\System32\OpenSSH\;C:\Program Files\nodejs\;C:\ProgramData\chocolatey\bin;C:\Program Files\dotnet\;C:\Program Files\Git\cmd;%JAVA_HOME%\bin;C:\Users\ali\AppData\Local\Microsoft\WindowsApps;C:\Users\ali\AppData\Local\Programs\Microsoft VS Code\bin;C:\Program Files\JetBrains\IntelliJ IDEA 2023.3.2\bin;;C:\Users\ali\AppData\Roaming\npm;C:\Users\ali\AppData\Local\Android\Sdk\platform-tools;C:\Users\ali\.dotnet\tools;C:\Users\ali\AppData\Local\GitHubDesktop\bin;C:\Users\ali\AppData\Local\Android\Sdk\platform-tools;
USERNAME=ali
OS=Windows_NT
PROCESSOR_IDENTIFIER=Intel64 Family 6 Model 158 Stepping 10, GenuineIntel
TMP=C:\Users\ali\AppData\Local\Temp
TEMP=C:\Users\ali\AppData\Local\Temp


JNI global refs:
JNI global refs: 10, weak refs: 4

JNI global refs memory usage: 843, weak refs: 841

OOME stack traces (most recent first):
Classloader memory used:
Loader jdk.internal.loader.ClassLoaders$AppClassLoader                                 : 3204K
Loader bootstrap                                                                       : 1575K
Loader java.net.URLClassLoader                                                         : 60477B
Loader jdk.internal.jrtfs.JrtFileSystemProvider$JrtFsLoader                            : 38901B
Loader jdk.internal.loader.ClassLoaders$PlatformClassLoader                            : 34360B
Loader jdk.internal.reflect.DelegatingClassLoader                                      : 5981B

Classes loaded by more than one classloader:
Class jdk.internal.jimage.BasicImageReader$1                                          : loaded 2 times (x 75B)
Class jdk.internal.jimage.ImageBufferCache$1                                          : loaded 2 times (x 78B)
Class jdk.internal.jimage.ImageBufferCache$2                                          : loaded 2 times (x 89B)
Class jdk.internal.jimage.ImageReader$SharedImageReader                               : loaded 2 times (x 93B)
Class jdk.internal.jimage.decompressor.ZipDecompressorFactory                         : loaded 2 times (x 72B)
Class jdk.internal.jimage.ImageHeader                                                 : loaded 2 times (x 69B)
Class jdk.internal.jimage.decompressor.StringSharingDecompressorFactory               : loaded 2 times (x 72B)
Class jdk.internal.jimage.BasicImageReader                                            : loaded 2 times (x 93B)
Class jdk.internal.jimage.ImageLocation                                               : loaded 2 times (x 88B)
Class jdk.internal.jimage.ImageReader$Node                                            : loaded 2 times (x 82B)
Class jdk.internal.jimage.decompressor.CompressedResourceHeader                       : loaded 2 times (x 69B)
Class jdk.internal.jrtfs.JrtPath                                                      : loaded 2 times (x 116B)
Class jdk.internal.jimage.ImageStrings                                                : loaded 2 times (x 68B)
Class jdk.internal.jimage.decompressor.ResourceDecompressorRepository                 : loaded 2 times (x 69B)
Class jdk.internal.jimage.decompressor.ResourceDecompressor$StringsProvider           : loaded 2 times (x 68B)
Class jdk.internal.jimage.decompressor.Decompressor                                   : loaded 2 times (x 70B)
Class jdk.internal.jrtfs.JrtFileSystem                                                : loaded 2 times (x 100B)
Class jdk.internal.jrtfs.JrtFileSystemProvider                                        : loaded 2 times (x 97B)
Class jdk.internal.jimage.decompressor.ResourceDecompressor                           : loaded 2 times (x 68B)
Class jdk.internal.jimage.ImageStringsReader                                          : loaded 2 times (x 78B)
Class jdk.internal.jimage.decompressor.ResourceDecompressorFactory                    : loaded 2 times (x 72B)
Class jdk.internal.jimage.decompressor.ZipDecompressor                                : loaded 2 times (x 73B)
Class jdk.internal.jimage.ImageReader                                                 : loaded 2 times (x 73B)
Class jdk.internal.jimage.ImageBufferCache                                            : loaded 2 times (x 69B)
Class jdk.internal.jimage.ImageReader$Directory                                       : loaded 2 times (x 82B)


---------------  S Y S T E M  ---------------

OS:
 Windows 10 , 64 bit Build 19041 (10.0.19041.3636)
OS uptime: 0 days 0:36 hours

CPU: total 8 (initial active 8) (4 cores per cpu, 2 threads per core) family 6 model 158 stepping 10 microcode 0xf0, cx8, cmov, fxsr, ht, mmx, 3dnowpref, sse, sse2, sse3, ssse3, sse4.1, sse4.2, popcnt, lzcnt, tsc, tscinvbit, avx, avx2, aes, erms, clmul, bmi1, bmi2, adx, fma, vzeroupper, clflush, clflushopt

Memory: 4k page, system-wide physical 8073M (375M free)
TotalPageFile size 12169M (AvailPageFile size 28M)
current process WorkingSet (physical memory assigned to process): 205M, peak: 207M
current process commit charge ("private bytes"): 297M, peak: 327M

vm_info: OpenJDK 64-Bit Server VM (17.0.7+0-b2043.56-10550314) for windows-amd64 JRE (17.0.7+0-b2043.56-10550314), built on Jul 24 2023 18:27:45 by "androidbuild" with MS VC++ 16.10 / 16.11 (VS2019)

END.
