#
# There is insufficient memory for the Java Runtime Environment to continue.
# Native memory allocation (mmap) failed to map 165675008 bytes for G1 virtual space
# Possible reasons:
#   The system is out of physical RAM or swap space
#   The process is running with CompressedOops enabled, and the Java Heap may be blocking the growth of the native heap
# Possible solutions:
#   Reduce memory load on the system
#   Increase physical memory or swap space
#   Check if swap backing store is full
#   Decrease Java heap size (-Xmx/-Xms)
#   Decrease number of Java threads
#   Decrease Java thread stack sizes (-Xss)
#   Set larger code cache with -XX:ReservedCodeCacheSize=
#   JVM is running with Unscaled Compressed Oops mode in which the Java heap is
#     placed in the first 4GB address space. The Java Heap base address is the
#     maximum limit for the native heap growth. Please use -XX:HeapBaseMinAddress
#     to set the Java Heap base and to place the Java Heap above 4GB virtual address.
# This output file may be truncated or incomplete.
#
#  Out of Memory Error (os_windows.cpp:3771), pid=11800, tid=17152
#
# JRE version: OpenJDK Runtime Environment (17.0.7) (build 17.0.7+0-b2043.56-10550314)
# Java VM: OpenJDK 64-Bit Server VM (17.0.7+0-b2043.56-10550314, mixed mode, tiered, compressed oops, compressed class ptrs, g1 gc, windows-amd64)
# No core dump will be written. Minidumps are not enabled by default on client versions of Windows
#

---------------  S U M M A R Y ------------

Command Line: org.jetbrains.kotlin.cli.jvm.K2JVMCompiler @C:\Users\ali\Panda\node_modules\@react-native\gradle-plugin\build\20240304_18169880786559901243.compiler.options

Host: Intel(R) Core(TM) i5-8300H CPU @ 2.30GHz, 8 cores, 7G,  Windows 10 , 64 bit Build 19041 (10.0.19041.3636)
Time: Mon Mar  4 00:22:44 2024 Jerusalem Standard Time elapsed time: 11.163820 seconds (0d 0h 0m 11s)

---------------  T H R E A D  ---------------

Current thread (0x00000219ff891f10):  VMThread "VM Thread" [stack: 0x0000001d95500000,0x0000001d95600000] [id=17152]

Stack: [0x0000001d95500000,0x0000001d95600000]
Native frames: (J=compiled Java code, j=interpreted, Vv=VM code, C=native code)
V  [jvm.dll+0x683bfa]
V  [jvm.dll+0x8430a4]
V  [jvm.dll+0x8449be]
V  [jvm.dll+0x845023]
V  [jvm.dll+0x24ad2f]
V  [jvm.dll+0x680ac9]
V  [jvm.dll+0x67519a]
V  [jvm.dll+0x30b3cb]
V  [jvm.dll+0x312876]
V  [jvm.dll+0x36221e]
V  [jvm.dll+0x36244f]
V  [jvm.dll+0x2e14a8]
V  [jvm.dll+0x2df684]
V  [jvm.dll+0x2dec8c]
V  [jvm.dll+0x32382b]
V  [jvm.dll+0x8496eb]
V  [jvm.dll+0x84a424]
V  [jvm.dll+0x84a93d]
V  [jvm.dll+0x84ad14]
V  [jvm.dll+0x84ade0]
V  [jvm.dll+0x7f2aea]
V  [jvm.dll+0x682a35]
C  [ucrtbase.dll+0x21bb2]
C  [KERNEL32.DLL+0x17344]
C  [ntdll.dll+0x526b1]

VM_Operation (0x0000001d95dfe0d0): G1CollectForAllocation, mode: safepoint, requested by thread 0x00000219ffb3a9f0


---------------  P R O C E S S  ---------------

Threads class SMR info:
_java_thread_list=0x0000021984a7d5e0, length=14, elements={
0x00000219e5b26850, 0x00000219ff8b9aa0, 0x00000219ff8bb360, 0x00000219ffb2fbe0,
0x00000219ffb306a0, 0x00000219ffb33810, 0x00000219ffb34870, 0x00000219ffb39100,
0x00000219ffb3a9f0, 0x00000219ffb3e280, 0x00000219ffc9f720, 0x00000219ffcb4070,
0x00000219ffcf8fc0, 0x0000021984e25f60
}

Java Threads: ( => current thread )
  0x00000219e5b26850 JavaThread "main" [_thread_blocked, id=14736, stack(0x0000001d94f00000,0x0000001d95000000)]
  0x00000219ff8b9aa0 JavaThread "Reference Handler" daemon [_thread_blocked, id=10220, stack(0x0000001d95600000,0x0000001d95700000)]
  0x00000219ff8bb360 JavaThread "Finalizer" daemon [_thread_blocked, id=11356, stack(0x0000001d95700000,0x0000001d95800000)]
  0x00000219ffb2fbe0 JavaThread "Signal Dispatcher" daemon [_thread_blocked, id=5216, stack(0x0000001d95800000,0x0000001d95900000)]
  0x00000219ffb306a0 JavaThread "Attach Listener" daemon [_thread_blocked, id=17008, stack(0x0000001d95900000,0x0000001d95a00000)]
  0x00000219ffb33810 JavaThread "Service Thread" daemon [_thread_blocked, id=16960, stack(0x0000001d95a00000,0x0000001d95b00000)]
  0x00000219ffb34870 JavaThread "Monitor Deflation Thread" daemon [_thread_blocked, id=12408, stack(0x0000001d95b00000,0x0000001d95c00000)]
  0x00000219ffb39100 JavaThread "C2 CompilerThread0" daemon [_thread_blocked, id=16256, stack(0x0000001d95c00000,0x0000001d95d00000)]
  0x00000219ffb3a9f0 JavaThread "C1 CompilerThread0" daemon [_thread_blocked, id=12072, stack(0x0000001d95d00000,0x0000001d95e00000)]
  0x00000219ffb3e280 JavaThread "Sweeper thread" daemon [_thread_blocked, id=9688, stack(0x0000001d95e00000,0x0000001d95f00000)]
  0x00000219ffc9f720 JavaThread "Notification Thread" daemon [_thread_blocked, id=9108, stack(0x0000001d95f00000,0x0000001d96000000)]
  0x00000219ffcb4070 JavaThread "Common-Cleaner" daemon [_thread_blocked, id=17288, stack(0x0000001d96100000,0x0000001d96200000)]
  0x00000219ffcf8fc0 JavaThread "C2 CompilerThread1" daemon [_thread_in_native, id=16952, stack(0x0000001d96200000,0x0000001d96300000)]
  0x0000021984e25f60 JavaThread "C2 CompilerThread2" daemon [_thread_blocked, id=2632, stack(0x0000001d96b00000,0x0000001d96c00000)]

Other Threads:
=>0x00000219ff891f10 VMThread "VM Thread" [stack: 0x0000001d95500000,0x0000001d95600000] [id=17152]
  0x00000219ffc1b3d0 WatcherThread [stack: 0x0000001d96000000,0x0000001d96100000] [id=10556]
  0x00000219e5b7c460 GCTaskThread "GC Thread#0" [stack: 0x0000001d95000000,0x0000001d95100000] [id=16088]
  0x0000021984397020 GCTaskThread "GC Thread#1" [stack: 0x0000001d96300000,0x0000001d96400000] [id=9328]
  0x000002198428f190 GCTaskThread "GC Thread#2" [stack: 0x0000001d96400000,0x0000001d96500000] [id=9324]
  0x0000021984399060 GCTaskThread "GC Thread#3" [stack: 0x0000001d96500000,0x0000001d96600000] [id=8980]
  0x00000219843b5840 GCTaskThread "GC Thread#4" [stack: 0x0000001d96600000,0x0000001d96700000] [id=12236]
  0x00000219849c65f0 GCTaskThread "GC Thread#5" [stack: 0x0000001d96700000,0x0000001d96800000] [id=4000]
  0x000002198499e5d0 GCTaskThread "GC Thread#6" [stack: 0x0000001d96800000,0x0000001d96900000] [id=13388]
  0x0000021984b96170 GCTaskThread "GC Thread#7" [stack: 0x0000001d96900000,0x0000001d96a00000] [id=2924]
  0x00000219e5b8ef50 ConcurrentGCThread "G1 Main Marker" [stack: 0x0000001d95100000,0x0000001d95200000] [id=16056]
  0x00000219e5b92020 ConcurrentGCThread "G1 Conc#0" [stack: 0x0000001d95200000,0x0000001d95300000] [id=10400]
  0x0000021984b96420 ConcurrentGCThread "G1 Conc#1" [stack: 0x0000001d96a00000,0x0000001d96b00000] [id=8212]
  0x00000219ff7024c0 ConcurrentGCThread "G1 Refine#0" [stack: 0x0000001d95300000,0x0000001d95400000] [id=11820]
  0x0000021985123500 ConcurrentGCThread "G1 Refine#1" [stack: 0x0000001d96c00000,0x0000001d96d00000] [id=12892]
  0x00000219851237e0 ConcurrentGCThread "G1 Refine#2" [stack: 0x0000001d96d00000,0x0000001d96e00000] [id=2804]
  0x0000021984fc2cf0 ConcurrentGCThread "G1 Refine#3" [stack: 0x0000001d96e00000,0x0000001d96f00000] [id=6676]
  0x000002198a0f36d0 ConcurrentGCThread "G1 Refine#4" [stack: 0x0000001d96f00000,0x0000001d97000000] [id=1812]
  0x00000219ff702df0 ConcurrentGCThread "G1 Service" [stack: 0x0000001d95400000,0x0000001d95500000] [id=12732]

Threads with active compile tasks:
C2 CompilerThread0    11192 14040       4       org.jetbrains.kotlin.ir.visitors.IrElementTransformerVoid::visitBody (18 bytes)
C1 CompilerThread0    11192 14056       3       org.jetbrains.kotlin.backend.jvm.lower.JvmBuiltInsLowering$lower$transformer$1::visitCall (232 bytes)
C2 CompilerThread1    11192 13602       4       org.jetbrains.kotlin.ir.util.TypeTranslator::translateType (625 bytes)
C2 CompilerThread2    11192 13972       4       org.jetbrains.kotlin.types.TypeSubstitutor::substitute (49 bytes)

VM state: at safepoint (normal execution)

VM Mutex/Monitor currently owned by a thread:  ([mutex/lock_event])
[0x00000219e5b224f0] Threads_lock - owner thread: 0x00000219ff891f10
[0x00000219e5b23660] Heap_lock - owner thread: 0x00000219ffb3a9f0

Heap address: 0x0000000081c00000, size: 2020 MB, Compressed Oops mode: 32-bit

CDS archive(s) not mapped
Compressed class space mapped at: 0x0000000100000000-0x0000000140000000, reserved size: 1073741824
Narrow klass base: 0x0000000000000000, Narrow klass shift: 3, Narrow klass range: 0x140000000

GC Precious Log:
 CPUs: 8 total, 8 available
 Memory: 8073M
 Large Page Support: Disabled
 NUMA Support: Disabled
 Compressed Oops: Enabled (32-bit)
 Heap Region Size: 1M
 Heap Min Capacity: 8M
 Heap Initial Capacity: 128M
 Heap Max Capacity: 2020M
 Pre-touch: Disabled
 Parallel Workers: 8
 Concurrent Workers: 2
 Concurrent Refinement Workers: 8
 Periodic GC: Disabled

Heap:
 garbage-first heap   total 161792K, used 93341K [0x0000000081c00000, 0x0000000100000000)
  region size 1024K, 3 young (3072K), 3 survivors (3072K)
 Metaspace       used 82474K, committed 82816K, reserved 1179648K
  class space    used 9213K, committed 9344K, reserved 1048576K

Heap Regions: E=young(eden), S=young(survivor), O=old, HS=humongous(starts), HC=humongous(continues), CS=collection set, F=free, OA=open archive, CA=closed archive, TAMS=top-at-mark-start (previous, next)
|   0|0x0000000081c00000, 0x0000000081d00000, 0x0000000081d00000|100%|HS|  |TAMS 0x0000000081d00000, 0x0000000081d00000| Complete 
|   1|0x0000000081d00000, 0x0000000081e00000, 0x0000000081e00000|100%|HC|  |TAMS 0x0000000081e00000, 0x0000000081e00000| Complete 
|   2|0x0000000081e00000, 0x0000000081f00000, 0x0000000081f00000|100%|HC|  |TAMS 0x0000000081f00000, 0x0000000081f00000| Complete 
|   3|0x0000000081f00000, 0x0000000082000000, 0x0000000082000000|100%|HC|  |TAMS 0x0000000082000000, 0x0000000082000000| Complete 
|   4|0x0000000082000000, 0x0000000082100000, 0x0000000082100000|100%| O|  |TAMS 0x0000000082100000, 0x0000000082100000| Untracked 
|   5|0x0000000082100000, 0x0000000082200000, 0x0000000082200000|100%| O|  |TAMS 0x0000000082200000, 0x0000000082200000| Untracked 
|   6|0x0000000082200000, 0x0000000082300000, 0x0000000082300000|100%|HS|  |TAMS 0x0000000082300000, 0x0000000082300000| Complete 
|   7|0x0000000082300000, 0x0000000082400000, 0x0000000082400000|100%|HS|  |TAMS 0x0000000082400000, 0x0000000082400000| Complete 
|   8|0x0000000082400000, 0x0000000082500000, 0x0000000082500000|100%|HC|  |TAMS 0x0000000082500000, 0x0000000082500000| Complete 
|   9|0x0000000082500000, 0x0000000082600000, 0x0000000082600000|100%|HC|  |TAMS 0x0000000082600000, 0x0000000082600000| Complete 
|  10|0x0000000082600000, 0x0000000082700000, 0x0000000082700000|100%|HC|  |TAMS 0x0000000082700000, 0x0000000082700000| Complete 
|  11|0x0000000082700000, 0x0000000082800000, 0x0000000082800000|100%| O|  |TAMS 0x0000000082800000, 0x0000000082800000| Untracked 
|  12|0x0000000082800000, 0x0000000082900000, 0x0000000082900000|100%| O|  |TAMS 0x0000000082900000, 0x0000000082900000| Untracked 
|  13|0x0000000082900000, 0x0000000082a00000, 0x0000000082a00000|100%| O|  |TAMS 0x0000000082a00000, 0x0000000082a00000| Untracked 
|  14|0x0000000082a00000, 0x0000000082b00000, 0x0000000082b00000|100%|HS|  |TAMS 0x0000000082b00000, 0x0000000082b00000| Complete 
|  15|0x0000000082b00000, 0x0000000082c00000, 0x0000000082c00000|100%|HC|  |TAMS 0x0000000082c00000, 0x0000000082c00000| Complete 
|  16|0x0000000082c00000, 0x0000000082d00000, 0x0000000082d00000|100%|HS|  |TAMS 0x0000000082d00000, 0x0000000082d00000| Complete 
|  17|0x0000000082d00000, 0x0000000082e00000, 0x0000000082e00000|100%| O|  |TAMS 0x0000000082e00000, 0x0000000082e00000| Untracked 
|  18|0x0000000082e00000, 0x0000000082f00000, 0x0000000082f00000|100%| O|  |TAMS 0x0000000082f00000, 0x0000000082f00000| Untracked 
|  19|0x0000000082f00000, 0x0000000083000000, 0x0000000083000000|100%| O|  |TAMS 0x0000000083000000, 0x0000000083000000| Untracked 
|  20|0x0000000083000000, 0x0000000083100000, 0x0000000083100000|100%| O|  |TAMS 0x0000000083100000, 0x0000000083100000| Untracked 
|  21|0x0000000083100000, 0x0000000083200000, 0x0000000083200000|100%| O|  |TAMS 0x0000000083200000, 0x0000000083200000| Untracked 
|  22|0x0000000083200000, 0x0000000083300000, 0x0000000083300000|100%| O|  |TAMS 0x0000000083300000, 0x0000000083300000| Untracked 
|  23|0x0000000083300000, 0x0000000083400000, 0x0000000083400000|100%| O|  |TAMS 0x0000000083400000, 0x0000000083400000| Untracked 
|  24|0x0000000083400000, 0x0000000083500000, 0x0000000083500000|100%| O|  |TAMS 0x0000000083500000, 0x0000000083500000| Untracked 
|  25|0x0000000083500000, 0x0000000083600000, 0x0000000083600000|100%| O|  |TAMS 0x0000000083600000, 0x0000000083600000| Untracked 
|  26|0x0000000083600000, 0x0000000083700000, 0x0000000083700000|100%| O|  |TAMS 0x0000000083700000, 0x0000000083700000| Untracked 
|  27|0x0000000083700000, 0x0000000083800000, 0x0000000083800000|100%| O|  |TAMS 0x0000000083800000, 0x0000000083800000| Untracked 
|  28|0x0000000083800000, 0x0000000083900000, 0x0000000083900000|100%| O|  |TAMS 0x0000000083900000, 0x0000000083900000| Untracked 
|  29|0x0000000083900000, 0x0000000083a00000, 0x0000000083a00000|100%| O|  |TAMS 0x0000000083a00000, 0x0000000083a00000| Untracked 
|  30|0x0000000083a00000, 0x0000000083b00000, 0x0000000083b00000|100%|HS|  |TAMS 0x0000000083b00000, 0x0000000083b00000| Complete 
|  31|0x0000000083b00000, 0x0000000083c00000, 0x0000000083c00000|100%| O|  |TAMS 0x0000000083c00000, 0x0000000083c00000| Untracked 
|  32|0x0000000083c00000, 0x0000000083d00000, 0x0000000083d00000|100%| O|  |TAMS 0x0000000083d00000, 0x0000000083d00000| Untracked 
|  33|0x0000000083d00000, 0x0000000083e00000, 0x0000000083e00000|100%| O|  |TAMS 0x0000000083e00000, 0x0000000083e00000| Untracked 
|  34|0x0000000083e00000, 0x0000000083f00000, 0x0000000083f00000|100%| O|  |TAMS 0x0000000083f00000, 0x0000000083f00000| Untracked 
|  35|0x0000000083f00000, 0x0000000084000000, 0x0000000084000000|100%| O|  |TAMS 0x0000000084000000, 0x0000000084000000| Untracked 
|  36|0x0000000084000000, 0x0000000084100000, 0x0000000084100000|100%| O|  |TAMS 0x0000000084100000, 0x0000000084100000| Untracked 
|  37|0x0000000084100000, 0x0000000084200000, 0x0000000084200000|100%|HS|  |TAMS 0x0000000084200000, 0x0000000084200000| Complete 
|  38|0x0000000084200000, 0x0000000084300000, 0x0000000084300000|100%|HC|  |TAMS 0x0000000084300000, 0x0000000084300000| Complete 
|  39|0x0000000084300000, 0x0000000084400000, 0x0000000084400000|100%|HC|  |TAMS 0x0000000084400000, 0x0000000084400000| Complete 
|  40|0x0000000084400000, 0x0000000084500000, 0x0000000084500000|100%|HC|  |TAMS 0x0000000084500000, 0x0000000084500000| Complete 
|  41|0x0000000084500000, 0x0000000084600000, 0x0000000084600000|100%|HC|  |TAMS 0x0000000084600000, 0x0000000084600000| Complete 
|  42|0x0000000084600000, 0x0000000084700000, 0x0000000084700000|100%|HC|  |TAMS 0x0000000084700000, 0x0000000084700000| Complete 
|  43|0x0000000084700000, 0x0000000084800000, 0x0000000084800000|100%| O|  |TAMS 0x0000000084800000, 0x0000000084800000| Untracked 
|  44|0x0000000084800000, 0x0000000084900000, 0x0000000084900000|100%| O|  |TAMS 0x0000000084900000, 0x0000000084900000| Untracked 
|  45|0x0000000084900000, 0x0000000084a00000, 0x0000000084a00000|100%| O|  |TAMS 0x0000000084a00000, 0x0000000084a00000| Untracked 
|  46|0x0000000084a00000, 0x0000000084b00000, 0x0000000084b00000|100%| O|  |TAMS 0x0000000084b00000, 0x0000000084b00000| Untracked 
|  47|0x0000000084b00000, 0x0000000084c00000, 0x0000000084c00000|100%| O|  |TAMS 0x0000000084c00000, 0x0000000084c00000| Untracked 
|  48|0x0000000084c00000, 0x0000000084d00000, 0x0000000084d00000|100%| O|  |TAMS 0x0000000084d00000, 0x0000000084d00000| Untracked 
|  49|0x0000000084d00000, 0x0000000084e00000, 0x0000000084e00000|100%| O|  |TAMS 0x0000000084e00000, 0x0000000084e00000| Untracked 
|  50|0x0000000084e00000, 0x0000000084f00000, 0x0000000084f00000|100%| O|  |TAMS 0x0000000084f00000, 0x0000000084f00000| Untracked 
|  51|0x0000000084f00000, 0x0000000085000000, 0x0000000085000000|100%| O|  |TAMS 0x0000000085000000, 0x0000000085000000| Untracked 
|  52|0x0000000085000000, 0x0000000085100000, 0x0000000085100000|100%| O|  |TAMS 0x0000000085100000, 0x0000000085100000| Untracked 
|  53|0x0000000085100000, 0x0000000085200000, 0x0000000085200000|100%| O|  |TAMS 0x0000000085200000, 0x0000000085200000| Untracked 
|  54|0x0000000085200000, 0x0000000085300000, 0x0000000085300000|100%| O|  |TAMS 0x0000000085300000, 0x0000000085300000| Untracked 
|  55|0x0000000085300000, 0x0000000085400000, 0x0000000085400000|100%| O|  |TAMS 0x0000000085400000, 0x0000000085400000| Untracked 
|  56|0x0000000085400000, 0x0000000085500000, 0x0000000085500000|100%| O|  |TAMS 0x0000000085500000, 0x0000000085500000| Untracked 
|  57|0x0000000085500000, 0x0000000085600000, 0x0000000085600000|100%| O|  |TAMS 0x0000000085600000, 0x0000000085600000| Untracked 
|  58|0x0000000085600000, 0x0000000085700000, 0x0000000085700000|100%| O|  |TAMS 0x0000000085700000, 0x0000000085700000| Untracked 
|  59|0x0000000085700000, 0x0000000085800000, 0x0000000085800000|100%| O|  |TAMS 0x0000000085800000, 0x0000000085800000| Untracked 
|  60|0x0000000085800000, 0x0000000085900000, 0x0000000085900000|100%| O|  |TAMS 0x0000000085900000, 0x0000000085900000| Untracked 
|  61|0x0000000085900000, 0x0000000085a00000, 0x0000000085a00000|100%| O|  |TAMS 0x0000000085a00000, 0x0000000085a00000| Untracked 
|  62|0x0000000085a00000, 0x0000000085b00000, 0x0000000085b00000|100%| O|  |TAMS 0x0000000085b00000, 0x0000000085b00000| Untracked 
|  63|0x0000000085b00000, 0x0000000085c00000, 0x0000000085c00000|100%| O|  |TAMS 0x0000000085c00000, 0x0000000085c00000| Untracked 
|  64|0x0000000085c00000, 0x0000000085d00000, 0x0000000085d00000|100%| O|  |TAMS 0x0000000085d00000, 0x0000000085d00000| Untracked 
|  65|0x0000000085d00000, 0x0000000085e00000, 0x0000000085e00000|100%| O|  |TAMS 0x0000000085e00000, 0x0000000085e00000| Untracked 
|  66|0x0000000085e00000, 0x0000000085f00000, 0x0000000085f00000|100%| O|  |TAMS 0x0000000085f00000, 0x0000000085f00000| Untracked 
|  67|0x0000000085f00000, 0x0000000086000000, 0x0000000086000000|100%| O|  |TAMS 0x0000000086000000, 0x0000000086000000| Untracked 
|  68|0x0000000086000000, 0x0000000086000000, 0x0000000086100000|  0%| F|  |TAMS 0x0000000086000000, 0x0000000086000000| Untracked 
|  69|0x0000000086100000, 0x0000000086200000, 0x0000000086200000|100%|HS|  |TAMS 0x0000000086200000, 0x0000000086200000| Complete 
|  70|0x0000000086200000, 0x0000000086300000, 0x0000000086300000|100%|HC|  |TAMS 0x0000000086300000, 0x0000000086300000| Complete 
|  71|0x0000000086300000, 0x0000000086400000, 0x0000000086400000|100%| O|  |TAMS 0x0000000086400000, 0x0000000086400000| Untracked 
|  72|0x0000000086400000, 0x0000000086500000, 0x0000000086500000|100%| O|  |TAMS 0x0000000086500000, 0x0000000086500000| Untracked 
|  73|0x0000000086500000, 0x0000000086600000, 0x0000000086600000|100%| O|  |TAMS 0x0000000086600000, 0x0000000086600000| Untracked 
|  74|0x0000000086600000, 0x0000000086700000, 0x0000000086700000|100%| O|  |TAMS 0x0000000086700000, 0x0000000086700000| Untracked 
|  75|0x0000000086700000, 0x0000000086800000, 0x0000000086800000|100%| O|  |TAMS 0x0000000086800000, 0x0000000086800000| Untracked 
|  76|0x0000000086800000, 0x0000000086900000, 0x0000000086900000|100%| O|  |TAMS 0x0000000086800000, 0x0000000086900000| Untracked 
|  77|0x0000000086900000, 0x0000000086a00000, 0x0000000086a00000|100%| O|  |TAMS 0x0000000086900000, 0x0000000086a00000| Untracked 
|  78|0x0000000086a00000, 0x0000000086b00000, 0x0000000086b00000|100%| O|  |TAMS 0x0000000086a00000, 0x0000000086b00000| Untracked 
|  79|0x0000000086b00000, 0x0000000086c00000, 0x0000000086c00000|100%| O|  |TAMS 0x0000000086b00000, 0x0000000086c00000| Untracked 
|  80|0x0000000086c00000, 0x0000000086d00000, 0x0000000086d00000|100%| O|  |TAMS 0x0000000086c00000, 0x0000000086d00000| Untracked 
|  81|0x0000000086d00000, 0x0000000086e00000, 0x0000000086e00000|100%| O|  |TAMS 0x0000000086d00000, 0x0000000086e00000| Untracked 
|  82|0x0000000086e00000, 0x0000000086f00000, 0x0000000086f00000|100%| O|  |TAMS 0x0000000086e00000, 0x0000000086f00000| Untracked 
|  83|0x0000000086f00000, 0x0000000087000000, 0x0000000087000000|100%| O|  |TAMS 0x0000000086f00000, 0x0000000087000000| Untracked 
|  84|0x0000000087000000, 0x0000000087100000, 0x0000000087100000|100%| O|  |TAMS 0x0000000087000000, 0x0000000087100000| Untracked 
|  85|0x0000000087100000, 0x0000000087200000, 0x0000000087200000|100%| O|  |TAMS 0x0000000087100000, 0x0000000087200000| Untracked 
|  86|0x0000000087200000, 0x0000000087300000, 0x0000000087300000|100%| O|  |TAMS 0x0000000087200000, 0x0000000087300000| Untracked 
|  87|0x0000000087300000, 0x0000000087400000, 0x0000000087400000|100%| O|  |TAMS 0x0000000087300000, 0x0000000087400000| Untracked 
|  88|0x0000000087400000, 0x0000000087500000, 0x0000000087500000|100%| O|  |TAMS 0x0000000087400000, 0x0000000087500000| Untracked 
|  89|0x0000000087500000, 0x000000008757c600, 0x0000000087600000| 48%| O|  |TAMS 0x0000000087500000, 0x000000008757c600| Untracked 
|  90|0x0000000087600000, 0x0000000087600000, 0x0000000087700000|  0%| F|  |TAMS 0x0000000087600000, 0x0000000087600000| Untracked 
|  91|0x0000000087700000, 0x0000000087700000, 0x0000000087800000|  0%| F|  |TAMS 0x0000000087700000, 0x0000000087700000| Untracked 
|  92|0x0000000087800000, 0x0000000087800000, 0x0000000087900000|  0%| F|  |TAMS 0x0000000087800000, 0x0000000087800000| Untracked 
|  93|0x0000000087900000, 0x0000000087900000, 0x0000000087a00000|  0%| F|  |TAMS 0x0000000087900000, 0x0000000087900000| Untracked 
|  94|0x0000000087a00000, 0x0000000087a00000, 0x0000000087b00000|  0%| F|  |TAMS 0x0000000087a00000, 0x0000000087a00000| Untracked 
|  95|0x0000000087b00000, 0x0000000087b00000, 0x0000000087c00000|  0%| F|  |TAMS 0x0000000087b00000, 0x0000000087b00000| Untracked 
|  96|0x0000000087c00000, 0x0000000087c00000, 0x0000000087d00000|  0%| F|  |TAMS 0x0000000087c00000, 0x0000000087c00000| Untracked 
|  97|0x0000000087d00000, 0x0000000087d00000, 0x0000000087e00000|  0%| F|  |TAMS 0x0000000087d00000, 0x0000000087d00000| Untracked 
|  98|0x0000000087e00000, 0x0000000087e00000, 0x0000000087f00000|  0%| F|  |TAMS 0x0000000087e00000, 0x0000000087e00000| Untracked 
|  99|0x0000000087f00000, 0x0000000087f00000, 0x0000000088000000|  0%| F|  |TAMS 0x0000000087f00000, 0x0000000087f00000| Untracked 
| 100|0x0000000088000000, 0x0000000088000000, 0x0000000088100000|  0%| F|  |TAMS 0x0000000088000000, 0x0000000088000000| Untracked 
| 101|0x0000000088100000, 0x0000000088100000, 0x0000000088200000|  0%| F|  |TAMS 0x0000000088100000, 0x0000000088100000| Untracked 
| 102|0x0000000088200000, 0x0000000088200000, 0x0000000088300000|  0%| F|  |TAMS 0x0000000088200000, 0x0000000088200000| Untracked 
| 103|0x0000000088300000, 0x0000000088300000, 0x0000000088400000|  0%| F|  |TAMS 0x0000000088300000, 0x0000000088300000| Untracked 
| 104|0x0000000088400000, 0x0000000088400000, 0x0000000088500000|  0%| F|  |TAMS 0x0000000088400000, 0x0000000088400000| Untracked 
| 105|0x0000000088500000, 0x0000000088500000, 0x0000000088600000|  0%| F|  |TAMS 0x0000000088500000, 0x0000000088500000| Untracked 
| 106|0x0000000088600000, 0x0000000088600000, 0x0000000088700000|  0%| F|  |TAMS 0x0000000088600000, 0x0000000088600000| Untracked 
| 107|0x0000000088700000, 0x0000000088700000, 0x0000000088800000|  0%| F|  |TAMS 0x0000000088700000, 0x0000000088700000| Untracked 
| 108|0x0000000088800000, 0x0000000088800000, 0x0000000088900000|  0%| F|  |TAMS 0x0000000088800000, 0x0000000088800000| Untracked 
| 109|0x0000000088900000, 0x0000000088900000, 0x0000000088a00000|  0%| F|  |TAMS 0x0000000088900000, 0x0000000088900000| Untracked 
| 110|0x0000000088a00000, 0x0000000088a00000, 0x0000000088b00000|  0%| F|  |TAMS 0x0000000088a00000, 0x0000000088a00000| Untracked 
| 111|0x0000000088b00000, 0x0000000088b00000, 0x0000000088c00000|  0%| F|  |TAMS 0x0000000088b00000, 0x0000000088b00000| Untracked 
| 112|0x0000000088c00000, 0x0000000088c00000, 0x0000000088d00000|  0%| F|  |TAMS 0x0000000088c00000, 0x0000000088c00000| Untracked 
| 113|0x0000000088d00000, 0x0000000088d00000, 0x0000000088e00000|  0%| F|  |TAMS 0x0000000088d00000, 0x0000000088d00000| Untracked 
| 114|0x0000000088e00000, 0x0000000088eaaf98, 0x0000000088f00000| 66%| S|CS|TAMS 0x0000000088e00000, 0x0000000088e00000| Complete 
| 115|0x0000000088f00000, 0x0000000089000000, 0x0000000089000000|100%| S|CS|TAMS 0x0000000088f00000, 0x0000000088f00000| Complete 
| 116|0x0000000089000000, 0x0000000089100000, 0x0000000089100000|100%| S|CS|TAMS 0x0000000089000000, 0x0000000089000000| Complete 
| 117|0x0000000089100000, 0x0000000089100000, 0x0000000089200000|  0%| F|  |TAMS 0x0000000089100000, 0x0000000089100000| Untracked 
| 118|0x0000000089200000, 0x0000000089200000, 0x0000000089300000|  0%| F|  |TAMS 0x0000000089200000, 0x0000000089200000| Untracked 
| 119|0x0000000089300000, 0x0000000089300000, 0x0000000089400000|  0%| F|  |TAMS 0x0000000089300000, 0x0000000089300000| Untracked 
| 120|0x0000000089400000, 0x0000000089400000, 0x0000000089500000|  0%| F|  |TAMS 0x0000000089400000, 0x0000000089400000| Untracked 
| 121|0x0000000089500000, 0x0000000089500000, 0x0000000089600000|  0%| F|  |TAMS 0x0000000089500000, 0x0000000089500000| Untracked 
| 122|0x0000000089600000, 0x0000000089600000, 0x0000000089700000|  0%| F|  |TAMS 0x0000000089600000, 0x0000000089600000| Untracked 
| 123|0x0000000089700000, 0x0000000089700000, 0x0000000089800000|  0%| F|  |TAMS 0x0000000089700000, 0x0000000089700000| Untracked 
| 124|0x0000000089800000, 0x0000000089800000, 0x0000000089900000|  0%| F|  |TAMS 0x0000000089800000, 0x0000000089800000| Untracked 
| 125|0x0000000089900000, 0x0000000089900000, 0x0000000089a00000|  0%| F|  |TAMS 0x0000000089900000, 0x0000000089900000| Untracked 
| 126|0x0000000089a00000, 0x0000000089a00000, 0x0000000089b00000|  0%| F|  |TAMS 0x0000000089a00000, 0x0000000089a00000| Untracked 
| 127|0x0000000089b00000, 0x0000000089b00000, 0x0000000089c00000|  0%| F|  |TAMS 0x0000000089b00000, 0x0000000089b00000| Untracked 
| 128|0x0000000089c00000, 0x0000000089c00000, 0x0000000089d00000|  0%| F|  |TAMS 0x0000000089c00000, 0x0000000089c00000| Untracked 
| 129|0x0000000089d00000, 0x0000000089d00000, 0x0000000089e00000|  0%| F|  |TAMS 0x0000000089d00000, 0x0000000089d00000| Untracked 
| 130|0x0000000089e00000, 0x0000000089e00000, 0x0000000089f00000|  0%| F|  |TAMS 0x0000000089e00000, 0x0000000089e00000| Untracked 
| 131|0x0000000089f00000, 0x0000000089f00000, 0x000000008a000000|  0%| F|  |TAMS 0x0000000089f00000, 0x0000000089f00000| Untracked 
| 132|0x000000008a000000, 0x000000008a000000, 0x000000008a100000|  0%| F|  |TAMS 0x000000008a000000, 0x000000008a000000| Untracked 
| 133|0x000000008a100000, 0x000000008a100000, 0x000000008a200000|  0%| F|  |TAMS 0x000000008a100000, 0x000000008a100000| Untracked 
| 134|0x000000008a200000, 0x000000008a200000, 0x000000008a300000|  0%| F|  |TAMS 0x000000008a200000, 0x000000008a200000| Untracked 
| 135|0x000000008a300000, 0x000000008a300000, 0x000000008a400000|  0%| F|  |TAMS 0x000000008a300000, 0x000000008a300000| Untracked 
| 136|0x000000008a400000, 0x000000008a400000, 0x000000008a500000|  0%| F|  |TAMS 0x000000008a400000, 0x000000008a400000| Untracked 
| 137|0x000000008a500000, 0x000000008a500000, 0x000000008a600000|  0%| F|  |TAMS 0x000000008a500000, 0x000000008a500000| Untracked 
| 138|0x000000008a600000, 0x000000008a600000, 0x000000008a700000|  0%| F|  |TAMS 0x000000008a600000, 0x000000008a600000| Untracked 
| 139|0x000000008a700000, 0x000000008a700000, 0x000000008a800000|  0%| F|  |TAMS 0x000000008a700000, 0x000000008a700000| Untracked 
| 140|0x000000008a800000, 0x000000008a800000, 0x000000008a900000|  0%| F|  |TAMS 0x000000008a800000, 0x000000008a800000| Untracked 
| 141|0x000000008a900000, 0x000000008a900000, 0x000000008aa00000|  0%| F|  |TAMS 0x000000008a900000, 0x000000008a900000| Untracked 
| 142|0x000000008aa00000, 0x000000008aa00000, 0x000000008ab00000|  0%| F|  |TAMS 0x000000008aa00000, 0x000000008aa00000| Untracked 
| 143|0x000000008ab00000, 0x000000008ab00000, 0x000000008ac00000|  0%| F|  |TAMS 0x000000008ab00000, 0x000000008ab00000| Untracked 
| 144|0x000000008ac00000, 0x000000008ac00000, 0x000000008ad00000|  0%| F|  |TAMS 0x000000008ac00000, 0x000000008ac00000| Untracked 
| 145|0x000000008ad00000, 0x000000008ad00000, 0x000000008ae00000|  0%| F|  |TAMS 0x000000008ad00000, 0x000000008ad00000| Untracked 
| 146|0x000000008ae00000, 0x000000008ae00000, 0x000000008af00000|  0%| F|  |TAMS 0x000000008ae00000, 0x000000008ae00000| Untracked 
| 147|0x000000008af00000, 0x000000008af00000, 0x000000008b000000|  0%| F|  |TAMS 0x000000008af00000, 0x000000008af00000| Untracked 
| 148|0x000000008b000000, 0x000000008b000000, 0x000000008b100000|  0%| F|  |TAMS 0x000000008b000000, 0x000000008b000000| Untracked 
| 149|0x000000008b100000, 0x000000008b100000, 0x000000008b200000|  0%| F|  |TAMS 0x000000008b100000, 0x000000008b100000| Untracked 
| 150|0x000000008b200000, 0x000000008b200000, 0x000000008b300000|  0%| F|  |TAMS 0x000000008b200000, 0x000000008b200000| Untracked 
| 151|0x000000008b300000, 0x000000008b300000, 0x000000008b400000|  0%| F|  |TAMS 0x000000008b300000, 0x000000008b300000| Untracked 
| 152|0x000000008b400000, 0x000000008b400000, 0x000000008b500000|  0%| F|  |TAMS 0x000000008b400000, 0x000000008b400000| Untracked 
| 153|0x000000008b500000, 0x000000008b500000, 0x000000008b600000|  0%| F|  |TAMS 0x000000008b500000, 0x000000008b500000| Untracked 
| 154|0x000000008b600000, 0x000000008b600000, 0x000000008b700000|  0%| F|  |TAMS 0x000000008b600000, 0x000000008b600000| Untracked 
| 155|0x000000008b700000, 0x000000008b700000, 0x000000008b800000|  0%| F|  |TAMS 0x000000008b700000, 0x000000008b700000| Untracked 
| 156|0x000000008b800000, 0x000000008b800000, 0x000000008b900000|  0%| F|  |TAMS 0x000000008b800000, 0x000000008b800000| Untracked 
| 157|0x000000008b900000, 0x000000008b900000, 0x000000008ba00000|  0%| F|  |TAMS 0x000000008b900000, 0x000000008b900000| Untracked 

Card table byte_map: [0x00000219f8730000,0x00000219f8b30000] _byte_map_base: 0x00000219f8322000

Marking Bits (Prev, Next): (CMBitMap*) 0x00000219e5b7e9e0, (CMBitMap*) 0x00000219e5b7e9a0
 Prev Bits: [0x00000219faec0000, 0x00000219fce50000)
 Next Bits: [0x00000219f8f30000, 0x00000219faec0000)

Polling page: 0x00000219e52f0000

Metaspace:

Usage:
  Non-class:     71.54 MB used.
      Class:      9.00 MB used.
       Both:     80.54 MB used.

Virtual space:
  Non-class space:      128.00 MB reserved,      71.75 MB ( 56%) committed,  2 nodes.
      Class space:        1.00 GB reserved,       9.12 MB ( <1%) committed,  1 nodes.
             Both:        1.12 GB reserved,      80.88 MB (  7%) committed. 

Chunk freelists:
   Non-Class:  7.84 MB
       Class:  6.81 MB
        Both:  14.66 MB

MaxMetaspaceSize: unlimited
CompressedClassSpaceSize: 1.00 GB
Initial GC threshold: 21.00 MB
Current GC threshold: 111.69 MB
CDS: off
MetaspaceReclaimPolicy: balanced
 - commit_granule_bytes: 65536.
 - commit_granule_words: 8192.
 - virtual_space_node_default_size: 8388608.
 - enlarge_chunks_in_place: 1.
 - new_chunks_are_fully_committed: 0.
 - uncommit_free_chunks: 1.
 - use_allocation_guard: 0.
 - handle_deallocations: 1.


Internal statistics:

num_allocs_failed_limit: 3.
num_arena_births: 374.
num_arena_deaths: 0.
num_vsnodes_births: 3.
num_vsnodes_deaths: 0.
num_space_committed: 1292.
num_space_uncommitted: 0.
num_chunks_returned_to_freelist: 3.
num_chunks_taken_from_freelist: 3067.
num_chunk_merges: 3.
num_chunk_splits: 2437.
num_chunks_enlarged: 2119.
num_inconsistent_stats: 0.

CodeHeap 'non-profiled nmethods': size=120000Kb used=6536Kb max_used=6600Kb free=113464Kb
 bounds [0x00000219f0ad0000, 0x00000219f1150000, 0x00000219f8000000]
CodeHeap 'profiled nmethods': size=120000Kb used=32287Kb max_used=32579Kb free=87712Kb
 bounds [0x00000219e9000000, 0x00000219eafe0000, 0x00000219f0530000]
CodeHeap 'non-nmethods': size=5760Kb used=1402Kb max_used=1498Kb free=4357Kb
 bounds [0x00000219f0530000, 0x00000219f07a0000, 0x00000219f0ad0000]
 total_blobs=12455 nmethods=11725 adapters=639
 compilation: enabled
              stopped_count=0, restarted_count=0
 full_count=0

Compilation events (20 events):
Event: 11.152 Thread 0x00000219ffb3a9f0 nmethod 14045 0x00000219ea35fa10 code [0x00000219ea35fca0, 0x00000219ea3608b8]
Event: 11.152 Thread 0x00000219ffb3a9f0 14049       3       org.jetbrains.kotlin.backend.jvm.ir.IrInlineReferenceLocator::visitFunction (8 bytes)
Event: 11.153 Thread 0x00000219ffb3a9f0 nmethod 14049 0x00000219e9d7f290 code [0x00000219e9d7f4c0, 0x00000219e9d7fba8]
Event: 11.153 Thread 0x00000219ffb3a9f0 14046       3       org.jetbrains.kotlin.backend.jvm.lower.InlineCallableReferenceToLambdaVisitor::visitDeclarationReference (8 bytes)
Event: 11.153 Thread 0x00000219ffb3a9f0 nmethod 14046 0x00000219e9cf3090 code [0x00000219e9cf3360, 0x00000219e9cf40e8]
Event: 11.153 Thread 0x00000219ffb3a9f0 14047       3       org.jetbrains.kotlin.backend.jvm.lower.InlineCallableReferenceToLambdaVisitor::visitDeclaration (13 bytes)
Event: 11.154 Thread 0x00000219ffb39100 nmethod 14041 0x00000219f0d41210 code [0x00000219f0d413a0, 0x00000219f0d41878]
Event: 11.154 Thread 0x00000219ffb39100 14040       4       org.jetbrains.kotlin.ir.visitors.IrElementTransformerVoid::visitBody (18 bytes)
Event: 11.154 Thread 0x00000219ffb3a9f0 nmethod 14047 0x00000219e96b9e10 code [0x00000219e96ba060, 0x00000219e96ba988]
Event: 11.154 Thread 0x00000219ffb3a9f0 14048       3       org.jetbrains.kotlin.backend.jvm.lower.InlineCallableReferenceToLambdaVisitor::visitDeclaration (8 bytes)
Event: 11.154 Thread 0x00000219ffb3a9f0 nmethod 14048 0x00000219e9ef6010 code [0x00000219e9ef6240, 0x00000219e9ef69e8]
Event: 11.154 Thread 0x00000219ffb3a9f0 14043       3       org.jetbrains.kotlin.ir.visitors.IrElementTransformerVoid::visitStringConcatenation (10 bytes)
Event: 11.155 Thread 0x00000219ffb3a9f0 nmethod 14043 0x00000219e9d8eb10 code [0x00000219e9d8ed40, 0x00000219e9d8f508]
Event: 11.155 Thread 0x00000219ffb3a9f0 14044       3       org.jetbrains.kotlin.ir.visitors.IrElementTransformerVoid::visitStringConcatenation (13 bytes)
Event: 11.155 Thread 0x00000219ffb3a9f0 nmethod 14044 0x00000219e9596e90 code [0x00000219e95970a0, 0x00000219e9597708]
Event: 11.155 Thread 0x00000219ffb3a9f0 14050       3       org.jetbrains.kotlin.ir.visitors.IrElementTransformerVoid::visitStringConcatenation (16 bytes)
Event: 11.155 Thread 0x00000219ffb3a9f0 nmethod 14050 0x00000219e9ae6890 code [0x00000219e9ae6aa0, 0x00000219e9ae7108]
Event: 11.155 Thread 0x00000219ffb3a9f0 14042       3       org.jetbrains.kotlin.backend.common.phaser.FileLoweringPhaseAdapter::invoke (48 bytes)
Event: 11.156 Thread 0x00000219ffb3a9f0 nmethod 14042 0x00000219e9d1f810 code [0x00000219e9d1fbc0, 0x00000219e9d21178]
Event: 11.156 Thread 0x00000219ffb3a9f0 14056       3       org.jetbrains.kotlin.backend.jvm.lower.JvmBuiltInsLowering$lower$transformer$1::visitCall (232 bytes)

GC Heap History (20 events):
Event: 2.729 GC heap after
{Heap after GC invocations=14 (full 0):
 garbage-first heap   total 86016K, used 50176K [0x0000000081c00000, 0x0000000100000000)
  region size 1024K, 2 young (2048K), 2 survivors (2048K)
 Metaspace       used 43099K, committed 43392K, reserved 1114112K
  class space    used 5254K, committed 5376K, reserved 1048576K
}
Event: 2.951 GC heap before
{Heap before GC invocations=14 (full 0):
 garbage-first heap   total 86016K, used 66560K [0x0000000081c00000, 0x0000000100000000)
  region size 1024K, 18 young (18432K), 2 survivors (2048K)
 Metaspace       used 46553K, committed 46848K, reserved 1114112K
  class space    used 5583K, committed 5696K, reserved 1048576K
}
Event: 2.957 GC heap after
{Heap after GC invocations=15 (full 0):
 garbage-first heap   total 161792K, used 52062K [0x0000000081c00000, 0x0000000100000000)
  region size 1024K, 2 young (2048K), 2 survivors (2048K)
 Metaspace       used 46553K, committed 46848K, reserved 1114112K
  class space    used 5583K, committed 5696K, reserved 1048576K
}
Event: 3.535 GC heap before
{Heap before GC invocations=16 (full 0):
 garbage-first heap   total 161792K, used 112478K [0x0000000081c00000, 0x0000000100000000)
  region size 1024K, 60 young (61440K), 2 survivors (2048K)
 Metaspace       used 52928K, committed 53184K, reserved 1114112K
  class space    used 6371K, committed 6464K, reserved 1048576K
}
Event: 3.543 GC heap after
{Heap after GC invocations=17 (full 0):
 garbage-first heap   total 161792K, used 55764K [0x0000000081c00000, 0x0000000100000000)
  region size 1024K, 6 young (6144K), 6 survivors (6144K)
 Metaspace       used 52928K, committed 53184K, reserved 1114112K
  class space    used 6371K, committed 6464K, reserved 1048576K
}
Event: 4.747 GC heap before
{Heap before GC invocations=17 (full 0):
 garbage-first heap   total 161792K, used 119252K [0x0000000081c00000, 0x0000000100000000)
  region size 1024K, 68 young (69632K), 6 survivors (6144K)
 Metaspace       used 59103K, committed 59456K, reserved 1114112K
  class space    used 6944K, committed 7104K, reserved 1048576K
}
Event: 4.760 GC heap after
{Heap after GC invocations=18 (full 0):
 garbage-first heap   total 161792K, used 63942K [0x0000000081c00000, 0x0000000100000000)
  region size 1024K, 9 young (9216K), 9 survivors (9216K)
 Metaspace       used 59103K, committed 59456K, reserved 1114112K
  class space    used 6944K, committed 7104K, reserved 1048576K
}
Event: 6.250 GC heap before
{Heap before GC invocations=18 (full 0):
 garbage-first heap   total 161792K, used 121286K [0x0000000081c00000, 0x0000000100000000)
  region size 1024K, 65 young (66560K), 9 survivors (9216K)
 Metaspace       used 64101K, committed 64384K, reserved 1114112K
  class space    used 7444K, committed 7552K, reserved 1048576K
}
Event: 6.268 GC heap after
{Heap after GC invocations=19 (full 0):
 garbage-first heap   total 161792K, used 69994K [0x0000000081c00000, 0x0000000100000000)
  region size 1024K, 6 young (6144K), 6 survivors (6144K)
 Metaspace       used 64101K, committed 64384K, reserved 1114112K
  class space    used 7444K, committed 7552K, reserved 1048576K
}
Event: 7.602 GC heap before
{Heap before GC invocations=19 (full 0):
 garbage-first heap   total 161792K, used 125290K [0x0000000081c00000, 0x0000000100000000)
  region size 1024K, 59 young (60416K), 6 survivors (6144K)
 Metaspace       used 65904K, committed 66240K, reserved 1114112K
  class space    used 7521K, committed 7680K, reserved 1048576K
}
Event: 7.615 GC heap after
{Heap after GC invocations=20 (full 0):
 garbage-first heap   total 161792K, used 75507K [0x0000000081c00000, 0x0000000100000000)
  region size 1024K, 6 young (6144K), 6 survivors (6144K)
 Metaspace       used 65904K, committed 66240K, reserved 1114112K
  class space    used 7521K, committed 7680K, reserved 1048576K
}
Event: 8.503 GC heap before
{Heap before GC invocations=20 (full 0):
 garbage-first heap   total 161792K, used 129779K [0x0000000081c00000, 0x0000000100000000)
  region size 1024K, 57 young (58368K), 6 survivors (6144K)
 Metaspace       used 66627K, committed 66944K, reserved 1114112K
  class space    used 7558K, committed 7680K, reserved 1048576K
}
Event: 8.519 GC heap after
{Heap after GC invocations=21 (full 0):
 garbage-first heap   total 161792K, used 84337K [0x0000000081c00000, 0x0000000100000000)
  region size 1024K, 7 young (7168K), 7 survivors (7168K)
 Metaspace       used 66627K, committed 66944K, reserved 1114112K
  class space    used 7558K, committed 7680K, reserved 1048576K
}
Event: 9.362 GC heap before
{Heap before GC invocations=21 (full 0):
 garbage-first heap   total 161792K, used 129393K [0x0000000081c00000, 0x0000000100000000)
  region size 1024K, 51 young (52224K), 7 survivors (7168K)
 Metaspace       used 67992K, committed 68288K, reserved 1114112K
  class space    used 7681K, committed 7808K, reserved 1048576K
}
Event: 9.373 GC heap after
{Heap after GC invocations=22 (full 0):
 garbage-first heap   total 161792K, used 87408K [0x0000000081c00000, 0x0000000100000000)
  region size 1024K, 3 young (3072K), 3 survivors (3072K)
 Metaspace       used 67992K, committed 68288K, reserved 1114112K
  class space    used 7681K, committed 7808K, reserved 1048576K
}
Event: 10.360 GC heap before
{Heap before GC invocations=23 (full 0):
 garbage-first heap   total 161792K, used 131440K [0x0000000081c00000, 0x0000000100000000)
  region size 1024K, 46 young (47104K), 3 survivors (3072K)
 Metaspace       used 74419K, committed 74816K, reserved 1179648K
  class space    used 8340K, committed 8512K, reserved 1048576K
}
Event: 10.369 GC heap after
{Heap after GC invocations=24 (full 0):
 garbage-first heap   total 161792K, used 91136K [0x0000000081c00000, 0x0000000100000000)
  region size 1024K, 6 young (6144K), 6 survivors (6144K)
 Metaspace       used 74419K, committed 74816K, reserved 1179648K
  class space    used 8340K, committed 8512K, reserved 1048576K
}
Event: 10.384 GC heap before
{Heap before GC invocations=24 (full 0):
 garbage-first heap   total 161792K, used 91136K [0x0000000081c00000, 0x0000000100000000)
  region size 1024K, 7 young (7168K), 6 survivors (6144K)
 Metaspace       used 74740K, committed 75072K, reserved 1179648K
  class space    used 8368K, committed 8512K, reserved 1048576K
}
Event: 10.392 GC heap after
{Heap after GC invocations=25 (full 0):
 garbage-first heap   total 161792K, used 91633K [0x0000000081c00000, 0x0000000100000000)
  region size 1024K, 1 young (1024K), 1 survivors (1024K)
 Metaspace       used 74740K, committed 75072K, reserved 1179648K
  class space    used 8368K, committed 8512K, reserved 1048576K
}
Event: 11.157 GC heap before
{Heap before GC invocations=25 (full 0):
 garbage-first heap   total 161792K, used 132593K [0x0000000081c00000, 0x0000000100000000)
  region size 1024K, 41 young (41984K), 1 survivors (1024K)
 Metaspace       used 82474K, committed 82816K, reserved 1179648K
  class space    used 9213K, committed 9344K, reserved 1048576K
}

Dll operation events (2 events):
Event: 0.005 Loaded shared library C:\Program Files\Android\Android Studio\jbr\bin\java.dll
Event: 0.962 Loaded shared library C:\Program Files\Android\Android Studio\jbr\bin\verify.dll

Deoptimization events (20 events):
Event: 11.011 Thread 0x00000219e5b26850 Uncommon trap: trap_request=0xffffffc6 fr.pc=0x00000219f10e2470 relative=0x0000000000005790
Event: 11.011 Thread 0x00000219e5b26850 Uncommon trap: reason=bimorphic_or_optimized_type_check action=maybe_recompile pc=0x00000219f10e2470 method=org.jetbrains.kotlin.types.TypeCheckerState.prepareType(Lorg/jetbrains/kotlin/types/model/KotlinTypeMarker;)Lorg/jetbrains/kotlin/types/model/Kotli
Event: 11.011 Thread 0x00000219e5b26850 DEOPT PACKING pc=0x00000219f10e2470 sp=0x0000001d94ffc600
Event: 11.011 Thread 0x00000219e5b26850 DEOPT UNPACKING pc=0x00000219f05869a3 sp=0x0000001d94ffc698 mode 2
Event: 11.012 Thread 0x00000219e5b26850 Uncommon trap: trap_request=0xffffffde fr.pc=0x00000219f109e038 relative=0x0000000000001758
Event: 11.012 Thread 0x00000219e5b26850 Uncommon trap: reason=class_check action=maybe_recompile pc=0x00000219f109e038 method=org.jetbrains.kotlin.ir.declarations.IrFunction.transformChildren(Lorg/jetbrains/kotlin/ir/visitors/IrElementTransformer;Ljava/lang/Object;)V @ 87 c2
Event: 11.012 Thread 0x00000219e5b26850 DEOPT PACKING pc=0x00000219f109e038 sp=0x0000001d94ff9ca0
Event: 11.012 Thread 0x00000219e5b26850 DEOPT UNPACKING pc=0x00000219f05869a3 sp=0x0000001d94ff9ca0 mode 2
Event: 11.012 Thread 0x00000219e5b26850 Uncommon trap: trap_request=0xffffffde fr.pc=0x00000219f103d538 relative=0x0000000000000178
Event: 11.012 Thread 0x00000219e5b26850 Uncommon trap: reason=class_check action=maybe_recompile pc=0x00000219f103d538 method=org.jetbrains.kotlin.load.java.typeEnhancement.TypeEnhancementUtilsKt.hasEnhancedNullability(Lorg/jetbrains/kotlin/types/TypeSystemCommonBackendContext;Lorg/jetbrains/ko
Event: 11.012 Thread 0x00000219e5b26850 DEOPT PACKING pc=0x00000219f103d538 sp=0x0000001d94ffa5f0
Event: 11.012 Thread 0x00000219e5b26850 DEOPT UNPACKING pc=0x00000219f05869a3 sp=0x0000001d94ffa570 mode 2
Event: 11.012 Thread 0x00000219e5b26850 Uncommon trap: trap_request=0xffffffde fr.pc=0x00000219f103d538 relative=0x0000000000000178
Event: 11.012 Thread 0x00000219e5b26850 Uncommon trap: reason=class_check action=maybe_recompile pc=0x00000219f103d538 method=org.jetbrains.kotlin.load.java.typeEnhancement.TypeEnhancementUtilsKt.hasEnhancedNullability(Lorg/jetbrains/kotlin/types/TypeSystemCommonBackendContext;Lorg/jetbrains/ko
Event: 11.012 Thread 0x00000219e5b26850 DEOPT PACKING pc=0x00000219f103d538 sp=0x0000001d94ffa5f0
Event: 11.012 Thread 0x00000219e5b26850 DEOPT UNPACKING pc=0x00000219f05869a3 sp=0x0000001d94ffa570 mode 2
Event: 11.053 Thread 0x00000219e5b26850 Uncommon trap: trap_request=0xffffff45 fr.pc=0x00000219f0e10a64 relative=0x00000000000001c4
Event: 11.053 Thread 0x00000219e5b26850 Uncommon trap: reason=unstable_if action=reinterpret pc=0x00000219f0e10a64 method=org.jetbrains.kotlin.resolve.DescriptorUtils.isAnonymousObject(Lorg/jetbrains/kotlin/descriptors/DeclarationDescriptor;)Z @ 28 c2
Event: 11.053 Thread 0x00000219e5b26850 DEOPT PACKING pc=0x00000219f0e10a64 sp=0x0000001d94ffad90
Event: 11.054 Thread 0x00000219e5b26850 DEOPT UNPACKING pc=0x00000219f05869a3 sp=0x0000001d94ffad28 mode 2

Classes unloaded (0 events):
No events

Classes redefined (0 events):
No events

Internal exceptions (20 events):
Event: 4.801 Thread 0x00000219e5b26850 Exception <a 'java/lang/NoSuchMethodError'{0x000000008b7b7590}: 'java.lang.Object java.lang.invoke.DirectMethodHandle$Holder.newInvokeSpecial(java.lang.Object, java.lang.Object, java.lang.Object, java.lang.Object, java.lang.Object, java.lang.Object)'> (0x000000008b7b7590) 
thrown [s\src\hotspot\share\interpreter\linkResolver.cpp, line 771]
Event: 4.836 Thread 0x00000219e5b26850 Implicit null exception at 0x00000219f0b7efa0 to 0x00000219f0b7f124
Event: 4.836 Thread 0x00000219e5b26850 Implicit null exception at 0x00000219f0b38fe0 to 0x00000219f0b3907a
Event: 4.840 Thread 0x00000219e5b26850 Implicit null exception at 0x00000219f0c6c50f to 0x00000219f0c6c589
Event: 4.968 Thread 0x00000219e5b26850 Implicit null exception at 0x00000219f0c61260 to 0x00000219f0c643b8
Event: 5.326 Thread 0x00000219e5b26850 Exception <a 'java/lang/NoSuchMethodError'{0x000000008a549cb8}: 'java.lang.Object java.lang.invoke.DirectMethodHandle$Holder.newInvokeSpecial(java.lang.Object, java.lang.Object, java.lang.Object, java.lang.Object, java.lang.Object, java.lang.Object, java.lang.Object)'> (0x000000008a549cb8) 
thrown [s\src\hotspot\share\interpreter\linkResolver.cpp, line 771]
Event: 5.326 Thread 0x00000219e5b26850 Exception <a 'java/lang/NoSuchMethodError'{0x000000008a54e870}: 'java.lang.Object java.lang.invoke.Invokers$Holder.linkToTargetMethod(java.lang.Object, java.lang.Object, java.lang.Object, java.lang.Object, java.lang.Object, java.lang.Object, java.lang.Object)'> (0x000000008a54e870) 
thrown [s\src\hotspot\share\interpreter\linkResolver.cpp, line 771]
Event: 5.675 Thread 0x00000219e5b26850 Exception <a 'java/lang/NoSuchMethodError'{0x000000008991d2e0}: 'java.lang.Object java.lang.invoke.DirectMethodHandle$Holder.newInvokeSpecial(java.lang.Object, int, java.lang.Object, java.lang.Object)'> (0x000000008991d2e0) 
thrown [s\src\hotspot\share\interpreter\linkResolver.cpp, line 771]
Event: 5.691 Thread 0x00000219e5b26850 Exception <a 'java/lang/NoSuchMethodError'{0x0000000089963da0}: 'java.lang.Object java.lang.invoke.DirectMethodHandle$Holder.invokeInterface(java.lang.Object, java.lang.Object, java.lang.Object)'> (0x0000000089963da0) 
thrown [s\src\hotspot\share\interpreter\linkResolver.cpp, line 771]
Event: 5.691 Thread 0x00000219e5b26850 Exception <a 'java/lang/IncompatibleClassChangeError'{0x00000000899679b8}: Found class java.lang.Object, but interface was expected> (0x00000000899679b8) 
thrown [s\src\hotspot\share\interpreter\linkResolver.cpp, line 838]
Event: 5.720 Thread 0x00000219e5b26850 Implicit null exception at 0x00000219f0b3d8ef to 0x00000219f0b3db30
Event: 5.728 Thread 0x00000219e5b26850 Exception <a 'java/lang/NoSuchMethodError'{0x00000000898eb690}: 'java.lang.Object java.lang.invoke.DirectMethodHandle$Holder.invokeStatic(java.lang.Object, int, java.lang.Object)'> (0x00000000898eb690) 
thrown [s\src\hotspot\share\interpreter\linkResolver.cpp, line 771]
Event: 6.128 Thread 0x00000219e5b26850 Exception <a 'java/lang/NoSuchMethodError'{0x0000000088802d18}: 'int java.lang.invoke.DirectMethodHandle$Holder.invokeStaticInit(java.lang.Object, int)'> (0x0000000088802d18) 
thrown [s\src\hotspot\share\interpreter\linkResolver.cpp, line 771]
Event: 7.137 Thread 0x00000219e5b26850 Implicit null exception at 0x00000219f0f44aaf to 0x00000219f0f4726c
Event: 7.165 Thread 0x00000219e5b26850 Implicit null exception at 0x00000219f0e420f5 to 0x00000219f0e42848
Event: 7.170 Thread 0x00000219e5b26850 Implicit null exception at 0x00000219f0e4ee72 to 0x00000219f0e4f5a4
Event: 8.002 Thread 0x00000219e5b26850 Exception <a 'java/lang/NoSuchMethodError'{0x000000008a767b78}: 'void java.lang.invoke.DirectMethodHandle$Holder.invokeStatic(java.lang.Object, java.lang.Object, java.lang.Object)'> (0x000000008a767b78) 
thrown [s\src\hotspot\share\interpreter\linkResolver.cpp, line 771]
Event: 9.934 Thread 0x00000219e5b26850 Exception <a 'java/lang/NoSuchMethodError'{0x000000008a0412d8}: 'java.lang.Object java.lang.invoke.DirectMethodHandle$Holder.newInvokeSpecial(java.lang.Object, java.lang.Object, java.lang.Object, int, int)'> (0x000000008a0412d8) 
thrown [s\src\hotspot\share\interpreter\linkResolver.cpp, line 771]
Event: 9.934 Thread 0x00000219e5b26850 Exception <a 'java/lang/NoSuchMethodError'{0x000000008a045118}: 'java.lang.Object java.lang.invoke.DirectMethodHandle$Holder.invokeSpecial(java.lang.Object, java.lang.Object, java.lang.Object, java.lang.Object, int, int)'> (0x000000008a045118) 
thrown [s\src\hotspot\share\interpreter\linkResolver.cpp, line 771]
Event: 10.217 Thread 0x00000219e5b26850 Exception <a 'java/lang/NoSuchMethodError'{0x00000000895c1a08}: 'java.lang.Object java.lang.invoke.DirectMethodHandle$Holder.invokeSpecial(java.lang.Object, java.lang.Object, int, int, java.lang.Object, java.lang.Object, java.lang.Object, java.lang.Object, java.lang.Object)'> (0x00000000895c1a08) 
thrown [s\src\hotspot\share\interpreter\linkResolver.cpp, line 771]

VM Operations (20 events):
Event: 10.888 Executing VM operation: HandshakeAllThreads done
Event: 10.890 Executing VM operation: HandshakeAllThreads
Event: 10.890 Executing VM operation: HandshakeAllThreads done
Event: 10.932 Executing VM operation: HandshakeAllThreads
Event: 10.932 Executing VM operation: HandshakeAllThreads done
Event: 10.958 Executing VM operation: ICBufferFull
Event: 10.958 Executing VM operation: ICBufferFull done
Event: 11.006 Executing VM operation: HandshakeAllThreads
Event: 11.006 Executing VM operation: HandshakeAllThreads done
Event: 11.007 Executing VM operation: HandshakeAllThreads
Event: 11.007 Executing VM operation: HandshakeAllThreads done
Event: 11.031 Executing VM operation: ICBufferFull
Event: 11.031 Executing VM operation: ICBufferFull done
Event: 11.088 Executing VM operation: HandshakeAllThreads
Event: 11.088 Executing VM operation: HandshakeAllThreads done
Event: 11.127 Executing VM operation: HandshakeAllThreads
Event: 11.127 Executing VM operation: HandshakeAllThreads done
Event: 11.131 Executing VM operation: ICBufferFull
Event: 11.131 Executing VM operation: ICBufferFull done
Event: 11.157 Executing VM operation: G1CollectForAllocation

Events (20 events):
Event: 11.147 Thread 0x00000219ffb3e280 flushing nmethod 0x00000219e9e48990
Event: 11.147 Thread 0x00000219ffb3e280 flushing nmethod 0x00000219e9ef6010
Event: 11.147 Thread 0x00000219ffb3e280 flushing nmethod 0x00000219e9f93690
Event: 11.147 Thread 0x00000219ffb3e280 flushing nmethod 0x00000219e9f9a810
Event: 11.148 Thread 0x00000219ffb3e280 flushing nmethod 0x00000219ea000a10
Event: 11.148 Thread 0x00000219ffb3e280 flushing nmethod 0x00000219ea0c5790
Event: 11.149 Thread 0x00000219ffb3e280 flushing nmethod 0x00000219ea22a090
Event: 11.150 Thread 0x00000219ffb3e280 flushing nmethod 0x00000219ea2f3690
Event: 11.150 Thread 0x00000219ffb3e280 flushing nmethod 0x00000219ea35fa10
Event: 11.151 Thread 0x00000219ffb3e280 flushing nmethod 0x00000219ea45ab90
Event: 11.151 Thread 0x00000219ffb3e280 flushing nmethod 0x00000219ea45af10
Event: 11.152 Thread 0x00000219ffb3e280 flushing nmethod 0x00000219ea51b310
Event: 11.152 Thread 0x00000219ffb3e280 flushing nmethod 0x00000219ea55ae10
Event: 11.152 Thread 0x00000219ffb3e280 flushing nmethod 0x00000219ea572d10
Event: 11.153 Thread 0x00000219ffb3e280 flushing nmethod 0x00000219ea6c2910
Event: 11.154 Thread 0x00000219ffb3e280 flushing nmethod 0x00000219ea735d90
Event: 11.155 Thread 0x00000219ffb3e280 flushing nmethod 0x00000219ea836810
Event: 11.155 Thread 0x00000219ffb3e280 flushing nmethod 0x00000219ea855b10
Event: 11.155 Thread 0x00000219ffb3e280 flushing nmethod 0x00000219ea86eb10
Event: 11.155 Thread 0x00000219ffb3e280 flushing nmethod 0x00000219ea8f6190


Dynamic libraries:
0x00007ff79f0e0000 - 0x00007ff79f0ea000 	C:\Program Files\Android\Android Studio\jbr\bin\java.exe
0x00007ffa94570000 - 0x00007ffa94768000 	C:\Windows\SYSTEM32\ntdll.dll
0x00007ffa92f70000 - 0x00007ffa9302d000 	C:\Windows\System32\KERNEL32.DLL
0x00007ffa91fe0000 - 0x00007ffa922d6000 	C:\Windows\System32\KERNELBASE.dll
0x00007ffa91d90000 - 0x00007ffa91e90000 	C:\Windows\System32\ucrtbase.dll
0x00007ffa6bf90000 - 0x00007ffa6bfab000 	C:\Program Files\Android\Android Studio\jbr\bin\VCRUNTIME140.dll
0x00007ffa6c080000 - 0x00007ffa6c097000 	C:\Program Files\Android\Android Studio\jbr\bin\jli.dll
0x00007ffa94120000 - 0x00007ffa942be000 	C:\Windows\System32\USER32.dll
0x00007ffa91fb0000 - 0x00007ffa91fd2000 	C:\Windows\System32\win32u.dll
0x00007ffa799d0000 - 0x00007ffa79c6a000 	C:\Windows\WinSxS\amd64_microsoft.windows.common-controls_6595b64144ccf1df_6.0.19041.3636_none_60b6a03d71f818d5\COMCTL32.dll
0x00007ffa93b30000 - 0x00007ffa93b5b000 	C:\Windows\System32\GDI32.dll
0x00007ffa93570000 - 0x00007ffa9360e000 	C:\Windows\System32\msvcrt.dll
0x00007ffa91e90000 - 0x00007ffa91fa7000 	C:\Windows\System32\gdi32full.dll
0x00007ffa923f0000 - 0x00007ffa9248d000 	C:\Windows\System32\msvcp_win.dll
0x00007ffa92db0000 - 0x00007ffa92de2000 	C:\Windows\System32\IMM32.DLL
0x00007ffa7e620000 - 0x00007ffa7e62c000 	C:\Program Files\Android\Android Studio\jbr\bin\vcruntime140_1.dll
0x00007ffa6bf00000 - 0x00007ffa6bf8d000 	C:\Program Files\Android\Android Studio\jbr\bin\msvcp140.dll
0x00007ffa55310000 - 0x00007ffa55f90000 	C:\Program Files\Android\Android Studio\jbr\bin\server\jvm.dll
0x00007ffa94470000 - 0x00007ffa94523000 	C:\Windows\System32\ADVAPI32.dll
0x00007ffa92ed0000 - 0x00007ffa92f6f000 	C:\Windows\System32\sechost.dll
0x00007ffa93440000 - 0x00007ffa93566000 	C:\Windows\System32\RPCRT4.dll
0x00007ffa923c0000 - 0x00007ffa923e7000 	C:\Windows\System32\bcrypt.dll
0x00007ffa8b050000 - 0x00007ffa8b059000 	C:\Windows\SYSTEM32\WSOCK32.dll
0x00007ffa8a2d0000 - 0x00007ffa8a2da000 	C:\Windows\SYSTEM32\VERSION.dll
0x00007ffa7f250000 - 0x00007ffa7f277000 	C:\Windows\SYSTEM32\WINMM.dll
0x00007ffa93bf0000 - 0x00007ffa93c5b000 	C:\Windows\System32\WS2_32.dll
0x00007ffa904c0000 - 0x00007ffa904d2000 	C:\Windows\SYSTEM32\kernel.appcore.dll
0x00007ffa8b030000 - 0x00007ffa8b03a000 	C:\Program Files\Android\Android Studio\jbr\bin\jimage.dll
0x00007ffa90250000 - 0x00007ffa90434000 	C:\Windows\SYSTEM32\DBGHELP.DLL
0x00007ffa787c0000 - 0x00007ffa787f4000 	C:\Windows\SYSTEM32\dbgcore.DLL
0x00007ffa922e0000 - 0x00007ffa92362000 	C:\Windows\System32\bcryptPrimitives.dll
0x00007ffa75d90000 - 0x00007ffa75db5000 	C:\Program Files\Android\Android Studio\jbr\bin\java.dll
0x00007ffa75bc0000 - 0x00007ffa75bd8000 	C:\Program Files\Android\Android Studio\jbr\bin\zip.dll
0x00007ffa925b0000 - 0x00007ffa92cf5000 	C:\Windows\System32\SHELL32.dll
0x00007ffa8fab0000 - 0x00007ffa9024c000 	C:\Windows\SYSTEM32\windows.storage.dll
0x00007ffa93d20000 - 0x00007ffa94074000 	C:\Windows\System32\combase.dll
0x00007ffa91660000 - 0x00007ffa9168e000 	C:\Windows\SYSTEM32\Wldp.dll
0x00007ffa93030000 - 0x00007ffa930fd000 	C:\Windows\System32\OLEAUT32.dll
0x00007ffa93610000 - 0x00007ffa936bd000 	C:\Windows\System32\SHCORE.dll
0x00007ffa933e0000 - 0x00007ffa93435000 	C:\Windows\System32\shlwapi.dll
0x00007ffa91b60000 - 0x00007ffa91b85000 	C:\Windows\SYSTEM32\profapi.dll
0x00007ffa6c110000 - 0x00007ffa6c129000 	C:\Program Files\Android\Android Studio\jbr\bin\net.dll
0x00007ffa88c30000 - 0x00007ffa88d3a000 	C:\Windows\SYSTEM32\WINHTTP.dll
0x00007ffa913c0000 - 0x00007ffa9142a000 	C:\Windows\system32\mswsock.dll
0x00007ffa6c0a0000 - 0x00007ffa6c0b6000 	C:\Program Files\Android\Android Studio\jbr\bin\nio.dll
0x00007ffa80f60000 - 0x00007ffa80f70000 	C:\Program Files\Android\Android Studio\jbr\bin\verify.dll

dbghelp: loaded successfully - version: 4.0.5 - missing functions: none
symbol engine: initialized successfully - sym options: 0x614 - pdb path: .;C:\Program Files\Android\Android Studio\jbr\bin;C:\Windows\SYSTEM32;C:\Windows\WinSxS\amd64_microsoft.windows.common-controls_6595b64144ccf1df_6.0.19041.3636_none_60b6a03d71f818d5;C:\Program Files\Android\Android Studio\jbr\bin\server

VM Arguments:
java_command: org.jetbrains.kotlin.cli.jvm.K2JVMCompiler @C:\Users\ali\Panda\node_modules\@react-native\gradle-plugin\build\20240304_18169880786559901243.compiler.options
java_class_path (initial): C:\Users\ali\.gradle\caches\modules-2\files-2.1\org.jetbrains.kotlin\kotlin-compiler-embeddable\1.8.0\eb9118d4bcceaa2a94b2ae2a33a4ddba7c9a947f\kotlin-compiler-embeddable-1.8.0.jar;C:\Users\ali\.gradle\caches\modules-2\files-2.1\org.jetbrains.kotlin\kotlin-stdlib\1.8.0\1796921c7a3e2e2665a83e6c8d33399336cd39bc\kotlin-stdlib-1.8.0.jar;C:\Users\ali\.gradle\caches\modules-2\files-2.1\org.jetbrains.kotlin\kotlin-script-runtime\1.8.0\b2f7e760d283cb339974851c222a4c1d48f2d3d\kotlin-script-runtime-1.8.0.jar;C:\Users\ali\.gradle\caches\modules-2\files-2.1\org.jetbrains.kotlin\kotlin-reflect\1.6.10\1cbe9c92c12a94eea200d23c2bbaedaf3daf5132\kotlin-reflect-1.6.10.jar;C:\Users\ali\.gradle\caches\modules-2\files-2.1\org.jetbrains.kotlin\kotlin-daemon-embeddable\1.8.0\d255216c551685dc3a7e852b53617f5f01aaaa5c\kotlin-daemon-embeddable-1.8.0.jar;C:\Users\ali\.gradle\caches\modules-2\files-2.1\org.jetbrains.intellij.deps\trove4j\1.0.20200330\3afb14d5f9ceb459d724e907a21145e8ff394f02\trove4j-1.0.20200330.jar;C:\Users\ali\.gradle\caches\modules-2\files-2.1\net.java.dev.jna\jna\5.6.0\330f2244e9030119ab3030fc3fededc86713d9cc\jna-5.6.0.jar;C:\Users\ali\.gradle\caches\modules-2\files-2.1\org.jetbrains.kotlin\kotlin-stdlib-common\1.8.0\f7197e7cc76453ac59f8b0f8d5137cc600becd36\kotlin-stdlib-common-1.8.0.jar;C:\Users\ali\.gradle\caches\modules-2\files-2.1\org.jetbrains\annotations\13.0\919f0dfe192fb4e063e7dacadee7f8bb9a2672a9\annotations-13.0.jar
Launcher Type: SUN_STANDARD

[Global flags]
     intx CICompilerCount                          = 4                                         {product} {ergonomic}
     uint ConcGCThreads                            = 2                                         {product} {ergonomic}
     uint G1ConcRefinementThreads                  = 8                                         {product} {ergonomic}
   size_t G1HeapRegionSize                         = 1048576                                   {product} {ergonomic}
    uintx GCDrainStackTargetSize                   = 64                                        {product} {ergonomic}
   size_t InitialHeapSize                          = 134217728                                 {product} {ergonomic}
   size_t MarkStackSize                            = 4194304                                   {product} {ergonomic}
   size_t MaxHeapSize                              = 2118123520                                {product} {ergonomic}
   size_t MaxNewSize                               = 1270874112                                {product} {ergonomic}
   size_t MinHeapDeltaBytes                        = 1048576                                   {product} {ergonomic}
   size_t MinHeapSize                              = 8388608                                   {product} {ergonomic}
    uintx NonNMethodCodeHeapSize                   = 5839372                                {pd product} {ergonomic}
    uintx NonProfiledCodeHeapSize                  = 122909434                              {pd product} {ergonomic}
    uintx ProfiledCodeHeapSize                     = 122909434                              {pd product} {ergonomic}
    uintx ReservedCodeCacheSize                    = 251658240                              {pd product} {ergonomic}
     bool SegmentedCodeCache                       = true                                      {product} {ergonomic}
   size_t SoftMaxHeapSize                          = 2118123520                             {manageable} {ergonomic}
     bool UseCompressedClassPointers               = true                           {product lp64_product} {ergonomic}
     bool UseCompressedOops                        = true                           {product lp64_product} {ergonomic}
     bool UseG1GC                                  = true                                      {product} {ergonomic}
     bool UseLargePagesIndividualAllocation        = false                                  {pd product} {ergonomic}

Logging:
Log output configuration:
 #0: stdout all=warning uptime,level,tags
 #1: stderr all=off uptime,level,tags

Environment Variables:
JAVA_HOME=C:\Program Files\Java\jdk-17
PATH=C:\Program Files\Common Files\Oracle\Java\javapath;C:\Program Files (x86)\Common Files\Oracle\Java\javapath;C:\Python312\Scripts\;C:\Python312\;C:\Windows\system32;C:\Windows;C:\Windows\System32\Wbem;C:\Windows\System32\WindowsPowerShell\v1.0\;C:\Windows\System32\OpenSSH\;C:\Program Files\nodejs\;C:\ProgramData\chocolatey\bin;C:\Program Files\dotnet\;C:\Program Files\Git\cmd;%JAVA_HOME%\bin;C:\Users\ali\AppData\Local\Microsoft\WindowsApps;C:\Users\ali\AppData\Local\Programs\Microsoft VS Code\bin;C:\Program Files\JetBrains\IntelliJ IDEA 2023.3.2\bin;;C:\Users\ali\AppData\Roaming\npm;C:\Users\ali\AppData\Local\Android\Sdk\platform-tools;C:\Users\ali\.dotnet\tools;C:\Users\ali\AppData\Local\GitHubDesktop\bin;C:\Users\ali\AppData\Local\Android\Sdk\platform-tools;
USERNAME=ali
OS=Windows_NT
PROCESSOR_IDENTIFIER=Intel64 Family 6 Model 158 Stepping 10, GenuineIntel
TMP=C:\Users\ali\AppData\Local\Temp
TEMP=C:\Users\ali\AppData\Local\Temp


JNI global refs:
JNI global refs: 14, weak refs: 11

JNI global refs memory usage: 843, weak refs: 841

OOME stack traces (most recent first):
Classloader memory used:
Loader jdk.internal.loader.ClassLoaders$AppClassLoader                                 : 8480K
Loader bootstrap                                                                       : 1671K
Loader java.net.URLClassLoader                                                         : 60777B
Loader jdk.internal.jrtfs.JrtFileSystemProvider$JrtFsLoader                            : 42742B
Loader jdk.internal.loader.ClassLoaders$PlatformClassLoader                            : 34362B
Loader jdk.internal.reflect.DelegatingClassLoader                                      : 22586B

Classes loaded by more than one classloader:
Class jdk.internal.jimage.BasicImageReader$1                                          : loaded 2 times (x 75B)
Class jdk.internal.jimage.ImageBufferCache$1                                          : loaded 2 times (x 78B)
Class jdk.internal.jimage.ImageBufferCache$2                                          : loaded 2 times (x 89B)
Class jdk.internal.jimage.ImageReader$SharedImageReader                               : loaded 2 times (x 93B)
Class jdk.internal.jimage.decompressor.ZipDecompressorFactory                         : loaded 2 times (x 72B)
Class jdk.internal.jimage.ImageHeader                                                 : loaded 2 times (x 69B)
Class jdk.internal.jimage.decompressor.StringSharingDecompressorFactory               : loaded 2 times (x 72B)
Class jdk.internal.jimage.BasicImageReader                                            : loaded 2 times (x 93B)
Class jdk.internal.jimage.ImageLocation                                               : loaded 2 times (x 88B)
Class jdk.internal.jimage.ImageReader$Node                                            : loaded 2 times (x 82B)
Class jdk.internal.jimage.decompressor.CompressedResourceHeader                       : loaded 2 times (x 69B)
Class jdk.internal.jrtfs.JrtPath                                                      : loaded 2 times (x 116B)
Class jdk.internal.jimage.ImageStrings                                                : loaded 2 times (x 68B)
Class jdk.internal.jimage.decompressor.ResourceDecompressorRepository                 : loaded 2 times (x 69B)
Class jdk.internal.jimage.decompressor.ResourceDecompressor$StringsProvider           : loaded 2 times (x 68B)
Class jdk.internal.jimage.decompressor.Decompressor                                   : loaded 2 times (x 70B)
Class jdk.internal.jrtfs.JrtFileSystem                                                : loaded 2 times (x 100B)
Class jdk.internal.jrtfs.JrtFileSystemProvider                                        : loaded 2 times (x 97B)
Class jdk.internal.jimage.decompressor.ResourceDecompressor                           : loaded 2 times (x 68B)
Class jdk.internal.jimage.ImageStringsReader                                          : loaded 2 times (x 78B)
Class jdk.internal.jimage.decompressor.ResourceDecompressorFactory                    : loaded 2 times (x 72B)
Class jdk.internal.jimage.decompressor.ZipDecompressor                                : loaded 2 times (x 73B)
Class jdk.internal.jimage.ImageReader                                                 : loaded 2 times (x 73B)
Class jdk.internal.jimage.ImageBufferCache                                            : loaded 2 times (x 69B)
Class jdk.internal.jimage.ImageReader$Directory                                       : loaded 2 times (x 82B)


---------------  S Y S T E M  ---------------

OS:
 Windows 10 , 64 bit Build 19041 (10.0.19041.3636)
OS uptime: 0 days 23:08 hours

CPU: total 8 (initial active 8) (4 cores per cpu, 2 threads per core) family 6 model 158 stepping 10 microcode 0xf0, cx8, cmov, fxsr, ht, mmx, 3dnowpref, sse, sse2, sse3, ssse3, sse4.1, sse4.2, popcnt, lzcnt, tsc, tscinvbit, avx, avx2, aes, erms, clmul, bmi1, bmi2, adx, fma, vzeroupper, clflush, clflushopt

Memory: 4k page, system-wide physical 8073M (900M free)
TotalPageFile size 12169M (AvailPageFile size 43M)
current process WorkingSet (physical memory assigned to process): 393M, peak: 399M
current process commit charge ("private bytes"): 430M, peak: 591M

vm_info: OpenJDK 64-Bit Server VM (17.0.7+0-b2043.56-10550314) for windows-amd64 JRE (17.0.7+0-b2043.56-10550314), built on Jul 24 2023 18:27:45 by "androidbuild" with MS VC++ 16.10 / 16.11 (VS2019)

END.
