#
# There is insufficient memory for the Java Runtime Environment to continue.
# Native memory allocation (mmap) failed to map 101711872 bytes for G1 virtual space
# Possible reasons:
#   The system is out of physical RAM or swap space
#   The process is running with CompressedOops enabled, and the Java Heap may be blocking the growth of the native heap
# Possible solutions:
#   Reduce memory load on the system
#   Increase physical memory or swap space
#   Check if swap backing store is full
#   Decrease Java heap size (-Xmx/-Xms)
#   Decrease number of Java threads
#   Decrease Java thread stack sizes (-Xss)
#   Set larger code cache with -XX:ReservedCodeCacheSize=
#   JVM is running with Unscaled Compressed Oops mode in which the Java heap is
#     placed in the first 4GB address space. The Java Heap base address is the
#     maximum limit for the native heap growth. Please use -XX:HeapBaseMinAddress
#     to set the Java Heap base and to place the Java Heap above 4GB virtual address.
# This output file may be truncated or incomplete.
#
#  Out of Memory Error (os_windows.cpp:3771), pid=3888, tid=14592
#
# JRE version: OpenJDK Runtime Environment (17.0.7) (build 17.0.7+0-b2043.56-10550314)
# Java VM: OpenJDK 64-Bit Server VM (17.0.7+0-b2043.56-10550314, mixed mode, tiered, compressed oops, compressed class ptrs, g1 gc, windows-amd64)
# No core dump will be written. Minidumps are not enabled by default on client versions of Windows
#

---------------  S U M M A R Y ------------

Command Line: org.jetbrains.kotlin.cli.jvm.K2JVMCompiler @C:\Users\ali\Panda\node_modules\@react-native\gradle-plugin\build\20240304_3144058868911947851.compiler.options

Host: Intel(R) Core(TM) i5-8300H CPU @ 2.30GHz, 8 cores, 7G,  Windows 10 , 64 bit Build 19041 (10.0.19041.3636)
Time: Mon Mar  4 00:24:00 2024 Jerusalem Standard Time elapsed time: 7.741147 seconds (0d 0h 0m 7s)

---------------  T H R E A D  ---------------

Current thread (0x0000019bcf736430):  VMThread "VM Thread" [stack: 0x00000047b2600000,0x00000047b2700000] [id=14592]

Stack: [0x00000047b2600000,0x00000047b2700000]
Native frames: (J=compiled Java code, j=interpreted, Vv=VM code, C=native code)
V  [jvm.dll+0x683bfa]
V  [jvm.dll+0x8430a4]
V  [jvm.dll+0x8449be]
V  [jvm.dll+0x845023]
V  [jvm.dll+0x24ad2f]
V  [jvm.dll+0x680ac9]
V  [jvm.dll+0x67519a]
V  [jvm.dll+0x30b3cb]
V  [jvm.dll+0x312876]
V  [jvm.dll+0x36221e]
V  [jvm.dll+0x36244f]
V  [jvm.dll+0x2e14a8]
V  [jvm.dll+0x2df684]
V  [jvm.dll+0x2dec8c]
V  [jvm.dll+0x32382b]
V  [jvm.dll+0x8496eb]
V  [jvm.dll+0x84a424]
V  [jvm.dll+0x84a93d]
V  [jvm.dll+0x84ad14]
V  [jvm.dll+0x84ade0]
V  [jvm.dll+0x7f2aea]
V  [jvm.dll+0x682a35]
C  [ucrtbase.dll+0x21bb2]
C  [KERNEL32.DLL+0x17344]
C  [ntdll.dll+0x526b1]

VM_Operation (0x00000047b20f9e40): G1CollectForAllocation, mode: safepoint, requested by thread 0x0000019bb59c43a0


---------------  P R O C E S S  ---------------

Threads class SMR info:
_java_thread_list=0x0000019bcf7569c0, length=14, elements={
0x0000019bb59c43a0, 0x0000019bcf76d260, 0x0000019bcf76e0d0, 0x0000019bcf8b3030,
0x0000019bcf8b3af0, 0x0000019bcf8b65b0, 0x0000019bcf8b6f60, 0x0000019bcf8b7cf0,
0x0000019bcf8f7930, 0x0000019bcf8f8230, 0x0000019bcfa47bb0, 0x0000019bcfa5df50,
0x0000019bcfc743a0, 0x0000019bd4d7d010
}

Java Threads: ( => current thread )
  0x0000019bb59c43a0 JavaThread "main" [_thread_blocked, id=9748, stack(0x00000047b2000000,0x00000047b2100000)]
  0x0000019bcf76d260 JavaThread "Reference Handler" daemon [_thread_blocked, id=3836, stack(0x00000047b2700000,0x00000047b2800000)]
  0x0000019bcf76e0d0 JavaThread "Finalizer" daemon [_thread_blocked, id=11652, stack(0x00000047b2800000,0x00000047b2900000)]
  0x0000019bcf8b3030 JavaThread "Signal Dispatcher" daemon [_thread_blocked, id=14192, stack(0x00000047b2900000,0x00000047b2a00000)]
  0x0000019bcf8b3af0 JavaThread "Attach Listener" daemon [_thread_blocked, id=8308, stack(0x00000047b2a00000,0x00000047b2b00000)]
  0x0000019bcf8b65b0 JavaThread "Service Thread" daemon [_thread_blocked, id=15564, stack(0x00000047b2b00000,0x00000047b2c00000)]
  0x0000019bcf8b6f60 JavaThread "Monitor Deflation Thread" daemon [_thread_blocked, id=10944, stack(0x00000047b2c00000,0x00000047b2d00000)]
  0x0000019bcf8b7cf0 JavaThread "C2 CompilerThread0" daemon [_thread_in_native, id=10072, stack(0x00000047b2d00000,0x00000047b2e00000)]
  0x0000019bcf8f7930 JavaThread "C1 CompilerThread0" daemon [_thread_blocked, id=14144, stack(0x00000047b2e00000,0x00000047b2f00000)]
  0x0000019bcf8f8230 JavaThread "Sweeper thread" daemon [_thread_blocked, id=5556, stack(0x00000047b2f00000,0x00000047b3000000)]
  0x0000019bcfa47bb0 JavaThread "Notification Thread" daemon [_thread_blocked, id=12976, stack(0x00000047b3000000,0x00000047b3100000)]
  0x0000019bcfa5df50 JavaThread "Common-Cleaner" daemon [_thread_blocked, id=10940, stack(0x00000047b3200000,0x00000047b3300000)]
  0x0000019bcfc743a0 JavaThread "C2 CompilerThread1" daemon [_thread_blocked, id=3472, stack(0x00000047b3300000,0x00000047b3400000)]
  0x0000019bd4d7d010 JavaThread "C2 CompilerThread2" daemon [_thread_blocked, id=9460, stack(0x00000047b3c00000,0x00000047b3d00000)]

Other Threads:
=>0x0000019bcf736430 VMThread "VM Thread" [stack: 0x00000047b2600000,0x00000047b2700000] [id=14592]
  0x0000019bb5a4d530 WatcherThread [stack: 0x00000047b3100000,0x00000047b3200000] [id=6060]
  0x0000019bb5a1e310 GCTaskThread "GC Thread#0" [stack: 0x00000047b2100000,0x00000047b2200000] [id=15624]
  0x0000019bd42153e0 GCTaskThread "GC Thread#1" [stack: 0x00000047b3400000,0x00000047b3500000] [id=5652]
  0x0000019bd4319e10 GCTaskThread "GC Thread#2" [stack: 0x00000047b3500000,0x00000047b3600000] [id=1076]
  0x0000019bd438d3f0 GCTaskThread "GC Thread#3" [stack: 0x00000047b3600000,0x00000047b3700000] [id=8760]
  0x0000019bd438d6a0 GCTaskThread "GC Thread#4" [stack: 0x00000047b3700000,0x00000047b3800000] [id=15912]
  0x0000019bd4688840 GCTaskThread "GC Thread#5" [stack: 0x00000047b3800000,0x00000047b3900000] [id=7184]
  0x0000019bd4b72180 GCTaskThread "GC Thread#6" [stack: 0x00000047b3900000,0x00000047b3a00000] [id=2720]
  0x0000019bd4ba7c50 GCTaskThread "GC Thread#7" [stack: 0x00000047b3a00000,0x00000047b3b00000] [id=6152]
  0x0000019bb5a2eed0 ConcurrentGCThread "G1 Main Marker" [stack: 0x00000047b2200000,0x00000047b2300000] [id=13320]
  0x0000019bb5a2f8e0 ConcurrentGCThread "G1 Conc#0" [stack: 0x00000047b2300000,0x00000047b2400000] [id=11400]
  0x0000019bd4ba79a0 ConcurrentGCThread "G1 Conc#1" [stack: 0x00000047b3b00000,0x00000047b3c00000] [id=4384]
  0x0000019bcf5a20c0 ConcurrentGCThread "G1 Refine#0" [stack: 0x00000047b2400000,0x00000047b2500000] [id=3284]
  0x0000019bd5c40210 ConcurrentGCThread "G1 Refine#1" [stack: 0x00000047b3d00000,0x00000047b3e00000] [id=11660]
  0x0000019bd4d42e20 ConcurrentGCThread "G1 Refine#2" [stack: 0x00000047b3e00000,0x00000047b3f00000] [id=2640]
  0x0000019bd6924390 ConcurrentGCThread "G1 Refine#3" [stack: 0x00000047b3f00000,0x00000047b4000000] [id=13760]
  0x0000019bd55c40e0 ConcurrentGCThread "G1 Refine#4" [stack: 0x00000047b4000000,0x00000047b4100000] [id=13720]
  0x0000019bd55c46b0 ConcurrentGCThread "G1 Refine#5" [stack: 0x00000047b4100000,0x00000047b4200000] [id=10448]
  0x0000019bcf5a2ae0 ConcurrentGCThread "G1 Service" [stack: 0x00000047b2500000,0x00000047b2600000] [id=4344]

Threads with active compile tasks:
C2 CompilerThread0     7767 10427   !   4       org.jetbrains.kotlin.metadata.ProtoBuf$Function::<init> (1410 bytes)
C1 CompilerThread0     7767 10621       3       org.jetbrains.kotlin.resolve.calls.components.CompletionModeCalculator$CalculatorForNestedCall$computeDirections$1::invoke (30 bytes)
C2 CompilerThread1     7767 10617       4       org.jetbrains.kotlin.types.AbstractTypeChecker::isSubtypeOf (46 bytes)
C2 CompilerThread2     7767 10510       4       org.jetbrains.kotlin.types.checker.ClassicTypeSystemContext$DefaultImpls::captureFromArguments (90 bytes)

VM state: at safepoint (normal execution)

VM Mutex/Monitor currently owned by a thread:  ([mutex/lock_event])
[0x0000019bb59c1510] Threads_lock - owner thread: 0x0000019bcf736430
[0x0000019bb59c11b0] Heap_lock - owner thread: 0x0000019bb59c43a0

Heap address: 0x0000000081c00000, size: 2020 MB, Compressed Oops mode: 32-bit

CDS archive(s) not mapped
Compressed class space mapped at: 0x0000000100000000-0x0000000140000000, reserved size: 1073741824
Narrow klass base: 0x0000000000000000, Narrow klass shift: 3, Narrow klass range: 0x140000000

GC Precious Log:
 CPUs: 8 total, 8 available
 Memory: 8073M
 Large Page Support: Disabled
 NUMA Support: Disabled
 Compressed Oops: Enabled (32-bit)
 Heap Region Size: 1M
 Heap Min Capacity: 8M
 Heap Initial Capacity: 128M
 Heap Max Capacity: 2020M
 Pre-touch: Disabled
 Parallel Workers: 8
 Concurrent Workers: 2
 Concurrent Refinement Workers: 8
 Periodic GC: Disabled

Heap:
 garbage-first heap   total 160768K, used 79208K [0x0000000081c00000, 0x0000000100000000)
  region size 1024K, 6 young (6144K), 6 survivors (6144K)
 Metaspace       used 66422K, committed 66752K, reserved 1114112K
  class space    used 7550K, committed 7680K, reserved 1048576K

Heap Regions: E=young(eden), S=young(survivor), O=old, HS=humongous(starts), HC=humongous(continues), CS=collection set, F=free, OA=open archive, CA=closed archive, TAMS=top-at-mark-start (previous, next)
|   0|0x0000000081c00000, 0x0000000081d00000, 0x0000000081d00000|100%|HS|  |TAMS 0x0000000081d00000, 0x0000000081c00000| Complete 
|   1|0x0000000081d00000, 0x0000000081e00000, 0x0000000081e00000|100%|HC|  |TAMS 0x0000000081e00000, 0x0000000081d00000| Complete 
|   2|0x0000000081e00000, 0x0000000081f00000, 0x0000000081f00000|100%|HC|  |TAMS 0x0000000081f00000, 0x0000000081e00000| Complete 
|   3|0x0000000081f00000, 0x0000000082000000, 0x0000000082000000|100%|HC|  |TAMS 0x0000000082000000, 0x0000000081f00000| Complete 
|   4|0x0000000082000000, 0x0000000082100000, 0x0000000082100000|100%| O|  |TAMS 0x0000000082100000, 0x0000000082000000| Untracked 
|   5|0x0000000082100000, 0x0000000082200000, 0x0000000082200000|100%| O|  |TAMS 0x0000000082200000, 0x0000000082100000| Untracked 
|   6|0x0000000082200000, 0x0000000082300000, 0x0000000082300000|100%|HS|  |TAMS 0x0000000082300000, 0x0000000082200000| Complete 
|   7|0x0000000082300000, 0x0000000082400000, 0x0000000082400000|100%|HS|  |TAMS 0x0000000082400000, 0x0000000082300000| Complete 
|   8|0x0000000082400000, 0x0000000082500000, 0x0000000082500000|100%|HC|  |TAMS 0x0000000082500000, 0x0000000082400000| Complete 
|   9|0x0000000082500000, 0x0000000082600000, 0x0000000082600000|100%|HC|  |TAMS 0x0000000082600000, 0x0000000082500000| Complete 
|  10|0x0000000082600000, 0x0000000082700000, 0x0000000082700000|100%|HC|  |TAMS 0x0000000082700000, 0x0000000082600000| Complete 
|  11|0x0000000082700000, 0x0000000082800000, 0x0000000082800000|100%| O|  |TAMS 0x0000000082800000, 0x0000000082700000| Untracked 
|  12|0x0000000082800000, 0x0000000082900000, 0x0000000082900000|100%| O|  |TAMS 0x0000000082900000, 0x0000000082800000| Untracked 
|  13|0x0000000082900000, 0x0000000082a00000, 0x0000000082a00000|100%| O|  |TAMS 0x0000000082900000, 0x0000000082900000| Untracked 
|  14|0x0000000082a00000, 0x0000000082b00000, 0x0000000082b00000|100%|HS|  |TAMS 0x0000000082b00000, 0x0000000082a00000| Complete 
|  15|0x0000000082b00000, 0x0000000082c00000, 0x0000000082c00000|100%|HC|  |TAMS 0x0000000082c00000, 0x0000000082b00000| Complete 
|  16|0x0000000082c00000, 0x0000000082d00000, 0x0000000082d00000|100%|HS|  |TAMS 0x0000000082d00000, 0x0000000082c00000| Complete 
|  17|0x0000000082d00000, 0x0000000082e00000, 0x0000000082e00000|100%| O|  |TAMS 0x0000000082e00000, 0x0000000082d00000| Untracked 
|  18|0x0000000082e00000, 0x0000000082f00000, 0x0000000082f00000|100%| O|  |TAMS 0x0000000082f00000, 0x0000000082e00000| Untracked 
|  19|0x0000000082f00000, 0x0000000083000000, 0x0000000083000000|100%| O|  |TAMS 0x0000000083000000, 0x0000000082f00000| Untracked 
|  20|0x0000000083000000, 0x0000000083100000, 0x0000000083100000|100%| O|  |TAMS 0x0000000083100000, 0x0000000083000000| Untracked 
|  21|0x0000000083100000, 0x0000000083200000, 0x0000000083200000|100%| O|  |TAMS 0x0000000083200000, 0x0000000083100000| Untracked 
|  22|0x0000000083200000, 0x0000000083300000, 0x0000000083300000|100%| O|  |TAMS 0x0000000083300000, 0x0000000083200000| Untracked 
|  23|0x0000000083300000, 0x0000000083400000, 0x0000000083400000|100%| O|  |TAMS 0x0000000083400000, 0x0000000083300000| Untracked 
|  24|0x0000000083400000, 0x0000000083500000, 0x0000000083500000|100%| O|  |TAMS 0x0000000083500000, 0x0000000083400000| Untracked 
|  25|0x0000000083500000, 0x0000000083600000, 0x0000000083600000|100%| O|  |TAMS 0x0000000083500000, 0x0000000083500000| Untracked 
|  26|0x0000000083600000, 0x0000000083700000, 0x0000000083700000|100%| O|  |TAMS 0x0000000083600000, 0x0000000083600000| Untracked 
|  27|0x0000000083700000, 0x0000000083800000, 0x0000000083800000|100%| O|  |TAMS 0x0000000083700000, 0x0000000083700000| Untracked 
|  28|0x0000000083800000, 0x0000000083900000, 0x0000000083900000|100%| O|  |TAMS 0x0000000083900000, 0x0000000083800000| Untracked 
|  29|0x0000000083900000, 0x0000000083a00000, 0x0000000083a00000|100%| O|  |TAMS 0x0000000083900000, 0x0000000083900000| Untracked 
|  30|0x0000000083a00000, 0x0000000083b00000, 0x0000000083b00000|100%|HS|  |TAMS 0x0000000083a00000, 0x0000000083a00000| Complete 
|  31|0x0000000083b00000, 0x0000000083c00000, 0x0000000083c00000|100%| O|  |TAMS 0x0000000083c00000, 0x0000000083b00000| Untracked 
|  32|0x0000000083c00000, 0x0000000083d00000, 0x0000000083d00000|100%| O|  |TAMS 0x0000000083d00000, 0x0000000083c00000| Untracked 
|  33|0x0000000083d00000, 0x0000000083e00000, 0x0000000083e00000|100%| O|  |TAMS 0x0000000083e00000, 0x0000000083d00000| Untracked 
|  34|0x0000000083e00000, 0x0000000083f00000, 0x0000000083f00000|100%| O|  |TAMS 0x0000000083f00000, 0x0000000083e00000| Untracked 
|  35|0x0000000083f00000, 0x0000000084000000, 0x0000000084000000|100%| O|  |TAMS 0x0000000084000000, 0x0000000083f00000| Untracked 
|  36|0x0000000084000000, 0x0000000084100000, 0x0000000084100000|100%| O|  |TAMS 0x0000000084100000, 0x0000000084000000| Untracked 
|  37|0x0000000084100000, 0x0000000084200000, 0x0000000084200000|100%|HS|  |TAMS 0x0000000084200000, 0x0000000084100000| Complete 
|  38|0x0000000084200000, 0x0000000084300000, 0x0000000084300000|100%|HC|  |TAMS 0x0000000084300000, 0x0000000084200000| Complete 
|  39|0x0000000084300000, 0x0000000084400000, 0x0000000084400000|100%|HC|  |TAMS 0x0000000084400000, 0x0000000084300000| Complete 
|  40|0x0000000084400000, 0x0000000084500000, 0x0000000084500000|100%|HC|  |TAMS 0x0000000084500000, 0x0000000084400000| Complete 
|  41|0x0000000084500000, 0x0000000084600000, 0x0000000084600000|100%|HC|  |TAMS 0x0000000084600000, 0x0000000084500000| Complete 
|  42|0x0000000084600000, 0x0000000084700000, 0x0000000084700000|100%|HC|  |TAMS 0x0000000084700000, 0x0000000084600000| Complete 
|  43|0x0000000084700000, 0x0000000084800000, 0x0000000084800000|100%| O|  |TAMS 0x0000000084700000, 0x0000000084700000| Untracked 
|  44|0x0000000084800000, 0x0000000084900000, 0x0000000084900000|100%| O|  |TAMS 0x0000000084800000, 0x0000000084800000| Untracked 
|  45|0x0000000084900000, 0x0000000084a00000, 0x0000000084a00000|100%| O|  |TAMS 0x0000000084900000, 0x0000000084900000| Untracked 
|  46|0x0000000084a00000, 0x0000000084b00000, 0x0000000084b00000|100%| O|  |TAMS 0x0000000084a00000, 0x0000000084a00000| Untracked 
|  47|0x0000000084b00000, 0x0000000084c00000, 0x0000000084c00000|100%| O|  |TAMS 0x0000000084b00000, 0x0000000084b00000| Untracked 
|  48|0x0000000084c00000, 0x0000000084d00000, 0x0000000084d00000|100%| O|  |TAMS 0x0000000084c00000, 0x0000000084c00000| Untracked 
|  49|0x0000000084d00000, 0x0000000084e00000, 0x0000000084e00000|100%| O|  |TAMS 0x0000000084d00000, 0x0000000084d00000| Untracked 
|  50|0x0000000084e00000, 0x0000000084f00000, 0x0000000084f00000|100%| O|  |TAMS 0x0000000084e00000, 0x0000000084e00000| Untracked 
|  51|0x0000000084f00000, 0x0000000085000000, 0x0000000085000000|100%| O|  |TAMS 0x0000000084f00000, 0x0000000084f00000| Untracked 
|  52|0x0000000085000000, 0x0000000085100000, 0x0000000085100000|100%| O|  |TAMS 0x0000000085000000, 0x0000000085000000| Untracked 
|  53|0x0000000085100000, 0x0000000085200000, 0x0000000085200000|100%| O|  |TAMS 0x0000000085100000, 0x0000000085100000| Untracked 
|  54|0x0000000085200000, 0x0000000085300000, 0x0000000085300000|100%| O|  |TAMS 0x0000000085200000, 0x0000000085200000| Untracked 
|  55|0x0000000085300000, 0x0000000085400000, 0x0000000085400000|100%| O|  |TAMS 0x0000000085300000, 0x0000000085300000| Untracked 
|  56|0x0000000085400000, 0x0000000085500000, 0x0000000085500000|100%| O|  |TAMS 0x0000000085400000, 0x0000000085400000| Untracked 
|  57|0x0000000085500000, 0x0000000085600000, 0x0000000085600000|100%| O|  |TAMS 0x0000000085500000, 0x0000000085500000| Untracked 
|  58|0x0000000085600000, 0x0000000085700000, 0x0000000085700000|100%| O|  |TAMS 0x0000000085600000, 0x0000000085600000| Untracked 
|  59|0x0000000085700000, 0x0000000085800000, 0x0000000085800000|100%| O|  |TAMS 0x0000000085700000, 0x0000000085700000| Untracked 
|  60|0x0000000085800000, 0x0000000085900000, 0x0000000085900000|100%| O|  |TAMS 0x0000000085800000, 0x0000000085800000| Untracked 
|  61|0x0000000085900000, 0x0000000085a00000, 0x0000000085a00000|100%| O|  |TAMS 0x0000000085900000, 0x0000000085900000| Untracked 
|  62|0x0000000085a00000, 0x0000000085b00000, 0x0000000085b00000|100%| O|  |TAMS 0x0000000085a00000, 0x0000000085a00000| Untracked 
|  63|0x0000000085b00000, 0x0000000085c00000, 0x0000000085c00000|100%| O|  |TAMS 0x0000000085b00000, 0x0000000085b00000| Untracked 
|  64|0x0000000085c00000, 0x0000000085d00000, 0x0000000085d00000|100%| O|  |TAMS 0x0000000085c00000, 0x0000000085c00000| Untracked 
|  65|0x0000000085d00000, 0x0000000085e00000, 0x0000000085e00000|100%| O|  |TAMS 0x0000000085d00000, 0x0000000085d00000| Untracked 
|  66|0x0000000085e00000, 0x0000000085f00000, 0x0000000085f00000|100%| O|  |TAMS 0x0000000085e00000, 0x0000000085e00000| Untracked 
|  67|0x0000000085f00000, 0x0000000086000000, 0x0000000086000000|100%| O|  |TAMS 0x0000000085f00000, 0x0000000085f00000| Untracked 
|  68|0x0000000086000000, 0x0000000086100000, 0x0000000086100000|100%| O|  |TAMS 0x0000000086000000, 0x0000000086000000| Untracked 
|  69|0x0000000086100000, 0x0000000086200000, 0x0000000086200000|100%| O|  |TAMS 0x0000000086100000, 0x0000000086100000| Untracked 
|  70|0x0000000086200000, 0x0000000086300000, 0x0000000086300000|100%| O|  |TAMS 0x0000000086200000, 0x0000000086200000| Untracked 
|  71|0x0000000086300000, 0x000000008635a200, 0x0000000086400000| 35%| O|  |TAMS 0x0000000086300000, 0x0000000086300000| Untracked 
|  72|0x0000000086400000, 0x0000000086400000, 0x0000000086500000|  0%| F|  |TAMS 0x0000000086400000, 0x0000000086400000| Untracked 
|  73|0x0000000086500000, 0x0000000086500000, 0x0000000086600000|  0%| F|  |TAMS 0x0000000086500000, 0x0000000086500000| Untracked 
|  74|0x0000000086600000, 0x0000000086600000, 0x0000000086700000|  0%| F|  |TAMS 0x0000000086600000, 0x0000000086600000| Untracked 
|  75|0x0000000086700000, 0x0000000086700000, 0x0000000086800000|  0%| F|  |TAMS 0x0000000086700000, 0x0000000086700000| Untracked 
|  76|0x0000000086800000, 0x0000000086800000, 0x0000000086900000|  0%| F|  |TAMS 0x0000000086800000, 0x0000000086800000| Untracked 
|  77|0x0000000086900000, 0x0000000086900000, 0x0000000086a00000|  0%| F|  |TAMS 0x0000000086900000, 0x0000000086900000| Untracked 
|  78|0x0000000086a00000, 0x0000000086a00000, 0x0000000086b00000|  0%| F|  |TAMS 0x0000000086a00000, 0x0000000086a00000| Untracked 
|  79|0x0000000086b00000, 0x0000000086b00000, 0x0000000086c00000|  0%| F|  |TAMS 0x0000000086b00000, 0x0000000086b00000| Untracked 
|  80|0x0000000086c00000, 0x0000000086c00000, 0x0000000086d00000|  0%| F|  |TAMS 0x0000000086c00000, 0x0000000086c00000| Untracked 
|  81|0x0000000086d00000, 0x0000000086d00000, 0x0000000086e00000|  0%| F|  |TAMS 0x0000000086d00000, 0x0000000086d00000| Untracked 
|  82|0x0000000086e00000, 0x0000000086e00000, 0x0000000086f00000|  0%| F|  |TAMS 0x0000000086e00000, 0x0000000086e00000| Untracked 
|  83|0x0000000086f00000, 0x0000000086f00000, 0x0000000087000000|  0%| F|  |TAMS 0x0000000086f00000, 0x0000000086f00000| Untracked 
|  84|0x0000000087000000, 0x0000000087000000, 0x0000000087100000|  0%| F|  |TAMS 0x0000000087000000, 0x0000000087000000| Untracked 
|  85|0x0000000087100000, 0x0000000087100000, 0x0000000087200000|  0%| F|  |TAMS 0x0000000087100000, 0x0000000087100000| Untracked 
|  86|0x0000000087200000, 0x0000000087200000, 0x0000000087300000|  0%| F|  |TAMS 0x0000000087200000, 0x0000000087200000| Untracked 
|  87|0x0000000087300000, 0x0000000087300000, 0x0000000087400000|  0%| F|  |TAMS 0x0000000087300000, 0x0000000087300000| Untracked 
|  88|0x0000000087400000, 0x0000000087400000, 0x0000000087500000|  0%| F|  |TAMS 0x0000000087400000, 0x0000000087400000| Untracked 
|  89|0x0000000087500000, 0x0000000087500000, 0x0000000087600000|  0%| F|  |TAMS 0x0000000087500000, 0x0000000087500000| Untracked 
|  90|0x0000000087600000, 0x0000000087600000, 0x0000000087700000|  0%| F|  |TAMS 0x0000000087600000, 0x0000000087600000| Untracked 
|  91|0x0000000087700000, 0x0000000087700000, 0x0000000087800000|  0%| F|  |TAMS 0x0000000087700000, 0x0000000087700000| Untracked 
|  92|0x0000000087800000, 0x0000000087800000, 0x0000000087900000|  0%| F|  |TAMS 0x0000000087800000, 0x0000000087800000| Untracked 
|  93|0x0000000087900000, 0x0000000087900000, 0x0000000087a00000|  0%| F|  |TAMS 0x0000000087900000, 0x0000000087900000| Untracked 
|  94|0x0000000087a00000, 0x0000000087a00000, 0x0000000087b00000|  0%| F|  |TAMS 0x0000000087a00000, 0x0000000087a00000| Untracked 
|  95|0x0000000087b00000, 0x0000000087b00000, 0x0000000087c00000|  0%| F|  |TAMS 0x0000000087b00000, 0x0000000087b00000| Untracked 
|  96|0x0000000087c00000, 0x0000000087c00000, 0x0000000087d00000|  0%| F|  |TAMS 0x0000000087c00000, 0x0000000087c00000| Untracked 
|  97|0x0000000087d00000, 0x0000000087d00000, 0x0000000087e00000|  0%| F|  |TAMS 0x0000000087d00000, 0x0000000087d00000| Untracked 
|  98|0x0000000087e00000, 0x0000000087e00000, 0x0000000087f00000|  0%| F|  |TAMS 0x0000000087e00000, 0x0000000087e00000| Untracked 
|  99|0x0000000087f00000, 0x0000000087f00000, 0x0000000088000000|  0%| F|  |TAMS 0x0000000087f00000, 0x0000000087f00000| Untracked 
| 100|0x0000000088000000, 0x0000000088100000, 0x0000000088100000|100%| S|CS|TAMS 0x0000000088000000, 0x0000000088000000| Complete 
| 101|0x0000000088100000, 0x0000000088200000, 0x0000000088200000|100%| S|CS|TAMS 0x0000000088100000, 0x0000000088100000| Complete 
| 102|0x0000000088200000, 0x0000000088200000, 0x0000000088300000|  0%| F|  |TAMS 0x0000000088200000, 0x0000000088200000| Untracked 
| 103|0x0000000088300000, 0x0000000088400000, 0x0000000088400000|100%| S|CS|TAMS 0x0000000088300000, 0x0000000088300000| Complete 
| 104|0x0000000088400000, 0x0000000088500000, 0x0000000088500000|100%| S|CS|TAMS 0x0000000088400000, 0x0000000088400000| Complete 
| 105|0x0000000088500000, 0x0000000088600000, 0x0000000088600000|100%| S|CS|TAMS 0x0000000088500000, 0x0000000088500000| Complete 
| 106|0x0000000088600000, 0x0000000088700000, 0x0000000088700000|100%| S|CS|TAMS 0x0000000088600000, 0x0000000088600000| Complete 
| 107|0x0000000088700000, 0x0000000088700000, 0x0000000088800000|  0%| F|  |TAMS 0x0000000088700000, 0x0000000088700000| Untracked 
| 108|0x0000000088800000, 0x0000000088800000, 0x0000000088900000|  0%| F|  |TAMS 0x0000000088800000, 0x0000000088800000| Untracked 
| 109|0x0000000088900000, 0x0000000088900000, 0x0000000088a00000|  0%| F|  |TAMS 0x0000000088900000, 0x0000000088900000| Untracked 
| 110|0x0000000088a00000, 0x0000000088a00000, 0x0000000088b00000|  0%| F|  |TAMS 0x0000000088a00000, 0x0000000088a00000| Untracked 
| 111|0x0000000088b00000, 0x0000000088b00000, 0x0000000088c00000|  0%| F|  |TAMS 0x0000000088b00000, 0x0000000088b00000| Untracked 
| 112|0x0000000088c00000, 0x0000000088c00000, 0x0000000088d00000|  0%| F|  |TAMS 0x0000000088c00000, 0x0000000088c00000| Untracked 
| 113|0x0000000088d00000, 0x0000000088d00000, 0x0000000088e00000|  0%| F|  |TAMS 0x0000000088d00000, 0x0000000088d00000| Untracked 
| 114|0x0000000088e00000, 0x0000000088e00000, 0x0000000088f00000|  0%| F|  |TAMS 0x0000000088e00000, 0x0000000088e00000| Untracked 
| 115|0x0000000088f00000, 0x0000000088f00000, 0x0000000089000000|  0%| F|  |TAMS 0x0000000088f00000, 0x0000000088f00000| Untracked 
| 116|0x0000000089000000, 0x0000000089000000, 0x0000000089100000|  0%| F|  |TAMS 0x0000000089000000, 0x0000000089000000| Untracked 
| 117|0x0000000089100000, 0x0000000089100000, 0x0000000089200000|  0%| F|  |TAMS 0x0000000089100000, 0x0000000089100000| Untracked 
| 118|0x0000000089200000, 0x0000000089200000, 0x0000000089300000|  0%| F|  |TAMS 0x0000000089200000, 0x0000000089200000| Untracked 
| 119|0x0000000089300000, 0x0000000089300000, 0x0000000089400000|  0%| F|  |TAMS 0x0000000089300000, 0x0000000089300000| Untracked 
| 120|0x0000000089400000, 0x0000000089400000, 0x0000000089500000|  0%| F|  |TAMS 0x0000000089400000, 0x0000000089400000| Untracked 
| 121|0x0000000089500000, 0x0000000089500000, 0x0000000089600000|  0%| F|  |TAMS 0x0000000089500000, 0x0000000089500000| Untracked 
| 122|0x0000000089600000, 0x0000000089600000, 0x0000000089700000|  0%| F|  |TAMS 0x0000000089600000, 0x0000000089600000| Untracked 
| 123|0x0000000089700000, 0x0000000089700000, 0x0000000089800000|  0%| F|  |TAMS 0x0000000089700000, 0x0000000089700000| Untracked 
| 124|0x0000000089800000, 0x0000000089800000, 0x0000000089900000|  0%| F|  |TAMS 0x0000000089800000, 0x0000000089800000| Untracked 
| 125|0x0000000089900000, 0x0000000089900000, 0x0000000089a00000|  0%| F|  |TAMS 0x0000000089900000, 0x0000000089900000| Untracked 
| 126|0x0000000089a00000, 0x0000000089a00000, 0x0000000089b00000|  0%| F|  |TAMS 0x0000000089a00000, 0x0000000089a00000| Untracked 
| 127|0x0000000089b00000, 0x0000000089b00000, 0x0000000089c00000|  0%| F|  |TAMS 0x0000000089b00000, 0x0000000089b00000| Untracked 
| 128|0x0000000089c00000, 0x0000000089c00000, 0x0000000089d00000|  0%| F|  |TAMS 0x0000000089c00000, 0x0000000089c00000| Untracked 
| 129|0x0000000089d00000, 0x0000000089d00000, 0x0000000089e00000|  0%| F|  |TAMS 0x0000000089d00000, 0x0000000089d00000| Untracked 
| 130|0x0000000089e00000, 0x0000000089e00000, 0x0000000089f00000|  0%| F|  |TAMS 0x0000000089e00000, 0x0000000089e00000| Untracked 
| 131|0x0000000089f00000, 0x0000000089f00000, 0x000000008a000000|  0%| F|  |TAMS 0x0000000089f00000, 0x0000000089f00000| Untracked 
| 132|0x000000008a000000, 0x000000008a000000, 0x000000008a100000|  0%| F|  |TAMS 0x000000008a000000, 0x000000008a000000| Untracked 
| 133|0x000000008a100000, 0x000000008a100000, 0x000000008a200000|  0%| F|  |TAMS 0x000000008a100000, 0x000000008a100000| Untracked 
| 134|0x000000008a200000, 0x000000008a200000, 0x000000008a300000|  0%| F|  |TAMS 0x000000008a200000, 0x000000008a200000| Untracked 
| 135|0x000000008a300000, 0x000000008a300000, 0x000000008a400000|  0%| F|  |TAMS 0x000000008a300000, 0x000000008a300000| Untracked 
| 136|0x000000008a400000, 0x000000008a400000, 0x000000008a500000|  0%| F|  |TAMS 0x000000008a400000, 0x000000008a400000| Untracked 
| 137|0x000000008a500000, 0x000000008a500000, 0x000000008a600000|  0%| F|  |TAMS 0x000000008a500000, 0x000000008a500000| Untracked 
| 138|0x000000008a600000, 0x000000008a600000, 0x000000008a700000|  0%| F|  |TAMS 0x000000008a600000, 0x000000008a600000| Untracked 
| 139|0x000000008a700000, 0x000000008a700000, 0x000000008a800000|  0%| F|  |TAMS 0x000000008a700000, 0x000000008a700000| Untracked 
| 140|0x000000008a800000, 0x000000008a800000, 0x000000008a900000|  0%| F|  |TAMS 0x000000008a800000, 0x000000008a800000| Untracked 
| 141|0x000000008a900000, 0x000000008a900000, 0x000000008aa00000|  0%| F|  |TAMS 0x000000008a900000, 0x000000008a900000| Untracked 
| 142|0x000000008aa00000, 0x000000008aa00000, 0x000000008ab00000|  0%| F|  |TAMS 0x000000008aa00000, 0x000000008aa00000| Untracked 
| 143|0x000000008ab00000, 0x000000008ab00000, 0x000000008ac00000|  0%| F|  |TAMS 0x000000008ab00000, 0x000000008ab00000| Untracked 
| 144|0x000000008ac00000, 0x000000008ac00000, 0x000000008ad00000|  0%| F|  |TAMS 0x000000008ac00000, 0x000000008ac00000| Untracked 
| 145|0x000000008ad00000, 0x000000008ad00000, 0x000000008ae00000|  0%| F|  |TAMS 0x000000008ad00000, 0x000000008ad00000| Untracked 
| 146|0x000000008ae00000, 0x000000008ae00000, 0x000000008af00000|  0%| F|  |TAMS 0x000000008ae00000, 0x000000008ae00000| Untracked 
| 147|0x000000008af00000, 0x000000008af00000, 0x000000008b000000|  0%| F|  |TAMS 0x000000008af00000, 0x000000008af00000| Untracked 
| 148|0x000000008b000000, 0x000000008b000000, 0x000000008b100000|  0%| F|  |TAMS 0x000000008b000000, 0x000000008b000000| Untracked 
| 149|0x000000008b100000, 0x000000008b100000, 0x000000008b200000|  0%| F|  |TAMS 0x000000008b100000, 0x000000008b100000| Untracked 
| 150|0x000000008b200000, 0x000000008b200000, 0x000000008b300000|  0%| F|  |TAMS 0x000000008b200000, 0x000000008b200000| Untracked 
| 151|0x000000008b300000, 0x000000008b300000, 0x000000008b400000|  0%| F|  |TAMS 0x000000008b300000, 0x000000008b300000| Untracked 
| 152|0x000000008b400000, 0x000000008b400000, 0x000000008b500000|  0%| F|  |TAMS 0x000000008b400000, 0x000000008b400000| Untracked 
| 153|0x000000008b500000, 0x000000008b500000, 0x000000008b600000|  0%| F|  |TAMS 0x000000008b500000, 0x000000008b500000| Untracked 
| 154|0x000000008b600000, 0x000000008b600000, 0x000000008b700000|  0%| F|  |TAMS 0x000000008b600000, 0x000000008b600000| Untracked 
| 155|0x000000008b700000, 0x000000008b700000, 0x000000008b800000|  0%| F|  |TAMS 0x000000008b700000, 0x000000008b700000| Untracked 
| 156|0x000000008b800000, 0x000000008b800000, 0x000000008b900000|  0%| F|  |TAMS 0x000000008b800000, 0x000000008b800000| Untracked 

Card table byte_map: [0x0000019bc85d0000,0x0000019bc89d0000] _byte_map_base: 0x0000019bc81c2000

Marking Bits (Prev, Next): (CMBitMap*) 0x0000019bb5a1e960, (CMBitMap*) 0x0000019bb5a1e920
 Prev Bits: [0x0000019bcad60000, 0x0000019bcccf0000)
 Next Bits: [0x0000019bc8dd0000, 0x0000019bcad60000)

Polling page: 0x0000019bb5190000

Metaspace:

Usage:
  Non-class:     57.49 MB used.
      Class:      7.37 MB used.
       Both:     64.87 MB used.

Virtual space:
  Non-class space:       64.00 MB reserved,      57.69 MB ( 90%) committed,  1 nodes.
      Class space:        1.00 GB reserved,       7.50 MB ( <1%) committed,  1 nodes.
             Both:        1.06 GB reserved,      65.19 MB (  6%) committed. 

Chunk freelists:
   Non-Class:  5.43 MB
       Class:  8.46 MB
        Both:  13.89 MB

MaxMetaspaceSize: unlimited
CompressedClassSpaceSize: 1.00 GB
Initial GC threshold: 21.00 MB
Current GC threshold: 65.25 MB
CDS: off
MetaspaceReclaimPolicy: balanced
 - commit_granule_bytes: 65536.
 - commit_granule_words: 8192.
 - virtual_space_node_default_size: 8388608.
 - enlarge_chunks_in_place: 1.
 - new_chunks_are_fully_committed: 0.
 - uncommit_free_chunks: 1.
 - use_allocation_guard: 0.
 - handle_deallocations: 1.


Internal statistics:

num_allocs_failed_limit: 3.
num_arena_births: 338.
num_arena_deaths: 0.
num_vsnodes_births: 2.
num_vsnodes_deaths: 0.
num_space_committed: 1041.
num_space_uncommitted: 0.
num_chunks_returned_to_freelist: 3.
num_chunks_taken_from_freelist: 2469.
num_chunk_merges: 3.
num_chunk_splits: 1918.
num_chunks_enlarged: 1632.
num_inconsistent_stats: 0.

CodeHeap 'non-profiled nmethods': size=120000Kb used=5038Kb max_used=5038Kb free=114961Kb
 bounds [0x0000019bc0970000, 0x0000019bc0e60000, 0x0000019bc7ea0000]
CodeHeap 'profiled nmethods': size=120000Kb used=26335Kb max_used=26335Kb free=93664Kb
 bounds [0x0000019bb8ea0000, 0x0000019bba860000, 0x0000019bc03d0000]
CodeHeap 'non-nmethods': size=5760Kb used=1316Kb max_used=1412Kb free=4443Kb
 bounds [0x0000019bc03d0000, 0x0000019bc0640000, 0x0000019bc0970000]
 total_blobs=9610 nmethods=8981 adapters=539
 compilation: enabled
              stopped_count=0, restarted_count=0
 full_count=0

Compilation events (20 events):
Event: 7.700 Thread 0x0000019bcfc743a0 10524       4       org.jetbrains.kotlin.com.intellij.lang.impl.PsiBuilderImpl$StartMarker::drop (12 bytes)
Event: 7.702 Thread 0x0000019bcf8f7930 10612       3       org.jetbrains.kotlin.resolve.constants.evaluate.ConstantExpressionEvaluator$Companion::isComplexBooleanConstant (94 bytes)
Event: 7.703 Thread 0x0000019bcf8f7930 nmethod 10612 0x0000019bba84f790 code [0x0000019bba84fc20, 0x0000019bba851bd8]
Event: 7.704 Thread 0x0000019bcf8f7930 10614       3       org.jetbrains.kotlin.descriptors.impl.TypeParameterDescriptorImpl::resolveUpperBounds (18 bytes)
Event: 7.704 Thread 0x0000019bcf8f7930 nmethod 10614 0x0000019bba852590 code [0x0000019bba852740, 0x0000019bba8528f8]
Event: 7.704 Thread 0x0000019bcf8f7930 10615       3       org.jetbrains.kotlin.descriptors.impl.TypeParameterDescriptorImpl::checkInitialized (38 bytes)
Event: 7.705 Thread 0x0000019bcf8f7930 nmethod 10615 0x0000019bba852a10 code [0x0000019bba852d80, 0x0000019bba853fd8]
Event: 7.705 Thread 0x0000019bcf8f7930 10616       3       org.jetbrains.kotlin.contracts.EffectsExtractingVisitor::toComputation (107 bytes)
Event: 7.706 Thread 0x0000019bcf8f7930 nmethod 10616 0x0000019bba854610 code [0x0000019bba8549c0, 0x0000019bba856558]
Event: 7.710 Thread 0x0000019bcfc743a0 nmethod 10524 0x0000019bc0e59410 code [0x0000019bc0e59640, 0x0000019bc0e5a2a0]
Event: 7.710 Thread 0x0000019bcfc743a0 10611       4       org.jetbrains.kotlin.resolve.lazy.LazyImportScope::getParent (8 bytes)
Event: 7.711 Thread 0x0000019bcfc743a0 nmethod 10611 0x0000019bc0e5aa10 code [0x0000019bc0e5ab80, 0x0000019bc0e5ac58]
Event: 7.711 Thread 0x0000019bcfc743a0 10613       4       org.jetbrains.kotlin.utils.SmartList::add (149 bytes)
Event: 7.711 Thread 0x0000019bcf8f7930 10618       3       org.jetbrains.kotlin.types.AbstractTypeApproximator::isApproximateDirectionToSuper (89 bytes)
Event: 7.712 Thread 0x0000019bcf8f7930 nmethod 10618 0x0000019bba856c10 code [0x0000019bba856e80, 0x0000019bba857808]
Event: 7.715 Thread 0x0000019bcf8f7930 10620       3       org.jetbrains.kotlin.resolve.calls.components.CompletionModeCalculator$CalculatorForNestedCall$computeDirections$1::invoke (9 bytes)
Event: 7.716 Thread 0x0000019bcfc743a0 nmethod 10613 0x0000019bc0e5ad10 code [0x0000019bc0e5aea0, 0x0000019bc0e5b658]
Event: 7.716 Thread 0x0000019bcfc743a0 10617       4       org.jetbrains.kotlin.types.AbstractTypeChecker::isSubtypeOf (46 bytes)
Event: 7.716 Thread 0x0000019bcf8f7930 nmethod 10620 0x0000019bba857b90 code [0x0000019bba857ea0, 0x0000019bba858e28]
Event: 7.716 Thread 0x0000019bcf8f7930 10621       3       org.jetbrains.kotlin.resolve.calls.components.CompletionModeCalculator$CalculatorForNestedCall$computeDirections$1::invoke (30 bytes)

GC Heap History (20 events):
Event: 1.478 GC heap after
{Heap after GC invocations=9 (full 0):
 garbage-first heap   total 86016K, used 27074K [0x0000000081c00000, 0x0000000100000000)
  region size 1024K, 2 young (2048K), 2 survivors (2048K)
 Metaspace       used 32133K, committed 32384K, reserved 1114112K
  class space    used 3918K, committed 4032K, reserved 1048576K
}
Event: 1.625 GC heap before
{Heap before GC invocations=9 (full 0):
 garbage-first heap   total 86016K, used 58818K [0x0000000081c00000, 0x0000000100000000)
  region size 1024K, 30 young (30720K), 2 survivors (2048K)
 Metaspace       used 32264K, committed 32640K, reserved 1114112K
  class space    used 3923K, committed 4096K, reserved 1048576K
}
Event: 1.640 GC heap after
{Heap after GC invocations=10 (full 0):
 garbage-first heap   total 86016K, used 31882K [0x0000000081c00000, 0x0000000100000000)
  region size 1024K, 4 young (4096K), 4 survivors (4096K)
 Metaspace       used 32264K, committed 32640K, reserved 1114112K
  class space    used 3923K, committed 4096K, reserved 1048576K
}
Event: 1.931 GC heap before
{Heap before GC invocations=10 (full 0):
 garbage-first heap   total 86016K, used 56458K [0x0000000081c00000, 0x0000000100000000)
  region size 1024K, 28 young (28672K), 4 survivors (4096K)
 Metaspace       used 35272K, committed 35520K, reserved 1114112K
  class space    used 4421K, committed 4544K, reserved 1048576K
}
Event: 1.940 GC heap after
{Heap after GC invocations=11 (full 0):
 garbage-first heap   total 86016K, used 32633K [0x0000000081c00000, 0x0000000100000000)
  region size 1024K, 4 young (4096K), 4 survivors (4096K)
 Metaspace       used 35272K, committed 35520K, reserved 1114112K
  class space    used 4421K, committed 4544K, reserved 1048576K
}
Event: 2.282 GC heap before
{Heap before GC invocations=11 (full 0):
 garbage-first heap   total 86016K, used 62329K [0x0000000081c00000, 0x0000000100000000)
  region size 1024K, 25 young (25600K), 4 survivors (4096K)
 Metaspace       used 39538K, committed 39872K, reserved 1114112K
  class space    used 4892K, committed 5056K, reserved 1048576K
}
Event: 2.291 GC heap after
{Heap after GC invocations=12 (full 0):
 garbage-first heap   total 86016K, used 46799K [0x0000000081c00000, 0x0000000100000000)
  region size 1024K, 4 young (4096K), 4 survivors (4096K)
 Metaspace       used 39538K, committed 39872K, reserved 1114112K
  class space    used 4892K, committed 5056K, reserved 1048576K
}
Event: 2.510 GC heap before
{Heap before GC invocations=13 (full 0):
 garbage-first heap   total 86016K, used 66255K [0x0000000081c00000, 0x0000000100000000)
  region size 1024K, 22 young (22528K), 4 survivors (4096K)
 Metaspace       used 43181K, committed 43456K, reserved 1114112K
  class space    used 5263K, committed 5376K, reserved 1048576K
}
Event: 2.516 GC heap after
{Heap after GC invocations=14 (full 0):
 garbage-first heap   total 86016K, used 50176K [0x0000000081c00000, 0x0000000100000000)
  region size 1024K, 2 young (2048K), 2 survivors (2048K)
 Metaspace       used 43181K, committed 43456K, reserved 1114112K
  class space    used 5263K, committed 5376K, reserved 1048576K
}
Event: 2.534 GC heap before
{Heap before GC invocations=14 (full 0):
 garbage-first heap   total 86016K, used 51200K [0x0000000081c00000, 0x0000000100000000)
  region size 1024K, 4 young (4096K), 2 survivors (2048K)
 Metaspace       used 43593K, committed 43904K, reserved 1114112K
  class space    used 5285K, committed 5440K, reserved 1048576K
}
Event: 2.538 GC heap after
{Heap after GC invocations=15 (full 0):
 garbage-first heap   total 160768K, used 50283K [0x0000000081c00000, 0x0000000100000000)
  region size 1024K, 1 young (1024K), 1 survivors (1024K)
 Metaspace       used 43593K, committed 43904K, reserved 1114112K
  class space    used 5285K, committed 5440K, reserved 1048576K
}
Event: 3.149 GC heap before
{Heap before GC invocations=15 (full 0):
 garbage-first heap   total 160768K, used 107627K [0x0000000081c00000, 0x0000000100000000)
  region size 1024K, 56 young (57344K), 1 survivors (1024K)
 Metaspace       used 50791K, committed 51072K, reserved 1114112K
  class space    used 6100K, committed 6208K, reserved 1048576K
}
Event: 3.158 GC heap after
{Heap after GC invocations=16 (full 0):
 garbage-first heap   total 160768K, used 55152K [0x0000000081c00000, 0x0000000100000000)
  region size 1024K, 6 young (6144K), 6 survivors (6144K)
 Metaspace       used 50791K, committed 51072K, reserved 1114112K
  class space    used 6100K, committed 6208K, reserved 1048576K
}
Event: 4.057 GC heap before
{Heap before GC invocations=16 (full 0):
 garbage-first heap   total 160768K, used 113520K [0x0000000081c00000, 0x0000000100000000)
  region size 1024K, 63 young (64512K), 6 survivors (6144K)
 Metaspace       used 58412K, committed 58688K, reserved 1114112K
  class space    used 6921K, committed 7040K, reserved 1048576K
}
Event: 4.069 GC heap after
{Heap after GC invocations=17 (full 0):
 garbage-first heap   total 160768K, used 61327K [0x0000000081c00000, 0x0000000100000000)
  region size 1024K, 8 young (8192K), 8 survivors (8192K)
 Metaspace       used 58412K, committed 58688K, reserved 1114112K
  class space    used 6921K, committed 7040K, reserved 1048576K
}
Event: 5.278 GC heap before
{Heap before GC invocations=17 (full 0):
 garbage-first heap   total 160768K, used 117647K [0x0000000081c00000, 0x0000000100000000)
  region size 1024K, 63 young (64512K), 8 survivors (8192K)
 Metaspace       used 62715K, committed 62976K, reserved 1114112K
  class space    used 7310K, committed 7424K, reserved 1048576K
}
Event: 5.290 GC heap after
{Heap after GC invocations=18 (full 0):
 garbage-first heap   total 160768K, used 66826K [0x0000000081c00000, 0x0000000100000000)
  region size 1024K, 6 young (6144K), 6 survivors (6144K)
 Metaspace       used 62715K, committed 62976K, reserved 1114112K
  class space    used 7310K, committed 7424K, reserved 1048576K
}
Event: 6.459 GC heap before
{Heap before GC invocations=18 (full 0):
 garbage-first heap   total 160768K, used 123146K [0x0000000081c00000, 0x0000000100000000)
  region size 1024K, 60 young (61440K), 6 survivors (6144K)
 Metaspace       used 65157K, committed 65472K, reserved 1114112K
  class space    used 7487K, committed 7616K, reserved 1048576K
}
Event: 6.474 GC heap after
{Heap after GC invocations=19 (full 0):
 garbage-first heap   total 160768K, used 73435K [0x0000000081c00000, 0x0000000100000000)
  region size 1024K, 7 young (7168K), 7 survivors (7168K)
 Metaspace       used 65157K, committed 65472K, reserved 1114112K
  class space    used 7487K, committed 7616K, reserved 1048576K
}
Event: 7.717 GC heap before
{Heap before GC invocations=19 (full 0):
 garbage-first heap   total 160768K, used 124635K [0x0000000081c00000, 0x0000000100000000)
  region size 1024K, 57 young (58368K), 7 survivors (7168K)
 Metaspace       used 66422K, committed 66752K, reserved 1114112K
  class space    used 7550K, committed 7680K, reserved 1048576K
}

Dll operation events (2 events):
Event: 0.005 Loaded shared library C:\Program Files\Android\Android Studio\jbr\bin\java.dll
Event: 0.762 Loaded shared library C:\Program Files\Android\Android Studio\jbr\bin\verify.dll

Deoptimization events (20 events):
Event: 7.517 Thread 0x0000019bb59c43a0 DEOPT PACKING pc=0x0000019bc0dad58c sp=0x00000047b20f6300
Event: 7.517 Thread 0x0000019bb59c43a0 DEOPT UNPACKING pc=0x0000019bc04269a3 sp=0x00000047b20f62d8 mode 2
Event: 7.534 Thread 0x0000019bb59c43a0 Uncommon trap: trap_request=0xffffff45 fr.pc=0x0000019bc0e23ccc relative=0x0000000000005ecc
Event: 7.534 Thread 0x0000019bb59c43a0 Uncommon trap: reason=unstable_if action=reinterpret pc=0x0000019bc0e23ccc method=org.jetbrains.kotlin.types.TypeSubstitutor.unsafeSubstitute(Lorg/jetbrains/kotlin/types/TypeProjection;Lorg/jetbrains/kotlin/descriptors/TypeParameterDescriptor;I)Lorg/jetbr
Event: 7.534 Thread 0x0000019bb59c43a0 DEOPT PACKING pc=0x0000019bc0e23ccc sp=0x00000047b20fae00
Event: 7.534 Thread 0x0000019bb59c43a0 DEOPT UNPACKING pc=0x0000019bc04269a3 sp=0x00000047b20fae28 mode 2
Event: 7.548 Thread 0x0000019bb59c43a0 Uncommon trap: trap_request=0xffffff45 fr.pc=0x0000019bc0a7a0b4 relative=0x0000000000000094
Event: 7.548 Thread 0x0000019bb59c43a0 Uncommon trap: reason=unstable_if action=reinterpret pc=0x0000019bc0a7a0b4 method=org.jetbrains.kotlin.types.typeUtil.TypeUtilsKt.isStubType(Lorg/jetbrains/kotlin/types/KotlinType;)Z @ 10 c2
Event: 7.548 Thread 0x0000019bb59c43a0 DEOPT PACKING pc=0x0000019bc0a7a0b4 sp=0x00000047b20f8df0
Event: 7.548 Thread 0x0000019bb59c43a0 DEOPT UNPACKING pc=0x0000019bc04269a3 sp=0x00000047b20f8cf8 mode 2
Event: 7.548 Thread 0x0000019bb59c43a0 Uncommon trap: trap_request=0xffffff45 fr.pc=0x0000019bc0a7a8f8 relative=0x0000000000000058
Event: 7.548 Thread 0x0000019bb59c43a0 Uncommon trap: reason=unstable_if action=reinterpret pc=0x0000019bc0a7a8f8 method=org.jetbrains.kotlin.types.typeUtil.TypeUtilsKt.isStubType(Lorg/jetbrains/kotlin/types/KotlinType;)Z @ 10 c2
Event: 7.548 Thread 0x0000019bb59c43a0 DEOPT PACKING pc=0x0000019bc0a7a8f8 sp=0x00000047b20f8ec0
Event: 7.548 Thread 0x0000019bb59c43a0 DEOPT UNPACKING pc=0x0000019bc04269a3 sp=0x00000047b20f8e50 mode 2
Event: 7.578 Thread 0x0000019bb59c43a0 Uncommon trap: trap_request=0xffffffde fr.pc=0x0000019bc0ad87d4 relative=0x0000000000000894
Event: 7.578 Thread 0x0000019bb59c43a0 Uncommon trap: reason=class_check action=maybe_recompile pc=0x0000019bc0ad87d4 method=kotlin.collections.CollectionsKt__MutableCollectionsKt.addAll(Ljava/util/Collection;Ljava/lang/Iterable;)Z @ 49 c2
Event: 7.578 Thread 0x0000019bb59c43a0 DEOPT PACKING pc=0x0000019bc0ad87d4 sp=0x00000047b20f6610
Event: 7.578 Thread 0x0000019bb59c43a0 DEOPT UNPACKING pc=0x0000019bc04269a3 sp=0x00000047b20f6608 mode 2
Event: 7.582 Thread 0x0000019bb59c43a0 DEOPT PACKING pc=0x0000019bb98bf6f0 sp=0x00000047b20f3a10
Event: 7.582 Thread 0x0000019bb59c43a0 DEOPT UNPACKING pc=0x0000019bc0427143 sp=0x00000047b20f2ee8 mode 0

Classes unloaded (0 events):
No events

Classes redefined (0 events):
No events

Internal exceptions (20 events):
Event: 3.873 Thread 0x0000019bb59c43a0 Exception <a 'java/lang/NoSuchMethodError'{0x0000000088866230}: 'java.lang.Object java.lang.invoke.DirectMethodHandle$Holder.newInvokeSpecial(java.lang.Object, int, java.lang.Object)'> (0x0000000088866230) 
thrown [s\src\hotspot\share\interpreter\linkResolver.cpp, line 771]
Event: 3.874 Thread 0x0000019bb59c43a0 Exception <a 'java/lang/NoSuchMethodError'{0x000000008886cb28}: 'int java.lang.invoke.DirectMethodHandle$Holder.invokeInterface(java.lang.Object, java.lang.Object)'> (0x000000008886cb28) 
thrown [s\src\hotspot\share\interpreter\linkResolver.cpp, line 771]
Event: 3.875 Thread 0x0000019bb59c43a0 Implicit null exception at 0x0000019bc0b2ab6f to 0x0000019bc0b2ad6c
Event: 3.875 Thread 0x0000019bb59c43a0 Implicit null exception at 0x0000019bc09bda6f to 0x0000019bc09bdc54
Event: 4.415 Thread 0x0000019bb59c43a0 Exception <a 'java/lang/NoSuchMethodError'{0x000000008a0217b0}: 'java.lang.Object java.lang.invoke.DirectMethodHandle$Holder.newInvokeSpecial(java.lang.Object, java.lang.Object, java.lang.Object, java.lang.Object, java.lang.Object, java.lang.Object)'> (0x000000008a0217b0) 
thrown [s\src\hotspot\share\interpreter\linkResolver.cpp, line 771]
Event: 4.557 Thread 0x0000019bb59c43a0 Implicit null exception at 0x0000019bc0ac3300 to 0x0000019bc0ac488c
Event: 4.582 Thread 0x0000019bb59c43a0 Implicit null exception at 0x0000019bc0adce00 to 0x0000019bc0add18d
Event: 4.900 Thread 0x0000019bb59c43a0 Exception <a 'java/lang/NoSuchMethodError'{0x0000000088fc9b80}: 'java.lang.Object java.lang.invoke.DirectMethodHandle$Holder.newInvokeSpecial(java.lang.Object, java.lang.Object, java.lang.Object, java.lang.Object, java.lang.Object, java.lang.Object, java.lang.Object)'> (0x0000000088fc9b80) 
thrown [s\src\hotspot\share\interpreter\linkResolver.cpp, line 771]
Event: 4.900 Thread 0x0000019bb59c43a0 Exception <a 'java/lang/NoSuchMethodError'{0x0000000088fce738}: 'java.lang.Object java.lang.invoke.Invokers$Holder.linkToTargetMethod(java.lang.Object, java.lang.Object, java.lang.Object, java.lang.Object, java.lang.Object, java.lang.Object, java.lang.Object)'> (0x0000000088fce738) 
thrown [s\src\hotspot\share\interpreter\linkResolver.cpp, line 771]
Event: 5.232 Thread 0x0000019bb59c43a0 Exception <a 'java/lang/NoSuchMethodError'{0x0000000088358330}: 'java.lang.Object java.lang.invoke.DirectMethodHandle$Holder.newInvokeSpecial(java.lang.Object, int, java.lang.Object, java.lang.Object)'> (0x0000000088358330) 
thrown [s\src\hotspot\share\interpreter\linkResolver.cpp, line 771]
Event: 5.245 Thread 0x0000019bb59c43a0 Exception <a 'java/lang/NoSuchMethodError'{0x000000008839df18}: 'java.lang.Object java.lang.invoke.DirectMethodHandle$Holder.invokeInterface(java.lang.Object, java.lang.Object, java.lang.Object)'> (0x000000008839df18) 
thrown [s\src\hotspot\share\interpreter\linkResolver.cpp, line 771]
Event: 5.245 Thread 0x0000019bb59c43a0 Exception <a 'java/lang/IncompatibleClassChangeError'{0x00000000883a1b30}: Found class java.lang.Object, but interface was expected> (0x00000000883a1b30) 
thrown [s\src\hotspot\share\interpreter\linkResolver.cpp, line 838]
Event: 5.273 Thread 0x0000019bb59c43a0 Implicit null exception at 0x0000019bc09dcaef to 0x0000019bc09dcd30
Event: 5.294 Thread 0x0000019bb59c43a0 Exception <a 'java/lang/NoSuchMethodError'{0x000000008b822be8}: 'java.lang.Object java.lang.invoke.DirectMethodHandle$Holder.invokeStatic(java.lang.Object, int, java.lang.Object)'> (0x000000008b822be8) 
thrown [s\src\hotspot\share\interpreter\linkResolver.cpp, line 771]
Event: 5.648 Thread 0x0000019bb59c43a0 Exception <a 'java/lang/NoSuchMethodError'{0x000000008a98b0f0}: 'int java.lang.invoke.DirectMethodHandle$Holder.invokeStaticInit(java.lang.Object, int)'> (0x000000008a98b0f0) 
thrown [s\src\hotspot\share\interpreter\linkResolver.cpp, line 771]
Event: 6.650 Thread 0x0000019bb59c43a0 Implicit null exception at 0x0000019bc0de6b17 to 0x0000019bc0de9998
Event: 6.679 Thread 0x0000019bb59c43a0 Implicit null exception at 0x0000019bc0ce27f7 to 0x0000019bc0ce5750
Event: 6.683 Thread 0x0000019bb59c43a0 Implicit null exception at 0x0000019bc0d28af5 to 0x0000019bc0d29248
Event: 6.688 Thread 0x0000019bb59c43a0 Implicit null exception at 0x0000019bc0cf8072 to 0x0000019bc0cf87a4
Event: 7.496 Thread 0x0000019bb59c43a0 Exception <a 'java/lang/NoSuchMethodError'{0x00000000891c4d68}: 'void java.lang.invoke.DirectMethodHandle$Holder.invokeStatic(java.lang.Object, java.lang.Object, java.lang.Object)'> (0x00000000891c4d68) 
thrown [s\src\hotspot\share\interpreter\linkResolver.cpp, line 771]

VM Operations (20 events):
Event: 6.706 Executing VM operation: ICBufferFull done
Event: 6.867 Executing VM operation: ICBufferFull
Event: 6.867 Executing VM operation: ICBufferFull done
Event: 6.877 Executing VM operation: HandshakeAllThreads
Event: 6.877 Executing VM operation: HandshakeAllThreads done
Event: 6.995 Executing VM operation: ICBufferFull
Event: 6.995 Executing VM operation: ICBufferFull done
Event: 7.135 Executing VM operation: ICBufferFull
Event: 7.135 Executing VM operation: ICBufferFull done
Event: 7.308 Executing VM operation: ICBufferFull
Event: 7.308 Executing VM operation: ICBufferFull done
Event: 7.480 Executing VM operation: ICBufferFull
Event: 7.480 Executing VM operation: ICBufferFull done
Event: 7.502 Executing VM operation: HandshakeAllThreads
Event: 7.502 Executing VM operation: HandshakeAllThreads done
Event: 7.503 Executing VM operation: HandshakeAllThreads
Event: 7.503 Executing VM operation: HandshakeAllThreads done
Event: 7.616 Executing VM operation: ICBufferFull
Event: 7.616 Executing VM operation: ICBufferFull done
Event: 7.717 Executing VM operation: G1CollectForAllocation

Events (20 events):
Event: 6.894 Thread 0x0000019bcf8f8230 flushing nmethod 0x0000019bba2c7c10
Event: 6.894 Thread 0x0000019bcf8f8230 flushing nmethod 0x0000019bba2e1290
Event: 6.894 Thread 0x0000019bcf8f8230 flushing nmethod 0x0000019bba2fbc90
Event: 6.894 Thread 0x0000019bcf8f8230 flushing nmethod 0x0000019bba329190
Event: 6.894 Thread 0x0000019bcf8f8230 flushing nmethod 0x0000019bba329e10
Event: 6.894 Thread 0x0000019bcf8f8230 flushing nmethod 0x0000019bba32b690
Event: 6.894 Thread 0x0000019bcf8f8230 flushing nmethod 0x0000019bba32e090
Event: 6.894 Thread 0x0000019bcf8f8230 flushing nmethod 0x0000019bba32fe90
Event: 6.894 Thread 0x0000019bcf8f8230 flushing nmethod 0x0000019bba340910
Event: 6.895 Thread 0x0000019bcf8f8230 flushing nmethod 0x0000019bba34ae10
Event: 6.895 Thread 0x0000019bcf8f8230 flushing nmethod 0x0000019bba351490
Event: 6.895 Thread 0x0000019bcf8f8230 flushing nmethod 0x0000019bba35d810
Event: 6.895 Thread 0x0000019bcf8f8230 flushing nmethod 0x0000019bba35ef90
Event: 6.895 Thread 0x0000019bcf8f8230 flushing nmethod 0x0000019bba434f90
Event: 6.896 Thread 0x0000019bcf8f8230 flushing nmethod 0x0000019bba4e9310
Event: 6.896 Thread 0x0000019bcf8f8230 flushing nmethod 0x0000019bba4ef290
Event: 6.896 Thread 0x0000019bcf8f8230 flushing nmethod 0x0000019bba4f9e10
Event: 6.896 Thread 0x0000019bcf8f8230 flushing nmethod 0x0000019bba502610
Event: 6.896 Thread 0x0000019bcf8f8230 flushing nmethod 0x0000019bba528390
Event: 6.897 Thread 0x0000019bcf8f8230 flushing nmethod 0x0000019bba59a010


Dynamic libraries:
0x00007ff79f0e0000 - 0x00007ff79f0ea000 	C:\Program Files\Android\Android Studio\jbr\bin\java.exe
0x00007ffa94570000 - 0x00007ffa94768000 	C:\Windows\SYSTEM32\ntdll.dll
0x00007ffa92f70000 - 0x00007ffa9302d000 	C:\Windows\System32\KERNEL32.DLL
0x00007ffa91fe0000 - 0x00007ffa922d6000 	C:\Windows\System32\KERNELBASE.dll
0x00007ffa91d90000 - 0x00007ffa91e90000 	C:\Windows\System32\ucrtbase.dll
0x00007ffa6c080000 - 0x00007ffa6c097000 	C:\Program Files\Android\Android Studio\jbr\bin\jli.dll
0x00007ffa6bf90000 - 0x00007ffa6bfab000 	C:\Program Files\Android\Android Studio\jbr\bin\VCRUNTIME140.dll
0x00007ffa94120000 - 0x00007ffa942be000 	C:\Windows\System32\USER32.dll
0x00007ffa799d0000 - 0x00007ffa79c6a000 	C:\Windows\WinSxS\amd64_microsoft.windows.common-controls_6595b64144ccf1df_6.0.19041.3636_none_60b6a03d71f818d5\COMCTL32.dll
0x00007ffa91fb0000 - 0x00007ffa91fd2000 	C:\Windows\System32\win32u.dll
0x00007ffa93570000 - 0x00007ffa9360e000 	C:\Windows\System32\msvcrt.dll
0x00007ffa93b30000 - 0x00007ffa93b5b000 	C:\Windows\System32\GDI32.dll
0x00007ffa91e90000 - 0x00007ffa91fa7000 	C:\Windows\System32\gdi32full.dll
0x00007ffa923f0000 - 0x00007ffa9248d000 	C:\Windows\System32\msvcp_win.dll
0x00007ffa92db0000 - 0x00007ffa92de2000 	C:\Windows\System32\IMM32.DLL
0x00007ffa7e620000 - 0x00007ffa7e62c000 	C:\Program Files\Android\Android Studio\jbr\bin\vcruntime140_1.dll
0x00007ffa6bf00000 - 0x00007ffa6bf8d000 	C:\Program Files\Android\Android Studio\jbr\bin\msvcp140.dll
0x00007ffa55310000 - 0x00007ffa55f90000 	C:\Program Files\Android\Android Studio\jbr\bin\server\jvm.dll
0x00007ffa94470000 - 0x00007ffa94523000 	C:\Windows\System32\ADVAPI32.dll
0x00007ffa92ed0000 - 0x00007ffa92f6f000 	C:\Windows\System32\sechost.dll
0x00007ffa93440000 - 0x00007ffa93566000 	C:\Windows\System32\RPCRT4.dll
0x00007ffa923c0000 - 0x00007ffa923e7000 	C:\Windows\System32\bcrypt.dll
0x00007ffa7f250000 - 0x00007ffa7f277000 	C:\Windows\SYSTEM32\WINMM.dll
0x00007ffa8b050000 - 0x00007ffa8b059000 	C:\Windows\SYSTEM32\WSOCK32.dll
0x00007ffa8a2d0000 - 0x00007ffa8a2da000 	C:\Windows\SYSTEM32\VERSION.dll
0x00007ffa93bf0000 - 0x00007ffa93c5b000 	C:\Windows\System32\WS2_32.dll
0x00007ffa904c0000 - 0x00007ffa904d2000 	C:\Windows\SYSTEM32\kernel.appcore.dll
0x00007ffa8b030000 - 0x00007ffa8b03a000 	C:\Program Files\Android\Android Studio\jbr\bin\jimage.dll
0x00007ffa90250000 - 0x00007ffa90434000 	C:\Windows\SYSTEM32\DBGHELP.DLL
0x00007ffa787c0000 - 0x00007ffa787f4000 	C:\Windows\SYSTEM32\dbgcore.DLL
0x00007ffa922e0000 - 0x00007ffa92362000 	C:\Windows\System32\bcryptPrimitives.dll
0x00007ffa75d90000 - 0x00007ffa75db5000 	C:\Program Files\Android\Android Studio\jbr\bin\java.dll
0x00007ffa75bc0000 - 0x00007ffa75bd8000 	C:\Program Files\Android\Android Studio\jbr\bin\zip.dll
0x00007ffa925b0000 - 0x00007ffa92cf5000 	C:\Windows\System32\SHELL32.dll
0x00007ffa8fab0000 - 0x00007ffa9024c000 	C:\Windows\SYSTEM32\windows.storage.dll
0x00007ffa93d20000 - 0x00007ffa94074000 	C:\Windows\System32\combase.dll
0x00007ffa91660000 - 0x00007ffa9168e000 	C:\Windows\SYSTEM32\Wldp.dll
0x00007ffa93030000 - 0x00007ffa930fd000 	C:\Windows\System32\OLEAUT32.dll
0x00007ffa93610000 - 0x00007ffa936bd000 	C:\Windows\System32\SHCORE.dll
0x00007ffa933e0000 - 0x00007ffa93435000 	C:\Windows\System32\shlwapi.dll
0x00007ffa91b60000 - 0x00007ffa91b85000 	C:\Windows\SYSTEM32\profapi.dll
0x00007ffa6c110000 - 0x00007ffa6c129000 	C:\Program Files\Android\Android Studio\jbr\bin\net.dll
0x00007ffa88c30000 - 0x00007ffa88d3a000 	C:\Windows\SYSTEM32\WINHTTP.dll
0x00007ffa913c0000 - 0x00007ffa9142a000 	C:\Windows\system32\mswsock.dll
0x00007ffa6c0a0000 - 0x00007ffa6c0b6000 	C:\Program Files\Android\Android Studio\jbr\bin\nio.dll
0x00007ffa80f60000 - 0x00007ffa80f70000 	C:\Program Files\Android\Android Studio\jbr\bin\verify.dll

dbghelp: loaded successfully - version: 4.0.5 - missing functions: none
symbol engine: initialized successfully - sym options: 0x614 - pdb path: .;C:\Program Files\Android\Android Studio\jbr\bin;C:\Windows\SYSTEM32;C:\Windows\WinSxS\amd64_microsoft.windows.common-controls_6595b64144ccf1df_6.0.19041.3636_none_60b6a03d71f818d5;C:\Program Files\Android\Android Studio\jbr\bin\server

VM Arguments:
java_command: org.jetbrains.kotlin.cli.jvm.K2JVMCompiler @C:\Users\ali\Panda\node_modules\@react-native\gradle-plugin\build\20240304_3144058868911947851.compiler.options
java_class_path (initial): C:\Users\ali\.gradle\caches\modules-2\files-2.1\org.jetbrains.kotlin\kotlin-compiler-embeddable\1.8.0\eb9118d4bcceaa2a94b2ae2a33a4ddba7c9a947f\kotlin-compiler-embeddable-1.8.0.jar;C:\Users\ali\.gradle\caches\modules-2\files-2.1\org.jetbrains.kotlin\kotlin-stdlib\1.8.0\1796921c7a3e2e2665a83e6c8d33399336cd39bc\kotlin-stdlib-1.8.0.jar;C:\Users\ali\.gradle\caches\modules-2\files-2.1\org.jetbrains.kotlin\kotlin-script-runtime\1.8.0\b2f7e760d283cb339974851c222a4c1d48f2d3d\kotlin-script-runtime-1.8.0.jar;C:\Users\ali\.gradle\caches\modules-2\files-2.1\org.jetbrains.kotlin\kotlin-reflect\1.6.10\1cbe9c92c12a94eea200d23c2bbaedaf3daf5132\kotlin-reflect-1.6.10.jar;C:\Users\ali\.gradle\caches\modules-2\files-2.1\org.jetbrains.kotlin\kotlin-daemon-embeddable\1.8.0\d255216c551685dc3a7e852b53617f5f01aaaa5c\kotlin-daemon-embeddable-1.8.0.jar;C:\Users\ali\.gradle\caches\modules-2\files-2.1\org.jetbrains.intellij.deps\trove4j\1.0.20200330\3afb14d5f9ceb459d724e907a21145e8ff394f02\trove4j-1.0.20200330.jar;C:\Users\ali\.gradle\caches\modules-2\files-2.1\net.java.dev.jna\jna\5.6.0\330f2244e9030119ab3030fc3fededc86713d9cc\jna-5.6.0.jar;C:\Users\ali\.gradle\caches\modules-2\files-2.1\org.jetbrains.kotlin\kotlin-stdlib-common\1.8.0\f7197e7cc76453ac59f8b0f8d5137cc600becd36\kotlin-stdlib-common-1.8.0.jar;C:\Users\ali\.gradle\caches\modules-2\files-2.1\org.jetbrains\annotations\13.0\919f0dfe192fb4e063e7dacadee7f8bb9a2672a9\annotations-13.0.jar
Launcher Type: SUN_STANDARD

[Global flags]
     intx CICompilerCount                          = 4                                         {product} {ergonomic}
     uint ConcGCThreads                            = 2                                         {product} {ergonomic}
     uint G1ConcRefinementThreads                  = 8                                         {product} {ergonomic}
   size_t G1HeapRegionSize                         = 1048576                                   {product} {ergonomic}
    uintx GCDrainStackTargetSize                   = 64                                        {product} {ergonomic}
   size_t InitialHeapSize                          = 134217728                                 {product} {ergonomic}
   size_t MarkStackSize                            = 4194304                                   {product} {ergonomic}
   size_t MaxHeapSize                              = 2118123520                                {product} {ergonomic}
   size_t MaxNewSize                               = 1270874112                                {product} {ergonomic}
   size_t MinHeapDeltaBytes                        = 1048576                                   {product} {ergonomic}
   size_t MinHeapSize                              = 8388608                                   {product} {ergonomic}
    uintx NonNMethodCodeHeapSize                   = 5839372                                {pd product} {ergonomic}
    uintx NonProfiledCodeHeapSize                  = 122909434                              {pd product} {ergonomic}
    uintx ProfiledCodeHeapSize                     = 122909434                              {pd product} {ergonomic}
    uintx ReservedCodeCacheSize                    = 251658240                              {pd product} {ergonomic}
     bool SegmentedCodeCache                       = true                                      {product} {ergonomic}
   size_t SoftMaxHeapSize                          = 2118123520                             {manageable} {ergonomic}
     bool UseCompressedClassPointers               = true                           {product lp64_product} {ergonomic}
     bool UseCompressedOops                        = true                           {product lp64_product} {ergonomic}
     bool UseG1GC                                  = true                                      {product} {ergonomic}
     bool UseLargePagesIndividualAllocation        = false                                  {pd product} {ergonomic}

Logging:
Log output configuration:
 #0: stdout all=warning uptime,level,tags
 #1: stderr all=off uptime,level,tags

Environment Variables:
JAVA_HOME=C:\Program Files\Java\jdk-17
PATH=C:\Program Files\Common Files\Oracle\Java\javapath;C:\Program Files (x86)\Common Files\Oracle\Java\javapath;C:\Python312\Scripts\;C:\Python312\;C:\Windows\system32;C:\Windows;C:\Windows\System32\Wbem;C:\Windows\System32\WindowsPowerShell\v1.0\;C:\Windows\System32\OpenSSH\;C:\Program Files\nodejs\;C:\ProgramData\chocolatey\bin;C:\Program Files\dotnet\;C:\Program Files\Git\cmd;%JAVA_HOME%\bin;C:\Users\ali\AppData\Local\Microsoft\WindowsApps;C:\Users\ali\AppData\Local\Programs\Microsoft VS Code\bin;C:\Program Files\JetBrains\IntelliJ IDEA 2023.3.2\bin;;C:\Users\ali\AppData\Roaming\npm;C:\Users\ali\AppData\Local\Android\Sdk\platform-tools;C:\Users\ali\.dotnet\tools;C:\Users\ali\AppData\Local\GitHubDesktop\bin;C:\Users\ali\AppData\Local\Android\Sdk\platform-tools;
USERNAME=ali
OS=Windows_NT
PROCESSOR_IDENTIFIER=Intel64 Family 6 Model 158 Stepping 10, GenuineIntel
TMP=C:\Users\ali\AppData\Local\Temp
TEMP=C:\Users\ali\AppData\Local\Temp


JNI global refs:
JNI global refs: 14, weak refs: 9

JNI global refs memory usage: 843, weak refs: 841

OOME stack traces (most recent first):
Classloader memory used:
Loader jdk.internal.loader.ClassLoaders$AppClassLoader                                 : 6492K
Loader bootstrap                                                                       : 1654K
Loader java.net.URLClassLoader                                                         : 60777B
Loader jdk.internal.jrtfs.JrtFileSystemProvider$JrtFsLoader                            : 42532B
Loader jdk.internal.loader.ClassLoaders$PlatformClassLoader                            : 34360B
Loader jdk.internal.reflect.DelegatingClassLoader                                      : 21511B

Classes loaded by more than one classloader:
Class jdk.internal.jimage.BasicImageReader$1                                          : loaded 2 times (x 75B)
Class jdk.internal.jimage.ImageBufferCache$1                                          : loaded 2 times (x 78B)
Class jdk.internal.jimage.ImageBufferCache$2                                          : loaded 2 times (x 89B)
Class jdk.internal.jimage.ImageReader$SharedImageReader                               : loaded 2 times (x 93B)
Class jdk.internal.jimage.decompressor.ZipDecompressorFactory                         : loaded 2 times (x 72B)
Class jdk.internal.jimage.ImageHeader                                                 : loaded 2 times (x 69B)
Class jdk.internal.jimage.decompressor.StringSharingDecompressorFactory               : loaded 2 times (x 72B)
Class jdk.internal.jimage.BasicImageReader                                            : loaded 2 times (x 93B)
Class jdk.internal.jimage.ImageLocation                                               : loaded 2 times (x 88B)
Class jdk.internal.jimage.ImageReader$Node                                            : loaded 2 times (x 82B)
Class jdk.internal.jimage.decompressor.CompressedResourceHeader                       : loaded 2 times (x 69B)
Class jdk.internal.jrtfs.JrtPath                                                      : loaded 2 times (x 116B)
Class jdk.internal.jimage.ImageStrings                                                : loaded 2 times (x 68B)
Class jdk.internal.jimage.decompressor.ResourceDecompressorRepository                 : loaded 2 times (x 69B)
Class jdk.internal.jimage.decompressor.ResourceDecompressor$StringsProvider           : loaded 2 times (x 68B)
Class jdk.internal.jimage.decompressor.Decompressor                                   : loaded 2 times (x 70B)
Class jdk.internal.jrtfs.JrtFileSystem                                                : loaded 2 times (x 100B)
Class jdk.internal.jrtfs.JrtFileSystemProvider                                        : loaded 2 times (x 97B)
Class jdk.internal.jimage.decompressor.ResourceDecompressor                           : loaded 2 times (x 68B)
Class jdk.internal.jimage.ImageStringsReader                                          : loaded 2 times (x 78B)
Class jdk.internal.jimage.decompressor.ResourceDecompressorFactory                    : loaded 2 times (x 72B)
Class jdk.internal.jimage.decompressor.ZipDecompressor                                : loaded 2 times (x 73B)
Class jdk.internal.jimage.ImageReader                                                 : loaded 2 times (x 73B)
Class jdk.internal.jimage.ImageBufferCache                                            : loaded 2 times (x 69B)
Class jdk.internal.jimage.ImageReader$Directory                                       : loaded 2 times (x 82B)


---------------  S Y S T E M  ---------------

OS:
 Windows 10 , 64 bit Build 19041 (10.0.19041.3636)
OS uptime: 0 days 23:09 hours

CPU: total 8 (initial active 8) (4 cores per cpu, 2 threads per core) family 6 model 158 stepping 10 microcode 0xf0, cx8, cmov, fxsr, ht, mmx, 3dnowpref, sse, sse2, sse3, ssse3, sse4.1, sse4.2, popcnt, lzcnt, tsc, tscinvbit, avx, avx2, aes, erms, clmul, bmi1, bmi2, adx, fma, vzeroupper, clflush, clflushopt

Memory: 4k page, system-wide physical 8073M (844M free)
TotalPageFile size 12169M (AvailPageFile size 54M)
current process WorkingSet (physical memory assigned to process): 364M, peak: 375M
current process commit charge ("private bytes"): 412M, peak: 512M

vm_info: OpenJDK 64-Bit Server VM (17.0.7+0-b2043.56-10550314) for windows-amd64 JRE (17.0.7+0-b2043.56-10550314), built on Jul 24 2023 18:27:45 by "androidbuild" with MS VC++ 16.10 / 16.11 (VS2019)

END.
